[2025-01-29T15:04:01.551+0000] {processor.py:161} INFO - Started process (PID=44227) to work on /opt/airflow/dags/lotuss_2.py
[2025-01-29T15:04:01.551+0000] {processor.py:830} INFO - Processing file /opt/airflow/dags/lotuss_2.py for tasks to queue
[2025-01-29T15:04:01.552+0000] {logging_mixin.py:188} INFO - [2025-01-29T15:04:01.552+0000] {dagbag.py:540} INFO - Filling up the DagBag from /opt/airflow/dags/lotuss_2.py
[2025-01-29T15:04:01.689+0000] {processor.py:840} INFO - DAG(s) 'lotuss_2' retrieved from /opt/airflow/dags/lotuss_2.py
[2025-01-29T15:04:01.744+0000] {logging_mixin.py:188} INFO - [2025-01-29T15:04:01.744+0000] {override.py:1829} INFO - Created Permission View: can edit on DAG:lotuss_2
[2025-01-29T15:04:01.748+0000] {logging_mixin.py:188} INFO - [2025-01-29T15:04:01.748+0000] {override.py:1829} INFO - Created Permission View: can delete on DAG:lotuss_2
[2025-01-29T15:04:01.750+0000] {logging_mixin.py:188} INFO - [2025-01-29T15:04:01.750+0000] {override.py:1829} INFO - Created Permission View: can read on DAG:lotuss_2
[2025-01-29T15:04:01.750+0000] {logging_mixin.py:188} INFO - [2025-01-29T15:04:01.750+0000] {dag.py:3096} INFO - Sync 1 DAGs
[2025-01-29T15:04:01.756+0000] {logging_mixin.py:188} INFO - [2025-01-29T15:04:01.756+0000] {dag.py:3118} INFO - Creating ORM DAG for lotuss_2
[2025-01-29T15:04:01.756+0000] {logging_mixin.py:188} INFO - [2025-01-29T15:04:01.756+0000] {dag.py:3954} INFO - Setting next_dagrun for lotuss_2 to None, run_after=None
[2025-01-29T15:04:01.763+0000] {processor.py:183} INFO - Processing /opt/airflow/dags/lotuss_2.py took 0.215 seconds
[2025-01-29T15:04:31.818+0000] {processor.py:161} INFO - Started process (PID=44369) to work on /opt/airflow/dags/lotuss_2.py
[2025-01-29T15:04:31.818+0000] {processor.py:830} INFO - Processing file /opt/airflow/dags/lotuss_2.py for tasks to queue
[2025-01-29T15:04:31.819+0000] {logging_mixin.py:188} INFO - [2025-01-29T15:04:31.819+0000] {dagbag.py:540} INFO - Filling up the DagBag from /opt/airflow/dags/lotuss_2.py
[2025-01-29T15:04:31.948+0000] {processor.py:840} INFO - DAG(s) 'lotuss_2' retrieved from /opt/airflow/dags/lotuss_2.py
[2025-01-29T15:04:31.962+0000] {logging_mixin.py:188} INFO - [2025-01-29T15:04:31.962+0000] {dag.py:3096} INFO - Sync 1 DAGs
[2025-01-29T15:04:31.970+0000] {logging_mixin.py:188} INFO - [2025-01-29T15:04:31.970+0000] {dag.py:3954} INFO - Setting next_dagrun for lotuss_2 to None, run_after=None
[2025-01-29T15:04:31.979+0000] {processor.py:183} INFO - Processing /opt/airflow/dags/lotuss_2.py took 0.165 seconds
[2025-01-29T15:05:02.080+0000] {processor.py:161} INFO - Started process (PID=44518) to work on /opt/airflow/dags/lotuss_2.py
[2025-01-29T15:05:02.081+0000] {processor.py:830} INFO - Processing file /opt/airflow/dags/lotuss_2.py for tasks to queue
[2025-01-29T15:05:02.082+0000] {logging_mixin.py:188} INFO - [2025-01-29T15:05:02.082+0000] {dagbag.py:540} INFO - Filling up the DagBag from /opt/airflow/dags/lotuss_2.py
[2025-01-29T15:05:02.211+0000] {processor.py:840} INFO - DAG(s) 'lotuss_2' retrieved from /opt/airflow/dags/lotuss_2.py
[2025-01-29T15:05:02.226+0000] {logging_mixin.py:188} INFO - [2025-01-29T15:05:02.226+0000] {dag.py:3096} INFO - Sync 1 DAGs
[2025-01-29T15:05:02.233+0000] {logging_mixin.py:188} INFO - [2025-01-29T15:05:02.233+0000] {dag.py:3954} INFO - Setting next_dagrun for lotuss_2 to None, run_after=None
[2025-01-29T15:05:02.242+0000] {processor.py:183} INFO - Processing /opt/airflow/dags/lotuss_2.py took 0.165 seconds
[2025-01-29T15:05:32.459+0000] {processor.py:161} INFO - Started process (PID=44667) to work on /opt/airflow/dags/lotuss_2.py
[2025-01-29T15:05:32.460+0000] {processor.py:830} INFO - Processing file /opt/airflow/dags/lotuss_2.py for tasks to queue
[2025-01-29T15:05:32.461+0000] {logging_mixin.py:188} INFO - [2025-01-29T15:05:32.461+0000] {dagbag.py:540} INFO - Filling up the DagBag from /opt/airflow/dags/lotuss_2.py
[2025-01-29T15:05:32.590+0000] {processor.py:840} INFO - DAG(s) 'lotuss_2' retrieved from /opt/airflow/dags/lotuss_2.py
[2025-01-29T15:05:32.606+0000] {logging_mixin.py:188} INFO - [2025-01-29T15:05:32.606+0000] {dag.py:3096} INFO - Sync 1 DAGs
[2025-01-29T15:05:32.613+0000] {logging_mixin.py:188} INFO - [2025-01-29T15:05:32.613+0000] {dag.py:3954} INFO - Setting next_dagrun for lotuss_2 to None, run_after=None
[2025-01-29T15:05:32.623+0000] {processor.py:183} INFO - Processing /opt/airflow/dags/lotuss_2.py took 0.168 seconds
[2025-01-29T15:06:02.922+0000] {processor.py:161} INFO - Started process (PID=44810) to work on /opt/airflow/dags/lotuss_2.py
[2025-01-29T15:06:02.922+0000] {processor.py:830} INFO - Processing file /opt/airflow/dags/lotuss_2.py for tasks to queue
[2025-01-29T15:06:02.923+0000] {logging_mixin.py:188} INFO - [2025-01-29T15:06:02.923+0000] {dagbag.py:540} INFO - Filling up the DagBag from /opt/airflow/dags/lotuss_2.py
[2025-01-29T15:06:03.051+0000] {processor.py:840} INFO - DAG(s) 'lotuss_2' retrieved from /opt/airflow/dags/lotuss_2.py
[2025-01-29T15:06:03.065+0000] {logging_mixin.py:188} INFO - [2025-01-29T15:06:03.065+0000] {dag.py:3096} INFO - Sync 1 DAGs
[2025-01-29T15:06:03.072+0000] {logging_mixin.py:188} INFO - [2025-01-29T15:06:03.072+0000] {dag.py:3954} INFO - Setting next_dagrun for lotuss_2 to None, run_after=None
[2025-01-29T15:06:03.080+0000] {processor.py:183} INFO - Processing /opt/airflow/dags/lotuss_2.py took 0.162 seconds
[2025-01-29T15:06:33.358+0000] {processor.py:161} INFO - Started process (PID=44959) to work on /opt/airflow/dags/lotuss_2.py
[2025-01-29T15:06:33.358+0000] {processor.py:830} INFO - Processing file /opt/airflow/dags/lotuss_2.py for tasks to queue
[2025-01-29T15:06:33.359+0000] {logging_mixin.py:188} INFO - [2025-01-29T15:06:33.359+0000] {dagbag.py:540} INFO - Filling up the DagBag from /opt/airflow/dags/lotuss_2.py
[2025-01-29T15:06:33.486+0000] {processor.py:840} INFO - DAG(s) 'lotuss_2' retrieved from /opt/airflow/dags/lotuss_2.py
[2025-01-29T15:06:33.499+0000] {logging_mixin.py:188} INFO - [2025-01-29T15:06:33.499+0000] {dag.py:3096} INFO - Sync 1 DAGs
[2025-01-29T15:06:33.504+0000] {logging_mixin.py:188} INFO - [2025-01-29T15:06:33.504+0000] {dag.py:3954} INFO - Setting next_dagrun for lotuss_2 to None, run_after=None
[2025-01-29T15:06:33.513+0000] {processor.py:183} INFO - Processing /opt/airflow/dags/lotuss_2.py took 0.159 seconds
[2025-01-29T15:07:03.797+0000] {processor.py:161} INFO - Started process (PID=45108) to work on /opt/airflow/dags/lotuss_2.py
[2025-01-29T15:07:03.797+0000] {processor.py:830} INFO - Processing file /opt/airflow/dags/lotuss_2.py for tasks to queue
[2025-01-29T15:07:03.798+0000] {logging_mixin.py:188} INFO - [2025-01-29T15:07:03.798+0000] {dagbag.py:540} INFO - Filling up the DagBag from /opt/airflow/dags/lotuss_2.py
[2025-01-29T15:07:03.927+0000] {processor.py:840} INFO - DAG(s) 'lotuss_2' retrieved from /opt/airflow/dags/lotuss_2.py
[2025-01-29T15:07:03.941+0000] {logging_mixin.py:188} INFO - [2025-01-29T15:07:03.941+0000] {dag.py:3096} INFO - Sync 1 DAGs
[2025-01-29T15:07:03.947+0000] {logging_mixin.py:188} INFO - [2025-01-29T15:07:03.947+0000] {dag.py:3954} INFO - Setting next_dagrun for lotuss_2 to None, run_after=None
[2025-01-29T15:07:03.955+0000] {processor.py:183} INFO - Processing /opt/airflow/dags/lotuss_2.py took 0.161 seconds
[2025-01-29T15:07:23.189+0000] {processor.py:161} INFO - Started process (PID=45150) to work on /opt/airflow/dags/lotuss_2.py
[2025-01-29T15:07:23.190+0000] {processor.py:830} INFO - Processing file /opt/airflow/dags/lotuss_2.py for tasks to queue
[2025-01-29T15:07:23.191+0000] {logging_mixin.py:188} INFO - [2025-01-29T15:07:23.191+0000] {dagbag.py:540} INFO - Filling up the DagBag from /opt/airflow/dags/lotuss_2.py
[2025-01-29T15:07:23.325+0000] {processor.py:840} INFO - DAG(s) 'lotuss_2' retrieved from /opt/airflow/dags/lotuss_2.py
[2025-01-29T15:07:23.477+0000] {logging_mixin.py:188} INFO - [2025-01-29T15:07:23.476+0000] {dag.py:3096} INFO - Sync 1 DAGs
[2025-01-29T15:07:23.481+0000] {logging_mixin.py:188} INFO - [2025-01-29T15:07:23.481+0000] {dag.py:3954} INFO - Setting next_dagrun for lotuss_2 to None, run_after=None
[2025-01-29T15:07:23.490+0000] {processor.py:183} INFO - Processing /opt/airflow/dags/lotuss_2.py took 0.305 seconds
[2025-01-29T15:07:53.600+0000] {processor.py:161} INFO - Started process (PID=45301) to work on /opt/airflow/dags/lotuss_2.py
[2025-01-29T15:07:53.601+0000] {processor.py:830} INFO - Processing file /opt/airflow/dags/lotuss_2.py for tasks to queue
[2025-01-29T15:07:53.601+0000] {logging_mixin.py:188} INFO - [2025-01-29T15:07:53.601+0000] {dagbag.py:540} INFO - Filling up the DagBag from /opt/airflow/dags/lotuss_2.py
[2025-01-29T15:07:53.738+0000] {processor.py:840} INFO - DAG(s) 'lotuss_2' retrieved from /opt/airflow/dags/lotuss_2.py
[2025-01-29T15:07:53.751+0000] {logging_mixin.py:188} INFO - [2025-01-29T15:07:53.750+0000] {dag.py:3096} INFO - Sync 1 DAGs
[2025-01-29T15:07:53.758+0000] {logging_mixin.py:188} INFO - [2025-01-29T15:07:53.757+0000] {dag.py:3954} INFO - Setting next_dagrun for lotuss_2 to None, run_after=None
[2025-01-29T15:07:53.851+0000] {processor.py:183} INFO - Processing /opt/airflow/dags/lotuss_2.py took 0.255 seconds
[2025-01-29T15:08:24.020+0000] {processor.py:161} INFO - Started process (PID=45450) to work on /opt/airflow/dags/lotuss_2.py
[2025-01-29T15:08:24.020+0000] {processor.py:830} INFO - Processing file /opt/airflow/dags/lotuss_2.py for tasks to queue
[2025-01-29T15:08:24.021+0000] {logging_mixin.py:188} INFO - [2025-01-29T15:08:24.021+0000] {dagbag.py:540} INFO - Filling up the DagBag from /opt/airflow/dags/lotuss_2.py
[2025-01-29T15:08:24.153+0000] {processor.py:840} INFO - DAG(s) 'lotuss_2' retrieved from /opt/airflow/dags/lotuss_2.py
[2025-01-29T15:08:24.168+0000] {logging_mixin.py:188} INFO - [2025-01-29T15:08:24.167+0000] {dag.py:3096} INFO - Sync 1 DAGs
[2025-01-29T15:08:24.173+0000] {logging_mixin.py:188} INFO - [2025-01-29T15:08:24.173+0000] {dag.py:3954} INFO - Setting next_dagrun for lotuss_2 to None, run_after=None
[2025-01-29T15:08:24.181+0000] {processor.py:183} INFO - Processing /opt/airflow/dags/lotuss_2.py took 0.164 seconds
