[2025-01-30T13:09:44.922+0000] {processor.py:161} INFO - Started process (PID=172) to work on /opt/airflow/dags/lotuss_2.py
[2025-01-30T13:09:44.923+0000] {processor.py:830} INFO - Processing file /opt/airflow/dags/lotuss_2.py for tasks to queue
[2025-01-30T13:09:44.924+0000] {logging_mixin.py:188} INFO - [2025-01-30T13:09:44.924+0000] {dagbag.py:540} INFO - Filling up the DagBag from /opt/airflow/dags/lotuss_2.py
[2025-01-30T13:09:45.125+0000] {processor.py:840} INFO - DAG(s) 'lotuss_2' retrieved from /opt/airflow/dags/lotuss_2.py
[2025-01-30T13:09:45.149+0000] {logging_mixin.py:188} INFO - [2025-01-30T13:09:45.148+0000] {dag.py:3096} INFO - Sync 1 DAGs
[2025-01-30T13:09:45.156+0000] {logging_mixin.py:188} INFO - [2025-01-30T13:09:45.156+0000] {dag.py:3954} INFO - Setting next_dagrun for lotuss_2 to None, run_after=None
[2025-01-30T13:09:45.166+0000] {processor.py:183} INFO - Processing /opt/airflow/dags/lotuss_2.py took 0.247 seconds
[2025-01-30T13:10:16.063+0000] {processor.py:161} INFO - Started process (PID=321) to work on /opt/airflow/dags/lotuss_2.py
[2025-01-30T13:10:16.063+0000] {processor.py:830} INFO - Processing file /opt/airflow/dags/lotuss_2.py for tasks to queue
[2025-01-30T13:10:16.064+0000] {logging_mixin.py:188} INFO - [2025-01-30T13:10:16.064+0000] {dagbag.py:540} INFO - Filling up the DagBag from /opt/airflow/dags/lotuss_2.py
[2025-01-30T13:10:16.202+0000] {processor.py:840} INFO - DAG(s) 'lotuss_2' retrieved from /opt/airflow/dags/lotuss_2.py
[2025-01-30T13:10:16.254+0000] {logging_mixin.py:188} INFO - [2025-01-30T13:10:16.254+0000] {dag.py:3096} INFO - Sync 1 DAGs
[2025-01-30T13:10:16.259+0000] {logging_mixin.py:188} INFO - [2025-01-30T13:10:16.259+0000] {dag.py:3954} INFO - Setting next_dagrun for lotuss_2 to None, run_after=None
[2025-01-30T13:10:16.266+0000] {processor.py:183} INFO - Processing /opt/airflow/dags/lotuss_2.py took 0.207 seconds
[2025-01-30T13:10:46.289+0000] {processor.py:161} INFO - Started process (PID=463) to work on /opt/airflow/dags/lotuss_2.py
[2025-01-30T13:10:46.290+0000] {processor.py:830} INFO - Processing file /opt/airflow/dags/lotuss_2.py for tasks to queue
[2025-01-30T13:10:46.291+0000] {logging_mixin.py:188} INFO - [2025-01-30T13:10:46.291+0000] {dagbag.py:540} INFO - Filling up the DagBag from /opt/airflow/dags/lotuss_2.py
[2025-01-30T13:10:46.418+0000] {processor.py:840} INFO - DAG(s) 'lotuss_2' retrieved from /opt/airflow/dags/lotuss_2.py
[2025-01-30T13:10:46.432+0000] {logging_mixin.py:188} INFO - [2025-01-30T13:10:46.432+0000] {dag.py:3096} INFO - Sync 1 DAGs
[2025-01-30T13:10:46.438+0000] {logging_mixin.py:188} INFO - [2025-01-30T13:10:46.438+0000] {dag.py:3954} INFO - Setting next_dagrun for lotuss_2 to None, run_after=None
[2025-01-30T13:10:46.447+0000] {processor.py:183} INFO - Processing /opt/airflow/dags/lotuss_2.py took 0.161 seconds
[2025-01-30T13:11:16.499+0000] {processor.py:161} INFO - Started process (PID=612) to work on /opt/airflow/dags/lotuss_2.py
[2025-01-30T13:11:16.500+0000] {processor.py:830} INFO - Processing file /opt/airflow/dags/lotuss_2.py for tasks to queue
[2025-01-30T13:11:16.500+0000] {logging_mixin.py:188} INFO - [2025-01-30T13:11:16.500+0000] {dagbag.py:540} INFO - Filling up the DagBag from /opt/airflow/dags/lotuss_2.py
[2025-01-30T13:11:16.624+0000] {processor.py:840} INFO - DAG(s) 'lotuss_2' retrieved from /opt/airflow/dags/lotuss_2.py
[2025-01-30T13:11:16.637+0000] {logging_mixin.py:188} INFO - [2025-01-30T13:11:16.637+0000] {dag.py:3096} INFO - Sync 1 DAGs
[2025-01-30T13:11:16.643+0000] {logging_mixin.py:188} INFO - [2025-01-30T13:11:16.643+0000] {dag.py:3954} INFO - Setting next_dagrun for lotuss_2 to None, run_after=None
[2025-01-30T13:11:16.651+0000] {processor.py:183} INFO - Processing /opt/airflow/dags/lotuss_2.py took 0.156 seconds
[2025-01-30T13:11:47.360+0000] {processor.py:161} INFO - Started process (PID=761) to work on /opt/airflow/dags/lotuss_2.py
[2025-01-30T13:11:47.361+0000] {processor.py:830} INFO - Processing file /opt/airflow/dags/lotuss_2.py for tasks to queue
[2025-01-30T13:11:47.362+0000] {logging_mixin.py:188} INFO - [2025-01-30T13:11:47.362+0000] {dagbag.py:540} INFO - Filling up the DagBag from /opt/airflow/dags/lotuss_2.py
[2025-01-30T13:11:47.492+0000] {processor.py:840} INFO - DAG(s) 'lotuss_2' retrieved from /opt/airflow/dags/lotuss_2.py
[2025-01-30T13:11:47.506+0000] {logging_mixin.py:188} INFO - [2025-01-30T13:11:47.506+0000] {dag.py:3096} INFO - Sync 1 DAGs
[2025-01-30T13:11:47.513+0000] {logging_mixin.py:188} INFO - [2025-01-30T13:11:47.513+0000] {dag.py:3954} INFO - Setting next_dagrun for lotuss_2 to None, run_after=None
[2025-01-30T13:11:47.521+0000] {processor.py:183} INFO - Processing /opt/airflow/dags/lotuss_2.py took 0.164 seconds
[2025-01-30T13:12:17.847+0000] {processor.py:161} INFO - Started process (PID=903) to work on /opt/airflow/dags/lotuss_2.py
[2025-01-30T13:12:17.848+0000] {processor.py:830} INFO - Processing file /opt/airflow/dags/lotuss_2.py for tasks to queue
[2025-01-30T13:12:17.849+0000] {logging_mixin.py:188} INFO - [2025-01-30T13:12:17.848+0000] {dagbag.py:540} INFO - Filling up the DagBag from /opt/airflow/dags/lotuss_2.py
[2025-01-30T13:12:17.976+0000] {processor.py:840} INFO - DAG(s) 'lotuss_2' retrieved from /opt/airflow/dags/lotuss_2.py
[2025-01-30T13:12:17.990+0000] {logging_mixin.py:188} INFO - [2025-01-30T13:12:17.990+0000] {dag.py:3096} INFO - Sync 1 DAGs
[2025-01-30T13:12:17.996+0000] {logging_mixin.py:188} INFO - [2025-01-30T13:12:17.996+0000] {dag.py:3954} INFO - Setting next_dagrun for lotuss_2 to None, run_after=None
[2025-01-30T13:12:18.089+0000] {processor.py:183} INFO - Processing /opt/airflow/dags/lotuss_2.py took 0.246 seconds
[2025-01-30T13:12:48.615+0000] {processor.py:161} INFO - Started process (PID=1052) to work on /opt/airflow/dags/lotuss_2.py
[2025-01-30T13:12:48.616+0000] {processor.py:830} INFO - Processing file /opt/airflow/dags/lotuss_2.py for tasks to queue
[2025-01-30T13:12:48.617+0000] {logging_mixin.py:188} INFO - [2025-01-30T13:12:48.617+0000] {dagbag.py:540} INFO - Filling up the DagBag from /opt/airflow/dags/lotuss_2.py
[2025-01-30T13:12:48.742+0000] {processor.py:840} INFO - DAG(s) 'lotuss_2' retrieved from /opt/airflow/dags/lotuss_2.py
[2025-01-30T13:12:48.841+0000] {logging_mixin.py:188} INFO - [2025-01-30T13:12:48.841+0000] {dag.py:3096} INFO - Sync 1 DAGs
[2025-01-30T13:12:48.847+0000] {logging_mixin.py:188} INFO - [2025-01-30T13:12:48.847+0000] {dag.py:3954} INFO - Setting next_dagrun for lotuss_2 to None, run_after=None
[2025-01-30T13:12:48.855+0000] {processor.py:183} INFO - Processing /opt/airflow/dags/lotuss_2.py took 0.243 seconds
[2025-01-30T13:13:19.430+0000] {processor.py:161} INFO - Started process (PID=1201) to work on /opt/airflow/dags/lotuss_2.py
[2025-01-30T13:13:19.431+0000] {processor.py:830} INFO - Processing file /opt/airflow/dags/lotuss_2.py for tasks to queue
[2025-01-30T13:13:19.432+0000] {logging_mixin.py:188} INFO - [2025-01-30T13:13:19.432+0000] {dagbag.py:540} INFO - Filling up the DagBag from /opt/airflow/dags/lotuss_2.py
[2025-01-30T13:13:19.639+0000] {processor.py:840} INFO - DAG(s) 'lotuss_2' retrieved from /opt/airflow/dags/lotuss_2.py
[2025-01-30T13:13:19.651+0000] {logging_mixin.py:188} INFO - [2025-01-30T13:13:19.650+0000] {dag.py:3096} INFO - Sync 1 DAGs
[2025-01-30T13:13:19.655+0000] {logging_mixin.py:188} INFO - [2025-01-30T13:13:19.655+0000] {dag.py:3954} INFO - Setting next_dagrun for lotuss_2 to None, run_after=None
[2025-01-30T13:13:19.663+0000] {processor.py:183} INFO - Processing /opt/airflow/dags/lotuss_2.py took 0.236 seconds
[2025-01-30T13:13:49.855+0000] {processor.py:161} INFO - Started process (PID=1343) to work on /opt/airflow/dags/lotuss_2.py
[2025-01-30T13:13:49.856+0000] {processor.py:830} INFO - Processing file /opt/airflow/dags/lotuss_2.py for tasks to queue
[2025-01-30T13:13:49.857+0000] {logging_mixin.py:188} INFO - [2025-01-30T13:13:49.857+0000] {dagbag.py:540} INFO - Filling up the DagBag from /opt/airflow/dags/lotuss_2.py
[2025-01-30T13:13:50.063+0000] {processor.py:840} INFO - DAG(s) 'lotuss_2' retrieved from /opt/airflow/dags/lotuss_2.py
[2025-01-30T13:13:50.074+0000] {logging_mixin.py:188} INFO - [2025-01-30T13:13:50.074+0000] {dag.py:3096} INFO - Sync 1 DAGs
[2025-01-30T13:13:50.080+0000] {logging_mixin.py:188} INFO - [2025-01-30T13:13:50.080+0000] {dag.py:3954} INFO - Setting next_dagrun for lotuss_2 to None, run_after=None
[2025-01-30T13:13:50.089+0000] {processor.py:183} INFO - Processing /opt/airflow/dags/lotuss_2.py took 0.237 seconds
[2025-01-30T13:14:20.246+0000] {processor.py:161} INFO - Started process (PID=1493) to work on /opt/airflow/dags/lotuss_2.py
[2025-01-30T13:14:20.247+0000] {processor.py:830} INFO - Processing file /opt/airflow/dags/lotuss_2.py for tasks to queue
[2025-01-30T13:14:20.248+0000] {logging_mixin.py:188} INFO - [2025-01-30T13:14:20.248+0000] {dagbag.py:540} INFO - Filling up the DagBag from /opt/airflow/dags/lotuss_2.py
[2025-01-30T13:14:20.456+0000] {processor.py:840} INFO - DAG(s) 'lotuss_2' retrieved from /opt/airflow/dags/lotuss_2.py
[2025-01-30T13:14:20.468+0000] {logging_mixin.py:188} INFO - [2025-01-30T13:14:20.468+0000] {dag.py:3096} INFO - Sync 1 DAGs
[2025-01-30T13:14:20.473+0000] {logging_mixin.py:188} INFO - [2025-01-30T13:14:20.473+0000] {dag.py:3954} INFO - Setting next_dagrun for lotuss_2 to None, run_after=None
[2025-01-30T13:14:20.480+0000] {processor.py:183} INFO - Processing /opt/airflow/dags/lotuss_2.py took 0.237 seconds
[2025-01-30T13:14:50.831+0000] {processor.py:161} INFO - Started process (PID=1642) to work on /opt/airflow/dags/lotuss_2.py
[2025-01-30T13:14:50.832+0000] {processor.py:830} INFO - Processing file /opt/airflow/dags/lotuss_2.py for tasks to queue
[2025-01-30T13:14:50.833+0000] {logging_mixin.py:188} INFO - [2025-01-30T13:14:50.833+0000] {dagbag.py:540} INFO - Filling up the DagBag from /opt/airflow/dags/lotuss_2.py
[2025-01-30T13:14:51.041+0000] {processor.py:840} INFO - DAG(s) 'lotuss_2' retrieved from /opt/airflow/dags/lotuss_2.py
[2025-01-30T13:14:51.052+0000] {logging_mixin.py:188} INFO - [2025-01-30T13:14:51.052+0000] {dag.py:3096} INFO - Sync 1 DAGs
[2025-01-30T13:14:51.058+0000] {logging_mixin.py:188} INFO - [2025-01-30T13:14:51.057+0000] {dag.py:3954} INFO - Setting next_dagrun for lotuss_2 to None, run_after=None
[2025-01-30T13:14:51.065+0000] {processor.py:183} INFO - Processing /opt/airflow/dags/lotuss_2.py took 0.238 seconds
[2025-01-30T13:15:21.338+0000] {processor.py:161} INFO - Started process (PID=1784) to work on /opt/airflow/dags/lotuss_2.py
[2025-01-30T13:15:21.339+0000] {processor.py:830} INFO - Processing file /opt/airflow/dags/lotuss_2.py for tasks to queue
[2025-01-30T13:15:21.340+0000] {logging_mixin.py:188} INFO - [2025-01-30T13:15:21.340+0000] {dagbag.py:540} INFO - Filling up the DagBag from /opt/airflow/dags/lotuss_2.py
[2025-01-30T13:15:21.553+0000] {processor.py:840} INFO - DAG(s) 'lotuss_2' retrieved from /opt/airflow/dags/lotuss_2.py
[2025-01-30T13:15:21.566+0000] {logging_mixin.py:188} INFO - [2025-01-30T13:15:21.565+0000] {dag.py:3096} INFO - Sync 1 DAGs
[2025-01-30T13:15:21.571+0000] {logging_mixin.py:188} INFO - [2025-01-30T13:15:21.571+0000] {dag.py:3954} INFO - Setting next_dagrun for lotuss_2 to None, run_after=None
[2025-01-30T13:15:21.579+0000] {processor.py:183} INFO - Processing /opt/airflow/dags/lotuss_2.py took 0.245 seconds
[2025-01-30T13:15:51.668+0000] {processor.py:161} INFO - Started process (PID=1933) to work on /opt/airflow/dags/lotuss_2.py
[2025-01-30T13:15:51.669+0000] {processor.py:830} INFO - Processing file /opt/airflow/dags/lotuss_2.py for tasks to queue
[2025-01-30T13:15:51.670+0000] {logging_mixin.py:188} INFO - [2025-01-30T13:15:51.670+0000] {dagbag.py:540} INFO - Filling up the DagBag from /opt/airflow/dags/lotuss_2.py
[2025-01-30T13:15:51.883+0000] {processor.py:840} INFO - DAG(s) 'lotuss_2' retrieved from /opt/airflow/dags/lotuss_2.py
[2025-01-30T13:15:51.896+0000] {logging_mixin.py:188} INFO - [2025-01-30T13:15:51.895+0000] {dag.py:3096} INFO - Sync 1 DAGs
[2025-01-30T13:15:51.901+0000] {logging_mixin.py:188} INFO - [2025-01-30T13:15:51.901+0000] {dag.py:3954} INFO - Setting next_dagrun for lotuss_2 to None, run_after=None
[2025-01-30T13:15:51.908+0000] {processor.py:183} INFO - Processing /opt/airflow/dags/lotuss_2.py took 0.243 seconds
[2025-01-30T13:16:22.723+0000] {processor.py:161} INFO - Started process (PID=2082) to work on /opt/airflow/dags/lotuss_2.py
[2025-01-30T13:16:22.725+0000] {processor.py:830} INFO - Processing file /opt/airflow/dags/lotuss_2.py for tasks to queue
[2025-01-30T13:16:22.725+0000] {logging_mixin.py:188} INFO - [2025-01-30T13:16:22.725+0000] {dagbag.py:540} INFO - Filling up the DagBag from /opt/airflow/dags/lotuss_2.py
[2025-01-30T13:16:22.851+0000] {processor.py:840} INFO - DAG(s) 'lotuss_2' retrieved from /opt/airflow/dags/lotuss_2.py
[2025-01-30T13:16:22.865+0000] {logging_mixin.py:188} INFO - [2025-01-30T13:16:22.865+0000] {dag.py:3096} INFO - Sync 1 DAGs
[2025-01-30T13:16:22.871+0000] {logging_mixin.py:188} INFO - [2025-01-30T13:16:22.871+0000] {dag.py:3954} INFO - Setting next_dagrun for lotuss_2 to None, run_after=None
[2025-01-30T13:16:22.880+0000] {processor.py:183} INFO - Processing /opt/airflow/dags/lotuss_2.py took 0.160 seconds
[2025-01-30T13:16:52.978+0000] {processor.py:161} INFO - Started process (PID=2224) to work on /opt/airflow/dags/lotuss_2.py
[2025-01-30T13:16:52.979+0000] {processor.py:830} INFO - Processing file /opt/airflow/dags/lotuss_2.py for tasks to queue
[2025-01-30T13:16:52.980+0000] {logging_mixin.py:188} INFO - [2025-01-30T13:16:52.979+0000] {dagbag.py:540} INFO - Filling up the DagBag from /opt/airflow/dags/lotuss_2.py
[2025-01-30T13:16:53.104+0000] {processor.py:840} INFO - DAG(s) 'lotuss_2' retrieved from /opt/airflow/dags/lotuss_2.py
[2025-01-30T13:16:53.118+0000] {logging_mixin.py:188} INFO - [2025-01-30T13:16:53.117+0000] {dag.py:3096} INFO - Sync 1 DAGs
[2025-01-30T13:16:53.124+0000] {logging_mixin.py:188} INFO - [2025-01-30T13:16:53.124+0000] {dag.py:3954} INFO - Setting next_dagrun for lotuss_2 to None, run_after=None
[2025-01-30T13:16:53.134+0000] {processor.py:183} INFO - Processing /opt/airflow/dags/lotuss_2.py took 0.158 seconds
[2025-01-30T13:17:23.263+0000] {processor.py:161} INFO - Started process (PID=2373) to work on /opt/airflow/dags/lotuss_2.py
[2025-01-30T13:17:23.263+0000] {processor.py:830} INFO - Processing file /opt/airflow/dags/lotuss_2.py for tasks to queue
[2025-01-30T13:17:23.264+0000] {logging_mixin.py:188} INFO - [2025-01-30T13:17:23.264+0000] {dagbag.py:540} INFO - Filling up the DagBag from /opt/airflow/dags/lotuss_2.py
[2025-01-30T13:17:23.388+0000] {processor.py:840} INFO - DAG(s) 'lotuss_2' retrieved from /opt/airflow/dags/lotuss_2.py
[2025-01-30T13:17:23.402+0000] {logging_mixin.py:188} INFO - [2025-01-30T13:17:23.402+0000] {dag.py:3096} INFO - Sync 1 DAGs
[2025-01-30T13:17:23.408+0000] {logging_mixin.py:188} INFO - [2025-01-30T13:17:23.408+0000] {dag.py:3954} INFO - Setting next_dagrun for lotuss_2 to None, run_after=None
[2025-01-30T13:17:23.418+0000] {processor.py:183} INFO - Processing /opt/airflow/dags/lotuss_2.py took 0.159 seconds
[2025-01-30T13:17:53.764+0000] {processor.py:161} INFO - Started process (PID=2522) to work on /opt/airflow/dags/lotuss_2.py
[2025-01-30T13:17:53.764+0000] {processor.py:830} INFO - Processing file /opt/airflow/dags/lotuss_2.py for tasks to queue
[2025-01-30T13:17:53.765+0000] {logging_mixin.py:188} INFO - [2025-01-30T13:17:53.765+0000] {dagbag.py:540} INFO - Filling up the DagBag from /opt/airflow/dags/lotuss_2.py
[2025-01-30T13:17:53.893+0000] {processor.py:840} INFO - DAG(s) 'lotuss_2' retrieved from /opt/airflow/dags/lotuss_2.py
[2025-01-30T13:17:53.907+0000] {logging_mixin.py:188} INFO - [2025-01-30T13:17:53.907+0000] {dag.py:3096} INFO - Sync 1 DAGs
[2025-01-30T13:17:53.913+0000] {logging_mixin.py:188} INFO - [2025-01-30T13:17:53.913+0000] {dag.py:3954} INFO - Setting next_dagrun for lotuss_2 to None, run_after=None
[2025-01-30T13:17:53.922+0000] {processor.py:183} INFO - Processing /opt/airflow/dags/lotuss_2.py took 0.162 seconds
[2025-01-30T13:18:24.094+0000] {processor.py:161} INFO - Started process (PID=2664) to work on /opt/airflow/dags/lotuss_2.py
[2025-01-30T13:18:24.095+0000] {processor.py:830} INFO - Processing file /opt/airflow/dags/lotuss_2.py for tasks to queue
[2025-01-30T13:18:24.096+0000] {logging_mixin.py:188} INFO - [2025-01-30T13:18:24.096+0000] {dagbag.py:540} INFO - Filling up the DagBag from /opt/airflow/dags/lotuss_2.py
[2025-01-30T13:18:24.223+0000] {processor.py:840} INFO - DAG(s) 'lotuss_2' retrieved from /opt/airflow/dags/lotuss_2.py
[2025-01-30T13:18:24.237+0000] {logging_mixin.py:188} INFO - [2025-01-30T13:18:24.237+0000] {dag.py:3096} INFO - Sync 1 DAGs
[2025-01-30T13:18:24.243+0000] {logging_mixin.py:188} INFO - [2025-01-30T13:18:24.243+0000] {dag.py:3954} INFO - Setting next_dagrun for lotuss_2 to None, run_after=None
[2025-01-30T13:18:24.253+0000] {processor.py:183} INFO - Processing /opt/airflow/dags/lotuss_2.py took 0.162 seconds
[2025-01-30T13:18:54.449+0000] {processor.py:161} INFO - Started process (PID=2813) to work on /opt/airflow/dags/lotuss_2.py
[2025-01-30T13:18:54.449+0000] {processor.py:830} INFO - Processing file /opt/airflow/dags/lotuss_2.py for tasks to queue
[2025-01-30T13:18:54.450+0000] {logging_mixin.py:188} INFO - [2025-01-30T13:18:54.450+0000] {dagbag.py:540} INFO - Filling up the DagBag from /opt/airflow/dags/lotuss_2.py
[2025-01-30T13:18:54.575+0000] {processor.py:840} INFO - DAG(s) 'lotuss_2' retrieved from /opt/airflow/dags/lotuss_2.py
[2025-01-30T13:18:54.590+0000] {logging_mixin.py:188} INFO - [2025-01-30T13:18:54.590+0000] {dag.py:3096} INFO - Sync 1 DAGs
[2025-01-30T13:18:54.596+0000] {logging_mixin.py:188} INFO - [2025-01-30T13:18:54.596+0000] {dag.py:3954} INFO - Setting next_dagrun for lotuss_2 to None, run_after=None
[2025-01-30T13:18:54.606+0000] {processor.py:183} INFO - Processing /opt/airflow/dags/lotuss_2.py took 0.161 seconds
[2025-01-30T13:19:24.891+0000] {processor.py:161} INFO - Started process (PID=2962) to work on /opt/airflow/dags/lotuss_2.py
[2025-01-30T13:19:24.892+0000] {processor.py:830} INFO - Processing file /opt/airflow/dags/lotuss_2.py for tasks to queue
[2025-01-30T13:19:24.893+0000] {logging_mixin.py:188} INFO - [2025-01-30T13:19:24.892+0000] {dagbag.py:540} INFO - Filling up the DagBag from /opt/airflow/dags/lotuss_2.py
[2025-01-30T13:19:25.017+0000] {processor.py:840} INFO - DAG(s) 'lotuss_2' retrieved from /opt/airflow/dags/lotuss_2.py
[2025-01-30T13:19:25.030+0000] {logging_mixin.py:188} INFO - [2025-01-30T13:19:25.030+0000] {dag.py:3096} INFO - Sync 1 DAGs
[2025-01-30T13:19:25.036+0000] {logging_mixin.py:188} INFO - [2025-01-30T13:19:25.036+0000] {dag.py:3954} INFO - Setting next_dagrun for lotuss_2 to None, run_after=None
[2025-01-30T13:19:25.044+0000] {processor.py:183} INFO - Processing /opt/airflow/dags/lotuss_2.py took 0.157 seconds
[2025-01-30T13:19:55.078+0000] {processor.py:161} INFO - Started process (PID=3104) to work on /opt/airflow/dags/lotuss_2.py
[2025-01-30T13:19:55.078+0000] {processor.py:830} INFO - Processing file /opt/airflow/dags/lotuss_2.py for tasks to queue
[2025-01-30T13:19:55.079+0000] {logging_mixin.py:188} INFO - [2025-01-30T13:19:55.079+0000] {dagbag.py:540} INFO - Filling up the DagBag from /opt/airflow/dags/lotuss_2.py
[2025-01-30T13:19:55.205+0000] {processor.py:840} INFO - DAG(s) 'lotuss_2' retrieved from /opt/airflow/dags/lotuss_2.py
[2025-01-30T13:19:55.218+0000] {logging_mixin.py:188} INFO - [2025-01-30T13:19:55.218+0000] {dag.py:3096} INFO - Sync 1 DAGs
[2025-01-30T13:19:55.224+0000] {logging_mixin.py:188} INFO - [2025-01-30T13:19:55.224+0000] {dag.py:3954} INFO - Setting next_dagrun for lotuss_2 to None, run_after=None
[2025-01-30T13:19:55.233+0000] {processor.py:183} INFO - Processing /opt/airflow/dags/lotuss_2.py took 0.159 seconds
[2025-01-30T13:20:25.616+0000] {processor.py:161} INFO - Started process (PID=3253) to work on /opt/airflow/dags/lotuss_2.py
[2025-01-30T13:20:25.617+0000] {processor.py:830} INFO - Processing file /opt/airflow/dags/lotuss_2.py for tasks to queue
[2025-01-30T13:20:25.618+0000] {logging_mixin.py:188} INFO - [2025-01-30T13:20:25.618+0000] {dagbag.py:540} INFO - Filling up the DagBag from /opt/airflow/dags/lotuss_2.py
[2025-01-30T13:20:25.744+0000] {processor.py:840} INFO - DAG(s) 'lotuss_2' retrieved from /opt/airflow/dags/lotuss_2.py
[2025-01-30T13:20:25.759+0000] {logging_mixin.py:188} INFO - [2025-01-30T13:20:25.758+0000] {dag.py:3096} INFO - Sync 1 DAGs
[2025-01-30T13:20:25.765+0000] {logging_mixin.py:188} INFO - [2025-01-30T13:20:25.764+0000] {dag.py:3954} INFO - Setting next_dagrun for lotuss_2 to None, run_after=None
[2025-01-30T13:20:25.773+0000] {processor.py:183} INFO - Processing /opt/airflow/dags/lotuss_2.py took 0.160 seconds
[2025-01-30T13:20:56.052+0000] {processor.py:161} INFO - Started process (PID=3402) to work on /opt/airflow/dags/lotuss_2.py
[2025-01-30T13:20:56.053+0000] {processor.py:830} INFO - Processing file /opt/airflow/dags/lotuss_2.py for tasks to queue
[2025-01-30T13:20:56.054+0000] {logging_mixin.py:188} INFO - [2025-01-30T13:20:56.054+0000] {dagbag.py:540} INFO - Filling up the DagBag from /opt/airflow/dags/lotuss_2.py
[2025-01-30T13:20:56.177+0000] {processor.py:840} INFO - DAG(s) 'lotuss_2' retrieved from /opt/airflow/dags/lotuss_2.py
[2025-01-30T13:20:56.191+0000] {logging_mixin.py:188} INFO - [2025-01-30T13:20:56.191+0000] {dag.py:3096} INFO - Sync 1 DAGs
[2025-01-30T13:20:56.197+0000] {logging_mixin.py:188} INFO - [2025-01-30T13:20:56.197+0000] {dag.py:3954} INFO - Setting next_dagrun for lotuss_2 to None, run_after=None
[2025-01-30T13:20:56.204+0000] {processor.py:183} INFO - Processing /opt/airflow/dags/lotuss_2.py took 0.156 seconds
[2025-01-30T13:21:26.443+0000] {processor.py:161} INFO - Started process (PID=3544) to work on /opt/airflow/dags/lotuss_2.py
[2025-01-30T13:21:26.444+0000] {processor.py:830} INFO - Processing file /opt/airflow/dags/lotuss_2.py for tasks to queue
[2025-01-30T13:21:26.445+0000] {logging_mixin.py:188} INFO - [2025-01-30T13:21:26.445+0000] {dagbag.py:540} INFO - Filling up the DagBag from /opt/airflow/dags/lotuss_2.py
[2025-01-30T13:21:26.569+0000] {processor.py:840} INFO - DAG(s) 'lotuss_2' retrieved from /opt/airflow/dags/lotuss_2.py
[2025-01-30T13:21:26.583+0000] {logging_mixin.py:188} INFO - [2025-01-30T13:21:26.583+0000] {dag.py:3096} INFO - Sync 1 DAGs
[2025-01-30T13:21:26.589+0000] {logging_mixin.py:188} INFO - [2025-01-30T13:21:26.589+0000] {dag.py:3954} INFO - Setting next_dagrun for lotuss_2 to None, run_after=None
[2025-01-30T13:21:26.681+0000] {processor.py:183} INFO - Processing /opt/airflow/dags/lotuss_2.py took 0.241 seconds
[2025-01-30T13:21:57.043+0000] {processor.py:161} INFO - Started process (PID=3693) to work on /opt/airflow/dags/lotuss_2.py
[2025-01-30T13:21:57.044+0000] {processor.py:830} INFO - Processing file /opt/airflow/dags/lotuss_2.py for tasks to queue
[2025-01-30T13:21:57.045+0000] {logging_mixin.py:188} INFO - [2025-01-30T13:21:57.045+0000] {dagbag.py:540} INFO - Filling up the DagBag from /opt/airflow/dags/lotuss_2.py
[2025-01-30T13:21:57.170+0000] {processor.py:840} INFO - DAG(s) 'lotuss_2' retrieved from /opt/airflow/dags/lotuss_2.py
[2025-01-30T13:21:57.266+0000] {logging_mixin.py:188} INFO - [2025-01-30T13:21:57.266+0000] {dag.py:3096} INFO - Sync 1 DAGs
[2025-01-30T13:21:57.272+0000] {logging_mixin.py:188} INFO - [2025-01-30T13:21:57.271+0000] {dag.py:3954} INFO - Setting next_dagrun for lotuss_2 to None, run_after=None
[2025-01-30T13:21:57.279+0000] {processor.py:183} INFO - Processing /opt/airflow/dags/lotuss_2.py took 0.240 seconds
[2025-01-30T13:22:27.460+0000] {processor.py:161} INFO - Started process (PID=3842) to work on /opt/airflow/dags/lotuss_2.py
[2025-01-30T13:22:27.460+0000] {processor.py:830} INFO - Processing file /opt/airflow/dags/lotuss_2.py for tasks to queue
[2025-01-30T13:22:27.461+0000] {logging_mixin.py:188} INFO - [2025-01-30T13:22:27.461+0000] {dagbag.py:540} INFO - Filling up the DagBag from /opt/airflow/dags/lotuss_2.py
[2025-01-30T13:22:27.668+0000] {processor.py:840} INFO - DAG(s) 'lotuss_2' retrieved from /opt/airflow/dags/lotuss_2.py
[2025-01-30T13:22:27.679+0000] {logging_mixin.py:188} INFO - [2025-01-30T13:22:27.679+0000] {dag.py:3096} INFO - Sync 1 DAGs
[2025-01-30T13:22:27.684+0000] {logging_mixin.py:188} INFO - [2025-01-30T13:22:27.684+0000] {dag.py:3954} INFO - Setting next_dagrun for lotuss_2 to None, run_after=None
[2025-01-30T13:22:27.691+0000] {processor.py:183} INFO - Processing /opt/airflow/dags/lotuss_2.py took 0.235 seconds
[2025-01-30T13:22:58.449+0000] {processor.py:161} INFO - Started process (PID=3984) to work on /opt/airflow/dags/lotuss_2.py
[2025-01-30T13:22:58.451+0000] {processor.py:830} INFO - Processing file /opt/airflow/dags/lotuss_2.py for tasks to queue
[2025-01-30T13:22:58.451+0000] {logging_mixin.py:188} INFO - [2025-01-30T13:22:58.451+0000] {dagbag.py:540} INFO - Filling up the DagBag from /opt/airflow/dags/lotuss_2.py
[2025-01-30T13:22:58.658+0000] {processor.py:840} INFO - DAG(s) 'lotuss_2' retrieved from /opt/airflow/dags/lotuss_2.py
[2025-01-30T13:22:58.670+0000] {logging_mixin.py:188} INFO - [2025-01-30T13:22:58.669+0000] {dag.py:3096} INFO - Sync 1 DAGs
[2025-01-30T13:22:58.675+0000] {logging_mixin.py:188} INFO - [2025-01-30T13:22:58.675+0000] {dag.py:3954} INFO - Setting next_dagrun for lotuss_2 to None, run_after=None
[2025-01-30T13:22:58.684+0000] {processor.py:183} INFO - Processing /opt/airflow/dags/lotuss_2.py took 0.238 seconds
[2025-01-30T13:23:29.194+0000] {processor.py:161} INFO - Started process (PID=4133) to work on /opt/airflow/dags/lotuss_2.py
[2025-01-30T13:23:29.194+0000] {processor.py:830} INFO - Processing file /opt/airflow/dags/lotuss_2.py for tasks to queue
[2025-01-30T13:23:29.195+0000] {logging_mixin.py:188} INFO - [2025-01-30T13:23:29.195+0000] {dagbag.py:540} INFO - Filling up the DagBag from /opt/airflow/dags/lotuss_2.py
[2025-01-30T13:23:29.407+0000] {processor.py:840} INFO - DAG(s) 'lotuss_2' retrieved from /opt/airflow/dags/lotuss_2.py
[2025-01-30T13:23:29.419+0000] {logging_mixin.py:188} INFO - [2025-01-30T13:23:29.419+0000] {dag.py:3096} INFO - Sync 1 DAGs
[2025-01-30T13:23:29.425+0000] {logging_mixin.py:188} INFO - [2025-01-30T13:23:29.425+0000] {dag.py:3954} INFO - Setting next_dagrun for lotuss_2 to None, run_after=None
[2025-01-30T13:23:29.433+0000] {processor.py:183} INFO - Processing /opt/airflow/dags/lotuss_2.py took 0.243 seconds
[2025-01-30T13:23:59.987+0000] {processor.py:161} INFO - Started process (PID=4282) to work on /opt/airflow/dags/lotuss_2.py
[2025-01-30T13:23:59.988+0000] {processor.py:830} INFO - Processing file /opt/airflow/dags/lotuss_2.py for tasks to queue
[2025-01-30T13:23:59.989+0000] {logging_mixin.py:188} INFO - [2025-01-30T13:23:59.989+0000] {dagbag.py:540} INFO - Filling up the DagBag from /opt/airflow/dags/lotuss_2.py
[2025-01-30T13:24:00.198+0000] {processor.py:840} INFO - DAG(s) 'lotuss_2' retrieved from /opt/airflow/dags/lotuss_2.py
[2025-01-30T13:24:00.211+0000] {logging_mixin.py:188} INFO - [2025-01-30T13:24:00.210+0000] {dag.py:3096} INFO - Sync 1 DAGs
[2025-01-30T13:24:00.216+0000] {logging_mixin.py:188} INFO - [2025-01-30T13:24:00.216+0000] {dag.py:3954} INFO - Setting next_dagrun for lotuss_2 to None, run_after=None
[2025-01-30T13:24:00.223+0000] {processor.py:183} INFO - Processing /opt/airflow/dags/lotuss_2.py took 0.239 seconds
[2025-01-30T13:24:30.619+0000] {processor.py:161} INFO - Started process (PID=4424) to work on /opt/airflow/dags/lotuss_2.py
[2025-01-30T13:24:30.620+0000] {processor.py:830} INFO - Processing file /opt/airflow/dags/lotuss_2.py for tasks to queue
[2025-01-30T13:24:30.620+0000] {logging_mixin.py:188} INFO - [2025-01-30T13:24:30.620+0000] {dagbag.py:540} INFO - Filling up the DagBag from /opt/airflow/dags/lotuss_2.py
[2025-01-30T13:24:30.828+0000] {processor.py:840} INFO - DAG(s) 'lotuss_2' retrieved from /opt/airflow/dags/lotuss_2.py
[2025-01-30T13:24:30.840+0000] {logging_mixin.py:188} INFO - [2025-01-30T13:24:30.839+0000] {dag.py:3096} INFO - Sync 1 DAGs
[2025-01-30T13:24:30.845+0000] {logging_mixin.py:188} INFO - [2025-01-30T13:24:30.845+0000] {dag.py:3954} INFO - Setting next_dagrun for lotuss_2 to None, run_after=None
[2025-01-30T13:24:30.853+0000] {processor.py:183} INFO - Processing /opt/airflow/dags/lotuss_2.py took 0.238 seconds
[2025-01-30T13:25:01.365+0000] {processor.py:161} INFO - Started process (PID=4573) to work on /opt/airflow/dags/lotuss_2.py
[2025-01-30T13:25:01.365+0000] {processor.py:830} INFO - Processing file /opt/airflow/dags/lotuss_2.py for tasks to queue
[2025-01-30T13:25:01.366+0000] {logging_mixin.py:188} INFO - [2025-01-30T13:25:01.366+0000] {dagbag.py:540} INFO - Filling up the DagBag from /opt/airflow/dags/lotuss_2.py
[2025-01-30T13:25:01.490+0000] {processor.py:840} INFO - DAG(s) 'lotuss_2' retrieved from /opt/airflow/dags/lotuss_2.py
[2025-01-30T13:25:01.504+0000] {logging_mixin.py:188} INFO - [2025-01-30T13:25:01.504+0000] {dag.py:3096} INFO - Sync 1 DAGs
[2025-01-30T13:25:01.510+0000] {logging_mixin.py:188} INFO - [2025-01-30T13:25:01.510+0000] {dag.py:3954} INFO - Setting next_dagrun for lotuss_2 to None, run_after=None
[2025-01-30T13:25:01.518+0000] {processor.py:183} INFO - Processing /opt/airflow/dags/lotuss_2.py took 0.157 seconds
[2025-01-30T13:25:31.861+0000] {processor.py:161} INFO - Started process (PID=4722) to work on /opt/airflow/dags/lotuss_2.py
[2025-01-30T13:25:31.862+0000] {processor.py:830} INFO - Processing file /opt/airflow/dags/lotuss_2.py for tasks to queue
[2025-01-30T13:25:31.862+0000] {logging_mixin.py:188} INFO - [2025-01-30T13:25:31.862+0000] {dagbag.py:540} INFO - Filling up the DagBag from /opt/airflow/dags/lotuss_2.py
[2025-01-30T13:25:31.989+0000] {processor.py:840} INFO - DAG(s) 'lotuss_2' retrieved from /opt/airflow/dags/lotuss_2.py
[2025-01-30T13:25:32.003+0000] {logging_mixin.py:188} INFO - [2025-01-30T13:25:32.003+0000] {dag.py:3096} INFO - Sync 1 DAGs
[2025-01-30T13:25:32.009+0000] {logging_mixin.py:188} INFO - [2025-01-30T13:25:32.009+0000] {dag.py:3954} INFO - Setting next_dagrun for lotuss_2 to None, run_after=None
[2025-01-30T13:25:32.017+0000] {processor.py:183} INFO - Processing /opt/airflow/dags/lotuss_2.py took 0.159 seconds
[2025-01-30T13:26:02.213+0000] {processor.py:161} INFO - Started process (PID=4864) to work on /opt/airflow/dags/lotuss_2.py
[2025-01-30T13:26:02.213+0000] {processor.py:830} INFO - Processing file /opt/airflow/dags/lotuss_2.py for tasks to queue
[2025-01-30T13:26:02.214+0000] {logging_mixin.py:188} INFO - [2025-01-30T13:26:02.214+0000] {dagbag.py:540} INFO - Filling up the DagBag from /opt/airflow/dags/lotuss_2.py
[2025-01-30T13:26:02.340+0000] {processor.py:840} INFO - DAG(s) 'lotuss_2' retrieved from /opt/airflow/dags/lotuss_2.py
[2025-01-30T13:26:02.354+0000] {logging_mixin.py:188} INFO - [2025-01-30T13:26:02.353+0000] {dag.py:3096} INFO - Sync 1 DAGs
[2025-01-30T13:26:02.359+0000] {logging_mixin.py:188} INFO - [2025-01-30T13:26:02.359+0000] {dag.py:3954} INFO - Setting next_dagrun for lotuss_2 to None, run_after=None
[2025-01-30T13:26:02.368+0000] {processor.py:183} INFO - Processing /opt/airflow/dags/lotuss_2.py took 0.158 seconds
[2025-01-30T13:26:32.626+0000] {processor.py:161} INFO - Started process (PID=5013) to work on /opt/airflow/dags/lotuss_2.py
[2025-01-30T13:26:32.627+0000] {processor.py:830} INFO - Processing file /opt/airflow/dags/lotuss_2.py for tasks to queue
[2025-01-30T13:26:32.628+0000] {logging_mixin.py:188} INFO - [2025-01-30T13:26:32.628+0000] {dagbag.py:540} INFO - Filling up the DagBag from /opt/airflow/dags/lotuss_2.py
[2025-01-30T13:26:32.752+0000] {processor.py:840} INFO - DAG(s) 'lotuss_2' retrieved from /opt/airflow/dags/lotuss_2.py
[2025-01-30T13:26:32.766+0000] {logging_mixin.py:188} INFO - [2025-01-30T13:26:32.766+0000] {dag.py:3096} INFO - Sync 1 DAGs
[2025-01-30T13:26:32.773+0000] {logging_mixin.py:188} INFO - [2025-01-30T13:26:32.772+0000] {dag.py:3954} INFO - Setting next_dagrun for lotuss_2 to None, run_after=None
[2025-01-30T13:26:32.782+0000] {processor.py:183} INFO - Processing /opt/airflow/dags/lotuss_2.py took 0.159 seconds
[2025-01-30T13:27:03.155+0000] {processor.py:161} INFO - Started process (PID=5162) to work on /opt/airflow/dags/lotuss_2.py
[2025-01-30T13:27:03.155+0000] {processor.py:830} INFO - Processing file /opt/airflow/dags/lotuss_2.py for tasks to queue
[2025-01-30T13:27:03.156+0000] {logging_mixin.py:188} INFO - [2025-01-30T13:27:03.156+0000] {dagbag.py:540} INFO - Filling up the DagBag from /opt/airflow/dags/lotuss_2.py
[2025-01-30T13:27:03.280+0000] {processor.py:840} INFO - DAG(s) 'lotuss_2' retrieved from /opt/airflow/dags/lotuss_2.py
[2025-01-30T13:27:03.294+0000] {logging_mixin.py:188} INFO - [2025-01-30T13:27:03.294+0000] {dag.py:3096} INFO - Sync 1 DAGs
[2025-01-30T13:27:03.300+0000] {logging_mixin.py:188} INFO - [2025-01-30T13:27:03.300+0000] {dag.py:3954} INFO - Setting next_dagrun for lotuss_2 to None, run_after=None
[2025-01-30T13:27:03.308+0000] {processor.py:183} INFO - Processing /opt/airflow/dags/lotuss_2.py took 0.156 seconds
[2025-01-30T13:27:33.693+0000] {processor.py:161} INFO - Started process (PID=5304) to work on /opt/airflow/dags/lotuss_2.py
[2025-01-30T13:27:33.694+0000] {processor.py:830} INFO - Processing file /opt/airflow/dags/lotuss_2.py for tasks to queue
[2025-01-30T13:27:33.695+0000] {logging_mixin.py:188} INFO - [2025-01-30T13:27:33.695+0000] {dagbag.py:540} INFO - Filling up the DagBag from /opt/airflow/dags/lotuss_2.py
[2025-01-30T13:27:33.818+0000] {processor.py:840} INFO - DAG(s) 'lotuss_2' retrieved from /opt/airflow/dags/lotuss_2.py
[2025-01-30T13:27:33.833+0000] {logging_mixin.py:188} INFO - [2025-01-30T13:27:33.832+0000] {dag.py:3096} INFO - Sync 1 DAGs
[2025-01-30T13:27:33.838+0000] {logging_mixin.py:188} INFO - [2025-01-30T13:27:33.838+0000] {dag.py:3954} INFO - Setting next_dagrun for lotuss_2 to None, run_after=None
[2025-01-30T13:27:33.848+0000] {processor.py:183} INFO - Processing /opt/airflow/dags/lotuss_2.py took 0.159 seconds
[2025-01-30T13:28:04.242+0000] {processor.py:161} INFO - Started process (PID=5453) to work on /opt/airflow/dags/lotuss_2.py
[2025-01-30T13:28:04.243+0000] {processor.py:830} INFO - Processing file /opt/airflow/dags/lotuss_2.py for tasks to queue
[2025-01-30T13:28:04.243+0000] {logging_mixin.py:188} INFO - [2025-01-30T13:28:04.243+0000] {dagbag.py:540} INFO - Filling up the DagBag from /opt/airflow/dags/lotuss_2.py
[2025-01-30T13:28:04.378+0000] {processor.py:840} INFO - DAG(s) 'lotuss_2' retrieved from /opt/airflow/dags/lotuss_2.py
[2025-01-30T13:28:04.393+0000] {logging_mixin.py:188} INFO - [2025-01-30T13:28:04.393+0000] {dag.py:3096} INFO - Sync 1 DAGs
[2025-01-30T13:28:04.399+0000] {logging_mixin.py:188} INFO - [2025-01-30T13:28:04.399+0000] {dag.py:3954} INFO - Setting next_dagrun for lotuss_2 to None, run_after=None
[2025-01-30T13:28:04.408+0000] {processor.py:183} INFO - Processing /opt/airflow/dags/lotuss_2.py took 0.170 seconds
[2025-01-30T13:28:34.738+0000] {processor.py:161} INFO - Started process (PID=5602) to work on /opt/airflow/dags/lotuss_2.py
[2025-01-30T13:28:34.739+0000] {processor.py:830} INFO - Processing file /opt/airflow/dags/lotuss_2.py for tasks to queue
[2025-01-30T13:28:34.740+0000] {logging_mixin.py:188} INFO - [2025-01-30T13:28:34.740+0000] {dagbag.py:540} INFO - Filling up the DagBag from /opt/airflow/dags/lotuss_2.py
[2025-01-30T13:28:34.866+0000] {processor.py:840} INFO - DAG(s) 'lotuss_2' retrieved from /opt/airflow/dags/lotuss_2.py
[2025-01-30T13:28:34.878+0000] {logging_mixin.py:188} INFO - [2025-01-30T13:28:34.878+0000] {dag.py:3096} INFO - Sync 1 DAGs
[2025-01-30T13:28:34.884+0000] {logging_mixin.py:188} INFO - [2025-01-30T13:28:34.884+0000] {dag.py:3954} INFO - Setting next_dagrun for lotuss_2 to None, run_after=None
[2025-01-30T13:28:34.892+0000] {processor.py:183} INFO - Processing /opt/airflow/dags/lotuss_2.py took 0.157 seconds
[2025-01-30T13:29:05.377+0000] {processor.py:161} INFO - Started process (PID=5744) to work on /opt/airflow/dags/lotuss_2.py
[2025-01-30T13:29:05.378+0000] {processor.py:830} INFO - Processing file /opt/airflow/dags/lotuss_2.py for tasks to queue
[2025-01-30T13:29:05.378+0000] {logging_mixin.py:188} INFO - [2025-01-30T13:29:05.378+0000] {dagbag.py:540} INFO - Filling up the DagBag from /opt/airflow/dags/lotuss_2.py
[2025-01-30T13:29:05.504+0000] {processor.py:840} INFO - DAG(s) 'lotuss_2' retrieved from /opt/airflow/dags/lotuss_2.py
[2025-01-30T13:29:05.518+0000] {logging_mixin.py:188} INFO - [2025-01-30T13:29:05.518+0000] {dag.py:3096} INFO - Sync 1 DAGs
[2025-01-30T13:29:05.524+0000] {logging_mixin.py:188} INFO - [2025-01-30T13:29:05.524+0000] {dag.py:3954} INFO - Setting next_dagrun for lotuss_2 to None, run_after=None
[2025-01-30T13:29:05.533+0000] {processor.py:183} INFO - Processing /opt/airflow/dags/lotuss_2.py took 0.160 seconds
[2025-01-30T13:29:36.051+0000] {processor.py:161} INFO - Started process (PID=5893) to work on /opt/airflow/dags/lotuss_2.py
[2025-01-30T13:29:36.052+0000] {processor.py:830} INFO - Processing file /opt/airflow/dags/lotuss_2.py for tasks to queue
[2025-01-30T13:29:36.054+0000] {logging_mixin.py:188} INFO - [2025-01-30T13:29:36.054+0000] {dagbag.py:540} INFO - Filling up the DagBag from /opt/airflow/dags/lotuss_2.py
[2025-01-30T13:29:36.186+0000] {processor.py:840} INFO - DAG(s) 'lotuss_2' retrieved from /opt/airflow/dags/lotuss_2.py
[2025-01-30T13:29:36.200+0000] {logging_mixin.py:188} INFO - [2025-01-30T13:29:36.200+0000] {dag.py:3096} INFO - Sync 1 DAGs
[2025-01-30T13:29:36.206+0000] {logging_mixin.py:188} INFO - [2025-01-30T13:29:36.206+0000] {dag.py:3954} INFO - Setting next_dagrun for lotuss_2 to None, run_after=None
[2025-01-30T13:29:36.214+0000] {processor.py:183} INFO - Processing /opt/airflow/dags/lotuss_2.py took 0.167 seconds
[2025-01-30T13:30:06.965+0000] {processor.py:161} INFO - Started process (PID=6042) to work on /opt/airflow/dags/lotuss_2.py
[2025-01-30T13:30:06.965+0000] {processor.py:830} INFO - Processing file /opt/airflow/dags/lotuss_2.py for tasks to queue
[2025-01-30T13:30:06.966+0000] {logging_mixin.py:188} INFO - [2025-01-30T13:30:06.966+0000] {dagbag.py:540} INFO - Filling up the DagBag from /opt/airflow/dags/lotuss_2.py
[2025-01-30T13:30:07.176+0000] {processor.py:840} INFO - DAG(s) 'lotuss_2' retrieved from /opt/airflow/dags/lotuss_2.py
[2025-01-30T13:30:07.187+0000] {logging_mixin.py:188} INFO - [2025-01-30T13:30:07.187+0000] {dag.py:3096} INFO - Sync 1 DAGs
[2025-01-30T13:30:07.192+0000] {logging_mixin.py:188} INFO - [2025-01-30T13:30:07.192+0000] {dag.py:3954} INFO - Setting next_dagrun for lotuss_2 to None, run_after=None
[2025-01-30T13:30:07.200+0000] {processor.py:183} INFO - Processing /opt/airflow/dags/lotuss_2.py took 0.239 seconds
[2025-01-30T13:30:37.651+0000] {processor.py:161} INFO - Started process (PID=6191) to work on /opt/airflow/dags/lotuss_2.py
[2025-01-30T13:30:37.652+0000] {processor.py:830} INFO - Processing file /opt/airflow/dags/lotuss_2.py for tasks to queue
[2025-01-30T13:30:37.653+0000] {logging_mixin.py:188} INFO - [2025-01-30T13:30:37.653+0000] {dagbag.py:540} INFO - Filling up the DagBag from /opt/airflow/dags/lotuss_2.py
[2025-01-30T13:30:37.865+0000] {processor.py:840} INFO - DAG(s) 'lotuss_2' retrieved from /opt/airflow/dags/lotuss_2.py
[2025-01-30T13:30:37.877+0000] {logging_mixin.py:188} INFO - [2025-01-30T13:30:37.877+0000] {dag.py:3096} INFO - Sync 1 DAGs
[2025-01-30T13:30:37.884+0000] {logging_mixin.py:188} INFO - [2025-01-30T13:30:37.883+0000] {dag.py:3954} INFO - Setting next_dagrun for lotuss_2 to None, run_after=None
[2025-01-30T13:30:37.891+0000] {processor.py:183} INFO - Processing /opt/airflow/dags/lotuss_2.py took 0.243 seconds
[2025-01-30T13:31:08.626+0000] {processor.py:161} INFO - Started process (PID=6333) to work on /opt/airflow/dags/lotuss_2.py
[2025-01-30T13:31:08.627+0000] {processor.py:830} INFO - Processing file /opt/airflow/dags/lotuss_2.py for tasks to queue
[2025-01-30T13:31:08.628+0000] {logging_mixin.py:188} INFO - [2025-01-30T13:31:08.628+0000] {dagbag.py:540} INFO - Filling up the DagBag from /opt/airflow/dags/lotuss_2.py
[2025-01-30T13:31:08.842+0000] {processor.py:840} INFO - DAG(s) 'lotuss_2' retrieved from /opt/airflow/dags/lotuss_2.py
[2025-01-30T13:31:08.855+0000] {logging_mixin.py:188} INFO - [2025-01-30T13:31:08.855+0000] {dag.py:3096} INFO - Sync 1 DAGs
[2025-01-30T13:31:08.861+0000] {logging_mixin.py:188} INFO - [2025-01-30T13:31:08.860+0000] {dag.py:3954} INFO - Setting next_dagrun for lotuss_2 to None, run_after=None
[2025-01-30T13:31:08.867+0000] {processor.py:183} INFO - Processing /opt/airflow/dags/lotuss_2.py took 0.245 seconds
[2025-01-30T13:31:38.984+0000] {processor.py:161} INFO - Started process (PID=6482) to work on /opt/airflow/dags/lotuss_2.py
[2025-01-30T13:31:38.986+0000] {processor.py:830} INFO - Processing file /opt/airflow/dags/lotuss_2.py for tasks to queue
[2025-01-30T13:31:38.986+0000] {logging_mixin.py:188} INFO - [2025-01-30T13:31:38.986+0000] {dagbag.py:540} INFO - Filling up the DagBag from /opt/airflow/dags/lotuss_2.py
[2025-01-30T13:31:39.195+0000] {processor.py:840} INFO - DAG(s) 'lotuss_2' retrieved from /opt/airflow/dags/lotuss_2.py
[2025-01-30T13:31:39.207+0000] {logging_mixin.py:188} INFO - [2025-01-30T13:31:39.207+0000] {dag.py:3096} INFO - Sync 1 DAGs
[2025-01-30T13:31:39.212+0000] {logging_mixin.py:188} INFO - [2025-01-30T13:31:39.212+0000] {dag.py:3954} INFO - Setting next_dagrun for lotuss_2 to None, run_after=None
[2025-01-30T13:31:39.220+0000] {processor.py:183} INFO - Processing /opt/airflow/dags/lotuss_2.py took 0.239 seconds
[2025-01-30T13:32:09.456+0000] {processor.py:161} INFO - Started process (PID=6631) to work on /opt/airflow/dags/lotuss_2.py
[2025-01-30T13:32:09.458+0000] {processor.py:830} INFO - Processing file /opt/airflow/dags/lotuss_2.py for tasks to queue
[2025-01-30T13:32:09.459+0000] {logging_mixin.py:188} INFO - [2025-01-30T13:32:09.458+0000] {dagbag.py:540} INFO - Filling up the DagBag from /opt/airflow/dags/lotuss_2.py
[2025-01-30T13:32:09.668+0000] {processor.py:840} INFO - DAG(s) 'lotuss_2' retrieved from /opt/airflow/dags/lotuss_2.py
[2025-01-30T13:32:09.680+0000] {logging_mixin.py:188} INFO - [2025-01-30T13:32:09.679+0000] {dag.py:3096} INFO - Sync 1 DAGs
[2025-01-30T13:32:09.685+0000] {logging_mixin.py:188} INFO - [2025-01-30T13:32:09.685+0000] {dag.py:3954} INFO - Setting next_dagrun for lotuss_2 to None, run_after=None
[2025-01-30T13:32:09.694+0000] {processor.py:183} INFO - Processing /opt/airflow/dags/lotuss_2.py took 0.241 seconds
[2025-01-30T13:32:39.985+0000] {processor.py:161} INFO - Started process (PID=6773) to work on /opt/airflow/dags/lotuss_2.py
[2025-01-30T13:32:39.986+0000] {processor.py:830} INFO - Processing file /opt/airflow/dags/lotuss_2.py for tasks to queue
[2025-01-30T13:32:39.987+0000] {logging_mixin.py:188} INFO - [2025-01-30T13:32:39.987+0000] {dagbag.py:540} INFO - Filling up the DagBag from /opt/airflow/dags/lotuss_2.py
[2025-01-30T13:32:40.197+0000] {processor.py:840} INFO - DAG(s) 'lotuss_2' retrieved from /opt/airflow/dags/lotuss_2.py
[2025-01-30T13:32:40.210+0000] {logging_mixin.py:188} INFO - [2025-01-30T13:32:40.209+0000] {dag.py:3096} INFO - Sync 1 DAGs
[2025-01-30T13:32:40.215+0000] {logging_mixin.py:188} INFO - [2025-01-30T13:32:40.215+0000] {dag.py:3954} INFO - Setting next_dagrun for lotuss_2 to None, run_after=None
[2025-01-30T13:32:40.222+0000] {processor.py:183} INFO - Processing /opt/airflow/dags/lotuss_2.py took 0.241 seconds
[2025-01-30T13:33:10.316+0000] {processor.py:161} INFO - Started process (PID=6922) to work on /opt/airflow/dags/lotuss_2.py
[2025-01-30T13:33:10.317+0000] {processor.py:830} INFO - Processing file /opt/airflow/dags/lotuss_2.py for tasks to queue
[2025-01-30T13:33:10.317+0000] {logging_mixin.py:188} INFO - [2025-01-30T13:33:10.317+0000] {dagbag.py:540} INFO - Filling up the DagBag from /opt/airflow/dags/lotuss_2.py
[2025-01-30T13:33:10.444+0000] {processor.py:840} INFO - DAG(s) 'lotuss_2' retrieved from /opt/airflow/dags/lotuss_2.py
[2025-01-30T13:33:10.457+0000] {logging_mixin.py:188} INFO - [2025-01-30T13:33:10.456+0000] {dag.py:3096} INFO - Sync 1 DAGs
[2025-01-30T13:33:10.462+0000] {logging_mixin.py:188} INFO - [2025-01-30T13:33:10.462+0000] {dag.py:3954} INFO - Setting next_dagrun for lotuss_2 to None, run_after=None
[2025-01-30T13:33:10.471+0000] {processor.py:183} INFO - Processing /opt/airflow/dags/lotuss_2.py took 0.158 seconds
[2025-01-30T13:33:40.670+0000] {processor.py:161} INFO - Started process (PID=7064) to work on /opt/airflow/dags/lotuss_2.py
[2025-01-30T13:33:40.672+0000] {processor.py:830} INFO - Processing file /opt/airflow/dags/lotuss_2.py for tasks to queue
[2025-01-30T13:33:40.672+0000] {logging_mixin.py:188} INFO - [2025-01-30T13:33:40.672+0000] {dagbag.py:540} INFO - Filling up the DagBag from /opt/airflow/dags/lotuss_2.py
[2025-01-30T13:33:40.797+0000] {processor.py:840} INFO - DAG(s) 'lotuss_2' retrieved from /opt/airflow/dags/lotuss_2.py
[2025-01-30T13:33:40.810+0000] {logging_mixin.py:188} INFO - [2025-01-30T13:33:40.810+0000] {dag.py:3096} INFO - Sync 1 DAGs
[2025-01-30T13:33:40.817+0000] {logging_mixin.py:188} INFO - [2025-01-30T13:33:40.817+0000] {dag.py:3954} INFO - Setting next_dagrun for lotuss_2 to None, run_after=None
[2025-01-30T13:33:40.826+0000] {processor.py:183} INFO - Processing /opt/airflow/dags/lotuss_2.py took 0.158 seconds
[2025-01-30T13:34:11.144+0000] {processor.py:161} INFO - Started process (PID=7213) to work on /opt/airflow/dags/lotuss_2.py
[2025-01-30T13:34:11.145+0000] {processor.py:830} INFO - Processing file /opt/airflow/dags/lotuss_2.py for tasks to queue
[2025-01-30T13:34:11.146+0000] {logging_mixin.py:188} INFO - [2025-01-30T13:34:11.146+0000] {dagbag.py:540} INFO - Filling up the DagBag from /opt/airflow/dags/lotuss_2.py
[2025-01-30T13:34:11.272+0000] {processor.py:840} INFO - DAG(s) 'lotuss_2' retrieved from /opt/airflow/dags/lotuss_2.py
[2025-01-30T13:34:11.286+0000] {logging_mixin.py:188} INFO - [2025-01-30T13:34:11.286+0000] {dag.py:3096} INFO - Sync 1 DAGs
[2025-01-30T13:34:11.292+0000] {logging_mixin.py:188} INFO - [2025-01-30T13:34:11.292+0000] {dag.py:3954} INFO - Setting next_dagrun for lotuss_2 to None, run_after=None
[2025-01-30T13:34:11.300+0000] {processor.py:183} INFO - Processing /opt/airflow/dags/lotuss_2.py took 0.160 seconds
[2025-01-30T13:34:41.765+0000] {processor.py:161} INFO - Started process (PID=7363) to work on /opt/airflow/dags/lotuss_2.py
[2025-01-30T13:34:41.767+0000] {processor.py:830} INFO - Processing file /opt/airflow/dags/lotuss_2.py for tasks to queue
[2025-01-30T13:34:41.767+0000] {logging_mixin.py:188} INFO - [2025-01-30T13:34:41.767+0000] {dagbag.py:540} INFO - Filling up the DagBag from /opt/airflow/dags/lotuss_2.py
[2025-01-30T13:34:41.892+0000] {processor.py:840} INFO - DAG(s) 'lotuss_2' retrieved from /opt/airflow/dags/lotuss_2.py
[2025-01-30T13:34:41.906+0000] {logging_mixin.py:188} INFO - [2025-01-30T13:34:41.905+0000] {dag.py:3096} INFO - Sync 1 DAGs
[2025-01-30T13:34:41.912+0000] {logging_mixin.py:188} INFO - [2025-01-30T13:34:41.912+0000] {dag.py:3954} INFO - Setting next_dagrun for lotuss_2 to None, run_after=None
[2025-01-30T13:34:41.920+0000] {processor.py:183} INFO - Processing /opt/airflow/dags/lotuss_2.py took 0.158 seconds
[2025-01-30T13:35:12.032+0000] {processor.py:161} INFO - Started process (PID=7505) to work on /opt/airflow/dags/lotuss_2.py
[2025-01-30T13:35:12.033+0000] {processor.py:830} INFO - Processing file /opt/airflow/dags/lotuss_2.py for tasks to queue
[2025-01-30T13:35:12.033+0000] {logging_mixin.py:188} INFO - [2025-01-30T13:35:12.033+0000] {dagbag.py:540} INFO - Filling up the DagBag from /opt/airflow/dags/lotuss_2.py
[2025-01-30T13:35:12.157+0000] {processor.py:840} INFO - DAG(s) 'lotuss_2' retrieved from /opt/airflow/dags/lotuss_2.py
[2025-01-30T13:35:12.171+0000] {logging_mixin.py:188} INFO - [2025-01-30T13:35:12.171+0000] {dag.py:3096} INFO - Sync 1 DAGs
[2025-01-30T13:35:12.178+0000] {logging_mixin.py:188} INFO - [2025-01-30T13:35:12.178+0000] {dag.py:3954} INFO - Setting next_dagrun for lotuss_2 to None, run_after=None
[2025-01-30T13:35:12.187+0000] {processor.py:183} INFO - Processing /opt/airflow/dags/lotuss_2.py took 0.159 seconds
[2025-01-30T13:35:42.211+0000] {processor.py:161} INFO - Started process (PID=7654) to work on /opt/airflow/dags/lotuss_2.py
[2025-01-30T13:35:42.212+0000] {processor.py:830} INFO - Processing file /opt/airflow/dags/lotuss_2.py for tasks to queue
[2025-01-30T13:35:42.212+0000] {logging_mixin.py:188} INFO - [2025-01-30T13:35:42.212+0000] {dagbag.py:540} INFO - Filling up the DagBag from /opt/airflow/dags/lotuss_2.py
[2025-01-30T13:35:42.345+0000] {processor.py:840} INFO - DAG(s) 'lotuss_2' retrieved from /opt/airflow/dags/lotuss_2.py
[2025-01-30T13:35:42.359+0000] {logging_mixin.py:188} INFO - [2025-01-30T13:35:42.358+0000] {dag.py:3096} INFO - Sync 1 DAGs
[2025-01-30T13:35:42.365+0000] {logging_mixin.py:188} INFO - [2025-01-30T13:35:42.364+0000] {dag.py:3954} INFO - Setting next_dagrun for lotuss_2 to None, run_after=None
[2025-01-30T13:35:42.374+0000] {processor.py:183} INFO - Processing /opt/airflow/dags/lotuss_2.py took 0.167 seconds
[2025-01-30T13:36:12.960+0000] {processor.py:161} INFO - Started process (PID=7803) to work on /opt/airflow/dags/lotuss_2.py
[2025-01-30T13:36:12.960+0000] {processor.py:830} INFO - Processing file /opt/airflow/dags/lotuss_2.py for tasks to queue
[2025-01-30T13:36:12.961+0000] {logging_mixin.py:188} INFO - [2025-01-30T13:36:12.961+0000] {dagbag.py:540} INFO - Filling up the DagBag from /opt/airflow/dags/lotuss_2.py
[2025-01-30T13:36:13.088+0000] {processor.py:840} INFO - DAG(s) 'lotuss_2' retrieved from /opt/airflow/dags/lotuss_2.py
[2025-01-30T13:36:13.102+0000] {logging_mixin.py:188} INFO - [2025-01-30T13:36:13.101+0000] {dag.py:3096} INFO - Sync 1 DAGs
[2025-01-30T13:36:13.107+0000] {logging_mixin.py:188} INFO - [2025-01-30T13:36:13.107+0000] {dag.py:3954} INFO - Setting next_dagrun for lotuss_2 to None, run_after=None
[2025-01-30T13:36:13.116+0000] {processor.py:183} INFO - Processing /opt/airflow/dags/lotuss_2.py took 0.159 seconds
[2025-01-30T13:36:43.365+0000] {processor.py:161} INFO - Started process (PID=7945) to work on /opt/airflow/dags/lotuss_2.py
[2025-01-30T13:36:43.366+0000] {processor.py:830} INFO - Processing file /opt/airflow/dags/lotuss_2.py for tasks to queue
[2025-01-30T13:36:43.367+0000] {logging_mixin.py:188} INFO - [2025-01-30T13:36:43.367+0000] {dagbag.py:540} INFO - Filling up the DagBag from /opt/airflow/dags/lotuss_2.py
[2025-01-30T13:36:43.491+0000] {processor.py:840} INFO - DAG(s) 'lotuss_2' retrieved from /opt/airflow/dags/lotuss_2.py
[2025-01-30T13:36:43.504+0000] {logging_mixin.py:188} INFO - [2025-01-30T13:36:43.504+0000] {dag.py:3096} INFO - Sync 1 DAGs
[2025-01-30T13:36:43.511+0000] {logging_mixin.py:188} INFO - [2025-01-30T13:36:43.511+0000] {dag.py:3954} INFO - Setting next_dagrun for lotuss_2 to None, run_after=None
[2025-01-30T13:36:43.519+0000] {processor.py:183} INFO - Processing /opt/airflow/dags/lotuss_2.py took 0.157 seconds
[2025-01-30T13:37:13.892+0000] {processor.py:161} INFO - Started process (PID=8094) to work on /opt/airflow/dags/lotuss_2.py
[2025-01-30T13:37:13.892+0000] {processor.py:830} INFO - Processing file /opt/airflow/dags/lotuss_2.py for tasks to queue
[2025-01-30T13:37:13.893+0000] {logging_mixin.py:188} INFO - [2025-01-30T13:37:13.893+0000] {dagbag.py:540} INFO - Filling up the DagBag from /opt/airflow/dags/lotuss_2.py
[2025-01-30T13:37:14.017+0000] {processor.py:840} INFO - DAG(s) 'lotuss_2' retrieved from /opt/airflow/dags/lotuss_2.py
[2025-01-30T13:37:14.030+0000] {logging_mixin.py:188} INFO - [2025-01-30T13:37:14.030+0000] {dag.py:3096} INFO - Sync 1 DAGs
[2025-01-30T13:37:14.035+0000] {logging_mixin.py:188} INFO - [2025-01-30T13:37:14.035+0000] {dag.py:3954} INFO - Setting next_dagrun for lotuss_2 to None, run_after=None
[2025-01-30T13:37:14.043+0000] {processor.py:183} INFO - Processing /opt/airflow/dags/lotuss_2.py took 0.155 seconds
[2025-01-30T13:37:44.617+0000] {processor.py:161} INFO - Started process (PID=8243) to work on /opt/airflow/dags/lotuss_2.py
[2025-01-30T13:37:44.618+0000] {processor.py:830} INFO - Processing file /opt/airflow/dags/lotuss_2.py for tasks to queue
[2025-01-30T13:37:44.619+0000] {logging_mixin.py:188} INFO - [2025-01-30T13:37:44.618+0000] {dagbag.py:540} INFO - Filling up the DagBag from /opt/airflow/dags/lotuss_2.py
[2025-01-30T13:37:44.746+0000] {processor.py:840} INFO - DAG(s) 'lotuss_2' retrieved from /opt/airflow/dags/lotuss_2.py
[2025-01-30T13:37:44.760+0000] {logging_mixin.py:188} INFO - [2025-01-30T13:37:44.759+0000] {dag.py:3096} INFO - Sync 1 DAGs
[2025-01-30T13:37:44.766+0000] {logging_mixin.py:188} INFO - [2025-01-30T13:37:44.765+0000] {dag.py:3954} INFO - Setting next_dagrun for lotuss_2 to None, run_after=None
[2025-01-30T13:37:44.774+0000] {processor.py:183} INFO - Processing /opt/airflow/dags/lotuss_2.py took 0.161 seconds
[2025-01-30T13:38:15.119+0000] {processor.py:161} INFO - Started process (PID=8385) to work on /opt/airflow/dags/lotuss_2.py
[2025-01-30T13:38:15.120+0000] {processor.py:830} INFO - Processing file /opt/airflow/dags/lotuss_2.py for tasks to queue
[2025-01-30T13:38:15.120+0000] {logging_mixin.py:188} INFO - [2025-01-30T13:38:15.120+0000] {dagbag.py:540} INFO - Filling up the DagBag from /opt/airflow/dags/lotuss_2.py
[2025-01-30T13:38:15.246+0000] {processor.py:840} INFO - DAG(s) 'lotuss_2' retrieved from /opt/airflow/dags/lotuss_2.py
[2025-01-30T13:38:15.260+0000] {logging_mixin.py:188} INFO - [2025-01-30T13:38:15.260+0000] {dag.py:3096} INFO - Sync 1 DAGs
[2025-01-30T13:38:15.267+0000] {logging_mixin.py:188} INFO - [2025-01-30T13:38:15.267+0000] {dag.py:3954} INFO - Setting next_dagrun for lotuss_2 to None, run_after=None
[2025-01-30T13:38:15.276+0000] {processor.py:183} INFO - Processing /opt/airflow/dags/lotuss_2.py took 0.161 seconds
[2025-01-30T13:38:45.682+0000] {processor.py:161} INFO - Started process (PID=8534) to work on /opt/airflow/dags/lotuss_2.py
[2025-01-30T13:38:45.683+0000] {processor.py:830} INFO - Processing file /opt/airflow/dags/lotuss_2.py for tasks to queue
[2025-01-30T13:38:45.683+0000] {logging_mixin.py:188} INFO - [2025-01-30T13:38:45.683+0000] {dagbag.py:540} INFO - Filling up the DagBag from /opt/airflow/dags/lotuss_2.py
[2025-01-30T13:38:45.807+0000] {processor.py:840} INFO - DAG(s) 'lotuss_2' retrieved from /opt/airflow/dags/lotuss_2.py
[2025-01-30T13:38:45.820+0000] {logging_mixin.py:188} INFO - [2025-01-30T13:38:45.820+0000] {dag.py:3096} INFO - Sync 1 DAGs
[2025-01-30T13:38:45.826+0000] {logging_mixin.py:188} INFO - [2025-01-30T13:38:45.826+0000] {dag.py:3954} INFO - Setting next_dagrun for lotuss_2 to None, run_after=None
[2025-01-30T13:38:45.834+0000] {processor.py:183} INFO - Processing /opt/airflow/dags/lotuss_2.py took 0.156 seconds
[2025-01-30T13:39:16.290+0000] {processor.py:161} INFO - Started process (PID=8683) to work on /opt/airflow/dags/lotuss_2.py
[2025-01-30T13:39:16.291+0000] {processor.py:830} INFO - Processing file /opt/airflow/dags/lotuss_2.py for tasks to queue
[2025-01-30T13:39:16.292+0000] {logging_mixin.py:188} INFO - [2025-01-30T13:39:16.292+0000] {dagbag.py:540} INFO - Filling up the DagBag from /opt/airflow/dags/lotuss_2.py
[2025-01-30T13:39:16.423+0000] {processor.py:840} INFO - DAG(s) 'lotuss_2' retrieved from /opt/airflow/dags/lotuss_2.py
[2025-01-30T13:39:16.436+0000] {logging_mixin.py:188} INFO - [2025-01-30T13:39:16.436+0000] {dag.py:3096} INFO - Sync 1 DAGs
[2025-01-30T13:39:16.442+0000] {logging_mixin.py:188} INFO - [2025-01-30T13:39:16.442+0000] {dag.py:3954} INFO - Setting next_dagrun for lotuss_2 to None, run_after=None
[2025-01-30T13:39:16.450+0000] {processor.py:183} INFO - Processing /opt/airflow/dags/lotuss_2.py took 0.163 seconds
[2025-01-30T13:39:47.133+0000] {processor.py:161} INFO - Started process (PID=8825) to work on /opt/airflow/dags/lotuss_2.py
[2025-01-30T13:39:47.134+0000] {processor.py:830} INFO - Processing file /opt/airflow/dags/lotuss_2.py for tasks to queue
[2025-01-30T13:39:47.135+0000] {logging_mixin.py:188} INFO - [2025-01-30T13:39:47.134+0000] {dagbag.py:540} INFO - Filling up the DagBag from /opt/airflow/dags/lotuss_2.py
[2025-01-30T13:39:47.263+0000] {processor.py:840} INFO - DAG(s) 'lotuss_2' retrieved from /opt/airflow/dags/lotuss_2.py
[2025-01-30T13:39:47.278+0000] {logging_mixin.py:188} INFO - [2025-01-30T13:39:47.277+0000] {dag.py:3096} INFO - Sync 1 DAGs
[2025-01-30T13:39:47.371+0000] {logging_mixin.py:188} INFO - [2025-01-30T13:39:47.371+0000] {dag.py:3954} INFO - Setting next_dagrun for lotuss_2 to None, run_after=None
[2025-01-30T13:39:47.379+0000] {processor.py:183} INFO - Processing /opt/airflow/dags/lotuss_2.py took 0.251 seconds
[2025-01-30T13:40:17.516+0000] {processor.py:161} INFO - Started process (PID=8974) to work on /opt/airflow/dags/lotuss_2.py
[2025-01-30T13:40:17.517+0000] {processor.py:830} INFO - Processing file /opt/airflow/dags/lotuss_2.py for tasks to queue
[2025-01-30T13:40:17.517+0000] {logging_mixin.py:188} INFO - [2025-01-30T13:40:17.517+0000] {dagbag.py:540} INFO - Filling up the DagBag from /opt/airflow/dags/lotuss_2.py
[2025-01-30T13:40:17.643+0000] {processor.py:840} INFO - DAG(s) 'lotuss_2' retrieved from /opt/airflow/dags/lotuss_2.py
[2025-01-30T13:40:17.740+0000] {logging_mixin.py:188} INFO - [2025-01-30T13:40:17.740+0000] {dag.py:3096} INFO - Sync 1 DAGs
[2025-01-30T13:40:17.746+0000] {logging_mixin.py:188} INFO - [2025-01-30T13:40:17.746+0000] {dag.py:3954} INFO - Setting next_dagrun for lotuss_2 to None, run_after=None
[2025-01-30T13:40:17.753+0000] {processor.py:183} INFO - Processing /opt/airflow/dags/lotuss_2.py took 0.241 seconds
[2025-01-30T13:40:47.950+0000] {processor.py:161} INFO - Started process (PID=9123) to work on /opt/airflow/dags/lotuss_2.py
[2025-01-30T13:40:47.951+0000] {processor.py:830} INFO - Processing file /opt/airflow/dags/lotuss_2.py for tasks to queue
[2025-01-30T13:40:47.952+0000] {logging_mixin.py:188} INFO - [2025-01-30T13:40:47.952+0000] {dagbag.py:540} INFO - Filling up the DagBag from /opt/airflow/dags/lotuss_2.py
[2025-01-30T13:40:48.171+0000] {processor.py:840} INFO - DAG(s) 'lotuss_2' retrieved from /opt/airflow/dags/lotuss_2.py
[2025-01-30T13:40:48.183+0000] {logging_mixin.py:188} INFO - [2025-01-30T13:40:48.183+0000] {dag.py:3096} INFO - Sync 1 DAGs
[2025-01-30T13:40:48.188+0000] {logging_mixin.py:188} INFO - [2025-01-30T13:40:48.188+0000] {dag.py:3954} INFO - Setting next_dagrun for lotuss_2 to None, run_after=None
[2025-01-30T13:40:48.196+0000] {processor.py:183} INFO - Processing /opt/airflow/dags/lotuss_2.py took 0.249 seconds
[2025-01-30T13:41:18.400+0000] {processor.py:161} INFO - Started process (PID=9265) to work on /opt/airflow/dags/lotuss_2.py
[2025-01-30T13:41:18.400+0000] {processor.py:830} INFO - Processing file /opt/airflow/dags/lotuss_2.py for tasks to queue
[2025-01-30T13:41:18.401+0000] {logging_mixin.py:188} INFO - [2025-01-30T13:41:18.401+0000] {dagbag.py:540} INFO - Filling up the DagBag from /opt/airflow/dags/lotuss_2.py
[2025-01-30T13:41:18.621+0000] {processor.py:840} INFO - DAG(s) 'lotuss_2' retrieved from /opt/airflow/dags/lotuss_2.py
[2025-01-30T13:41:18.633+0000] {logging_mixin.py:188} INFO - [2025-01-30T13:41:18.633+0000] {dag.py:3096} INFO - Sync 1 DAGs
[2025-01-30T13:41:18.638+0000] {logging_mixin.py:188} INFO - [2025-01-30T13:41:18.638+0000] {dag.py:3954} INFO - Setting next_dagrun for lotuss_2 to None, run_after=None
[2025-01-30T13:41:18.645+0000] {processor.py:183} INFO - Processing /opt/airflow/dags/lotuss_2.py took 0.249 seconds
[2025-01-30T13:41:48.667+0000] {processor.py:161} INFO - Started process (PID=9414) to work on /opt/airflow/dags/lotuss_2.py
[2025-01-30T13:41:48.668+0000] {processor.py:830} INFO - Processing file /opt/airflow/dags/lotuss_2.py for tasks to queue
[2025-01-30T13:41:48.668+0000] {logging_mixin.py:188} INFO - [2025-01-30T13:41:48.668+0000] {dagbag.py:540} INFO - Filling up the DagBag from /opt/airflow/dags/lotuss_2.py
[2025-01-30T13:41:48.880+0000] {processor.py:840} INFO - DAG(s) 'lotuss_2' retrieved from /opt/airflow/dags/lotuss_2.py
[2025-01-30T13:41:48.894+0000] {logging_mixin.py:188} INFO - [2025-01-30T13:41:48.894+0000] {dag.py:3096} INFO - Sync 1 DAGs
[2025-01-30T13:41:48.899+0000] {logging_mixin.py:188} INFO - [2025-01-30T13:41:48.899+0000] {dag.py:3954} INFO - Setting next_dagrun for lotuss_2 to None, run_after=None
[2025-01-30T13:41:48.907+0000] {processor.py:183} INFO - Processing /opt/airflow/dags/lotuss_2.py took 0.244 seconds
[2025-01-30T13:42:19.133+0000] {processor.py:161} INFO - Started process (PID=9563) to work on /opt/airflow/dags/lotuss_2.py
[2025-01-30T13:42:19.134+0000] {processor.py:830} INFO - Processing file /opt/airflow/dags/lotuss_2.py for tasks to queue
[2025-01-30T13:42:19.135+0000] {logging_mixin.py:188} INFO - [2025-01-30T13:42:19.135+0000] {dagbag.py:540} INFO - Filling up the DagBag from /opt/airflow/dags/lotuss_2.py
[2025-01-30T13:42:19.346+0000] {processor.py:840} INFO - DAG(s) 'lotuss_2' retrieved from /opt/airflow/dags/lotuss_2.py
[2025-01-30T13:42:19.358+0000] {logging_mixin.py:188} INFO - [2025-01-30T13:42:19.357+0000] {dag.py:3096} INFO - Sync 1 DAGs
[2025-01-30T13:42:19.363+0000] {logging_mixin.py:188} INFO - [2025-01-30T13:42:19.363+0000] {dag.py:3954} INFO - Setting next_dagrun for lotuss_2 to None, run_after=None
[2025-01-30T13:42:19.371+0000] {processor.py:183} INFO - Processing /opt/airflow/dags/lotuss_2.py took 0.240 seconds
[2025-01-30T13:42:49.708+0000] {processor.py:161} INFO - Started process (PID=9705) to work on /opt/airflow/dags/lotuss_2.py
[2025-01-30T13:42:49.709+0000] {processor.py:830} INFO - Processing file /opt/airflow/dags/lotuss_2.py for tasks to queue
[2025-01-30T13:42:49.709+0000] {logging_mixin.py:188} INFO - [2025-01-30T13:42:49.709+0000] {dagbag.py:540} INFO - Filling up the DagBag from /opt/airflow/dags/lotuss_2.py
[2025-01-30T13:42:49.926+0000] {processor.py:840} INFO - DAG(s) 'lotuss_2' retrieved from /opt/airflow/dags/lotuss_2.py
[2025-01-30T13:42:49.938+0000] {logging_mixin.py:188} INFO - [2025-01-30T13:42:49.938+0000] {dag.py:3096} INFO - Sync 1 DAGs
[2025-01-30T13:42:49.945+0000] {logging_mixin.py:188} INFO - [2025-01-30T13:42:49.944+0000] {dag.py:3954} INFO - Setting next_dagrun for lotuss_2 to None, run_after=None
[2025-01-30T13:42:49.952+0000] {processor.py:183} INFO - Processing /opt/airflow/dags/lotuss_2.py took 0.248 seconds
[2025-01-30T13:43:20.734+0000] {processor.py:161} INFO - Started process (PID=9854) to work on /opt/airflow/dags/lotuss_2.py
[2025-01-30T13:43:20.735+0000] {processor.py:830} INFO - Processing file /opt/airflow/dags/lotuss_2.py for tasks to queue
[2025-01-30T13:43:20.736+0000] {logging_mixin.py:188} INFO - [2025-01-30T13:43:20.736+0000] {dagbag.py:540} INFO - Filling up the DagBag from /opt/airflow/dags/lotuss_2.py
[2025-01-30T13:43:20.860+0000] {processor.py:840} INFO - DAG(s) 'lotuss_2' retrieved from /opt/airflow/dags/lotuss_2.py
[2025-01-30T13:43:20.874+0000] {logging_mixin.py:188} INFO - [2025-01-30T13:43:20.874+0000] {dag.py:3096} INFO - Sync 1 DAGs
[2025-01-30T13:43:20.880+0000] {logging_mixin.py:188} INFO - [2025-01-30T13:43:20.880+0000] {dag.py:3954} INFO - Setting next_dagrun for lotuss_2 to None, run_after=None
[2025-01-30T13:43:20.888+0000] {processor.py:183} INFO - Processing /opt/airflow/dags/lotuss_2.py took 0.157 seconds
[2025-01-30T13:43:51.061+0000] {processor.py:161} INFO - Started process (PID=10003) to work on /opt/airflow/dags/lotuss_2.py
[2025-01-30T13:43:51.062+0000] {processor.py:830} INFO - Processing file /opt/airflow/dags/lotuss_2.py for tasks to queue
[2025-01-30T13:43:51.063+0000] {logging_mixin.py:188} INFO - [2025-01-30T13:43:51.063+0000] {dagbag.py:540} INFO - Filling up the DagBag from /opt/airflow/dags/lotuss_2.py
[2025-01-30T13:43:51.191+0000] {processor.py:840} INFO - DAG(s) 'lotuss_2' retrieved from /opt/airflow/dags/lotuss_2.py
[2025-01-30T13:43:51.205+0000] {logging_mixin.py:188} INFO - [2025-01-30T13:43:51.205+0000] {dag.py:3096} INFO - Sync 1 DAGs
[2025-01-30T13:43:51.211+0000] {logging_mixin.py:188} INFO - [2025-01-30T13:43:51.211+0000] {dag.py:3954} INFO - Setting next_dagrun for lotuss_2 to None, run_after=None
[2025-01-30T13:43:51.221+0000] {processor.py:183} INFO - Processing /opt/airflow/dags/lotuss_2.py took 0.163 seconds
[2025-01-30T13:44:21.389+0000] {processor.py:161} INFO - Started process (PID=10145) to work on /opt/airflow/dags/lotuss_2.py
[2025-01-30T13:44:21.390+0000] {processor.py:830} INFO - Processing file /opt/airflow/dags/lotuss_2.py for tasks to queue
[2025-01-30T13:44:21.391+0000] {logging_mixin.py:188} INFO - [2025-01-30T13:44:21.391+0000] {dagbag.py:540} INFO - Filling up the DagBag from /opt/airflow/dags/lotuss_2.py
[2025-01-30T13:44:21.516+0000] {processor.py:840} INFO - DAG(s) 'lotuss_2' retrieved from /opt/airflow/dags/lotuss_2.py
[2025-01-30T13:44:21.530+0000] {logging_mixin.py:188} INFO - [2025-01-30T13:44:21.530+0000] {dag.py:3096} INFO - Sync 1 DAGs
[2025-01-30T13:44:21.537+0000] {logging_mixin.py:188} INFO - [2025-01-30T13:44:21.536+0000] {dag.py:3954} INFO - Setting next_dagrun for lotuss_2 to None, run_after=None
[2025-01-30T13:44:21.544+0000] {processor.py:183} INFO - Processing /opt/airflow/dags/lotuss_2.py took 0.159 seconds
[2025-01-30T13:44:51.744+0000] {processor.py:161} INFO - Started process (PID=10294) to work on /opt/airflow/dags/lotuss_2.py
[2025-01-30T13:44:51.744+0000] {processor.py:830} INFO - Processing file /opt/airflow/dags/lotuss_2.py for tasks to queue
[2025-01-30T13:44:51.745+0000] {logging_mixin.py:188} INFO - [2025-01-30T13:44:51.745+0000] {dagbag.py:540} INFO - Filling up the DagBag from /opt/airflow/dags/lotuss_2.py
[2025-01-30T13:44:51.871+0000] {processor.py:840} INFO - DAG(s) 'lotuss_2' retrieved from /opt/airflow/dags/lotuss_2.py
[2025-01-30T13:44:51.885+0000] {logging_mixin.py:188} INFO - [2025-01-30T13:44:51.885+0000] {dag.py:3096} INFO - Sync 1 DAGs
[2025-01-30T13:44:51.891+0000] {logging_mixin.py:188} INFO - [2025-01-30T13:44:51.891+0000] {dag.py:3954} INFO - Setting next_dagrun for lotuss_2 to None, run_after=None
[2025-01-30T13:44:51.899+0000] {processor.py:183} INFO - Processing /opt/airflow/dags/lotuss_2.py took 0.159 seconds
[2025-01-30T13:45:22.254+0000] {processor.py:161} INFO - Started process (PID=10443) to work on /opt/airflow/dags/lotuss_2.py
[2025-01-30T13:45:22.255+0000] {processor.py:830} INFO - Processing file /opt/airflow/dags/lotuss_2.py for tasks to queue
[2025-01-30T13:45:22.255+0000] {logging_mixin.py:188} INFO - [2025-01-30T13:45:22.255+0000] {dagbag.py:540} INFO - Filling up the DagBag from /opt/airflow/dags/lotuss_2.py
[2025-01-30T13:45:22.381+0000] {processor.py:840} INFO - DAG(s) 'lotuss_2' retrieved from /opt/airflow/dags/lotuss_2.py
[2025-01-30T13:45:22.394+0000] {logging_mixin.py:188} INFO - [2025-01-30T13:45:22.393+0000] {dag.py:3096} INFO - Sync 1 DAGs
[2025-01-30T13:45:22.399+0000] {logging_mixin.py:188} INFO - [2025-01-30T13:45:22.399+0000] {dag.py:3954} INFO - Setting next_dagrun for lotuss_2 to None, run_after=None
[2025-01-30T13:45:22.408+0000] {processor.py:183} INFO - Processing /opt/airflow/dags/lotuss_2.py took 0.157 seconds
[2025-01-30T13:45:52.717+0000] {processor.py:161} INFO - Started process (PID=10585) to work on /opt/airflow/dags/lotuss_2.py
[2025-01-30T13:45:52.718+0000] {processor.py:830} INFO - Processing file /opt/airflow/dags/lotuss_2.py for tasks to queue
[2025-01-30T13:45:52.718+0000] {logging_mixin.py:188} INFO - [2025-01-30T13:45:52.718+0000] {dagbag.py:540} INFO - Filling up the DagBag from /opt/airflow/dags/lotuss_2.py
[2025-01-30T13:45:52.842+0000] {processor.py:840} INFO - DAG(s) 'lotuss_2' retrieved from /opt/airflow/dags/lotuss_2.py
[2025-01-30T13:45:52.856+0000] {logging_mixin.py:188} INFO - [2025-01-30T13:45:52.855+0000] {dag.py:3096} INFO - Sync 1 DAGs
[2025-01-30T13:45:52.863+0000] {logging_mixin.py:188} INFO - [2025-01-30T13:45:52.863+0000] {dag.py:3954} INFO - Setting next_dagrun for lotuss_2 to None, run_after=None
[2025-01-30T13:45:52.871+0000] {processor.py:183} INFO - Processing /opt/airflow/dags/lotuss_2.py took 0.158 seconds
[2025-01-30T13:46:23.181+0000] {processor.py:161} INFO - Started process (PID=10734) to work on /opt/airflow/dags/lotuss_2.py
[2025-01-30T13:46:23.182+0000] {processor.py:830} INFO - Processing file /opt/airflow/dags/lotuss_2.py for tasks to queue
[2025-01-30T13:46:23.183+0000] {logging_mixin.py:188} INFO - [2025-01-30T13:46:23.183+0000] {dagbag.py:540} INFO - Filling up the DagBag from /opt/airflow/dags/lotuss_2.py
[2025-01-30T13:46:23.309+0000] {processor.py:840} INFO - DAG(s) 'lotuss_2' retrieved from /opt/airflow/dags/lotuss_2.py
[2025-01-30T13:46:23.322+0000] {logging_mixin.py:188} INFO - [2025-01-30T13:46:23.322+0000] {dag.py:3096} INFO - Sync 1 DAGs
[2025-01-30T13:46:23.328+0000] {logging_mixin.py:188} INFO - [2025-01-30T13:46:23.328+0000] {dag.py:3954} INFO - Setting next_dagrun for lotuss_2 to None, run_after=None
[2025-01-30T13:46:23.336+0000] {processor.py:183} INFO - Processing /opt/airflow/dags/lotuss_2.py took 0.159 seconds
[2025-01-30T13:46:53.686+0000] {processor.py:161} INFO - Started process (PID=10883) to work on /opt/airflow/dags/lotuss_2.py
[2025-01-30T13:46:53.687+0000] {processor.py:830} INFO - Processing file /opt/airflow/dags/lotuss_2.py for tasks to queue
[2025-01-30T13:46:53.687+0000] {logging_mixin.py:188} INFO - [2025-01-30T13:46:53.687+0000] {dagbag.py:540} INFO - Filling up the DagBag from /opt/airflow/dags/lotuss_2.py
[2025-01-30T13:46:53.814+0000] {processor.py:840} INFO - DAG(s) 'lotuss_2' retrieved from /opt/airflow/dags/lotuss_2.py
[2025-01-30T13:46:53.828+0000] {logging_mixin.py:188} INFO - [2025-01-30T13:46:53.828+0000] {dag.py:3096} INFO - Sync 1 DAGs
[2025-01-30T13:46:53.834+0000] {logging_mixin.py:188} INFO - [2025-01-30T13:46:53.834+0000] {dag.py:3954} INFO - Setting next_dagrun for lotuss_2 to None, run_after=None
[2025-01-30T13:46:53.844+0000] {processor.py:183} INFO - Processing /opt/airflow/dags/lotuss_2.py took 0.161 seconds
[2025-01-30T13:47:24.131+0000] {processor.py:161} INFO - Started process (PID=11025) to work on /opt/airflow/dags/lotuss_2.py
[2025-01-30T13:47:24.132+0000] {processor.py:830} INFO - Processing file /opt/airflow/dags/lotuss_2.py for tasks to queue
[2025-01-30T13:47:24.133+0000] {logging_mixin.py:188} INFO - [2025-01-30T13:47:24.133+0000] {dagbag.py:540} INFO - Filling up the DagBag from /opt/airflow/dags/lotuss_2.py
[2025-01-30T13:47:24.260+0000] {processor.py:840} INFO - DAG(s) 'lotuss_2' retrieved from /opt/airflow/dags/lotuss_2.py
[2025-01-30T13:47:24.274+0000] {logging_mixin.py:188} INFO - [2025-01-30T13:47:24.274+0000] {dag.py:3096} INFO - Sync 1 DAGs
[2025-01-30T13:47:24.280+0000] {logging_mixin.py:188} INFO - [2025-01-30T13:47:24.280+0000] {dag.py:3954} INFO - Setting next_dagrun for lotuss_2 to None, run_after=None
[2025-01-30T13:47:24.288+0000] {processor.py:183} INFO - Processing /opt/airflow/dags/lotuss_2.py took 0.160 seconds
[2025-01-30T13:47:54.667+0000] {processor.py:161} INFO - Started process (PID=11174) to work on /opt/airflow/dags/lotuss_2.py
[2025-01-30T13:47:54.667+0000] {processor.py:830} INFO - Processing file /opt/airflow/dags/lotuss_2.py for tasks to queue
[2025-01-30T13:47:54.668+0000] {logging_mixin.py:188} INFO - [2025-01-30T13:47:54.668+0000] {dagbag.py:540} INFO - Filling up the DagBag from /opt/airflow/dags/lotuss_2.py
[2025-01-30T13:47:54.796+0000] {processor.py:840} INFO - DAG(s) 'lotuss_2' retrieved from /opt/airflow/dags/lotuss_2.py
[2025-01-30T13:47:54.810+0000] {logging_mixin.py:188} INFO - [2025-01-30T13:47:54.810+0000] {dag.py:3096} INFO - Sync 1 DAGs
[2025-01-30T13:47:54.816+0000] {logging_mixin.py:188} INFO - [2025-01-30T13:47:54.816+0000] {dag.py:3954} INFO - Setting next_dagrun for lotuss_2 to None, run_after=None
[2025-01-30T13:47:54.826+0000] {processor.py:183} INFO - Processing /opt/airflow/dags/lotuss_2.py took 0.163 seconds
[2025-01-30T13:48:25.138+0000] {processor.py:161} INFO - Started process (PID=11323) to work on /opt/airflow/dags/lotuss_2.py
[2025-01-30T13:48:25.139+0000] {processor.py:830} INFO - Processing file /opt/airflow/dags/lotuss_2.py for tasks to queue
[2025-01-30T13:48:25.140+0000] {logging_mixin.py:188} INFO - [2025-01-30T13:48:25.139+0000] {dagbag.py:540} INFO - Filling up the DagBag from /opt/airflow/dags/lotuss_2.py
[2025-01-30T13:48:25.270+0000] {processor.py:840} INFO - DAG(s) 'lotuss_2' retrieved from /opt/airflow/dags/lotuss_2.py
[2025-01-30T13:48:25.284+0000] {logging_mixin.py:188} INFO - [2025-01-30T13:48:25.283+0000] {dag.py:3096} INFO - Sync 1 DAGs
[2025-01-30T13:48:25.289+0000] {logging_mixin.py:188} INFO - [2025-01-30T13:48:25.289+0000] {dag.py:3954} INFO - Setting next_dagrun for lotuss_2 to None, run_after=None
[2025-01-30T13:48:25.299+0000] {processor.py:183} INFO - Processing /opt/airflow/dags/lotuss_2.py took 0.165 seconds
[2025-01-30T13:48:55.992+0000] {processor.py:161} INFO - Started process (PID=11465) to work on /opt/airflow/dags/lotuss_2.py
[2025-01-30T13:48:55.992+0000] {processor.py:830} INFO - Processing file /opt/airflow/dags/lotuss_2.py for tasks to queue
[2025-01-30T13:48:55.993+0000] {logging_mixin.py:188} INFO - [2025-01-30T13:48:55.993+0000] {dagbag.py:540} INFO - Filling up the DagBag from /opt/airflow/dags/lotuss_2.py
[2025-01-30T13:48:56.205+0000] {processor.py:840} INFO - DAG(s) 'lotuss_2' retrieved from /opt/airflow/dags/lotuss_2.py
[2025-01-30T13:48:56.216+0000] {logging_mixin.py:188} INFO - [2025-01-30T13:48:56.216+0000] {dag.py:3096} INFO - Sync 1 DAGs
[2025-01-30T13:48:56.222+0000] {logging_mixin.py:188} INFO - [2025-01-30T13:48:56.222+0000] {dag.py:3954} INFO - Setting next_dagrun for lotuss_2 to None, run_after=None
[2025-01-30T13:48:56.229+0000] {processor.py:183} INFO - Processing /opt/airflow/dags/lotuss_2.py took 0.241 seconds
[2025-01-30T13:49:26.495+0000] {processor.py:161} INFO - Started process (PID=11614) to work on /opt/airflow/dags/lotuss_2.py
[2025-01-30T13:49:26.496+0000] {processor.py:830} INFO - Processing file /opt/airflow/dags/lotuss_2.py for tasks to queue
[2025-01-30T13:49:26.497+0000] {logging_mixin.py:188} INFO - [2025-01-30T13:49:26.497+0000] {dagbag.py:540} INFO - Filling up the DagBag from /opt/airflow/dags/lotuss_2.py
[2025-01-30T13:49:26.707+0000] {processor.py:840} INFO - DAG(s) 'lotuss_2' retrieved from /opt/airflow/dags/lotuss_2.py
[2025-01-30T13:49:26.718+0000] {logging_mixin.py:188} INFO - [2025-01-30T13:49:26.718+0000] {dag.py:3096} INFO - Sync 1 DAGs
[2025-01-30T13:49:26.723+0000] {logging_mixin.py:188} INFO - [2025-01-30T13:49:26.723+0000] {dag.py:3954} INFO - Setting next_dagrun for lotuss_2 to None, run_after=None
[2025-01-30T13:49:26.731+0000] {processor.py:183} INFO - Processing /opt/airflow/dags/lotuss_2.py took 0.239 seconds
[2025-01-30T13:49:56.986+0000] {processor.py:161} INFO - Started process (PID=11763) to work on /opt/airflow/dags/lotuss_2.py
[2025-01-30T13:49:56.986+0000] {processor.py:830} INFO - Processing file /opt/airflow/dags/lotuss_2.py for tasks to queue
[2025-01-30T13:49:56.987+0000] {logging_mixin.py:188} INFO - [2025-01-30T13:49:56.987+0000] {dagbag.py:540} INFO - Filling up the DagBag from /opt/airflow/dags/lotuss_2.py
[2025-01-30T13:49:57.202+0000] {processor.py:840} INFO - DAG(s) 'lotuss_2' retrieved from /opt/airflow/dags/lotuss_2.py
[2025-01-30T13:49:57.214+0000] {logging_mixin.py:188} INFO - [2025-01-30T13:49:57.214+0000] {dag.py:3096} INFO - Sync 1 DAGs
[2025-01-30T13:49:57.220+0000] {logging_mixin.py:188} INFO - [2025-01-30T13:49:57.220+0000] {dag.py:3954} INFO - Setting next_dagrun for lotuss_2 to None, run_after=None
[2025-01-30T13:49:57.229+0000] {processor.py:183} INFO - Processing /opt/airflow/dags/lotuss_2.py took 0.247 seconds
[2025-01-30T13:50:27.272+0000] {processor.py:161} INFO - Started process (PID=11905) to work on /opt/airflow/dags/lotuss_2.py
[2025-01-30T13:50:27.272+0000] {processor.py:830} INFO - Processing file /opt/airflow/dags/lotuss_2.py for tasks to queue
[2025-01-30T13:50:27.273+0000] {logging_mixin.py:188} INFO - [2025-01-30T13:50:27.273+0000] {dagbag.py:540} INFO - Filling up the DagBag from /opt/airflow/dags/lotuss_2.py
[2025-01-30T13:50:27.481+0000] {processor.py:840} INFO - DAG(s) 'lotuss_2' retrieved from /opt/airflow/dags/lotuss_2.py
[2025-01-30T13:50:27.493+0000] {logging_mixin.py:188} INFO - [2025-01-30T13:50:27.493+0000] {dag.py:3096} INFO - Sync 1 DAGs
[2025-01-30T13:50:27.498+0000] {logging_mixin.py:188} INFO - [2025-01-30T13:50:27.498+0000] {dag.py:3954} INFO - Setting next_dagrun for lotuss_2 to None, run_after=None
[2025-01-30T13:50:27.505+0000] {processor.py:183} INFO - Processing /opt/airflow/dags/lotuss_2.py took 0.237 seconds
[2025-01-30T13:50:57.860+0000] {processor.py:161} INFO - Started process (PID=12054) to work on /opt/airflow/dags/lotuss_2.py
[2025-01-30T13:50:57.860+0000] {processor.py:830} INFO - Processing file /opt/airflow/dags/lotuss_2.py for tasks to queue
[2025-01-30T13:50:57.861+0000] {logging_mixin.py:188} INFO - [2025-01-30T13:50:57.861+0000] {dagbag.py:540} INFO - Filling up the DagBag from /opt/airflow/dags/lotuss_2.py
[2025-01-30T13:50:58.064+0000] {processor.py:840} INFO - DAG(s) 'lotuss_2' retrieved from /opt/airflow/dags/lotuss_2.py
[2025-01-30T13:50:58.077+0000] {logging_mixin.py:188} INFO - [2025-01-30T13:50:58.077+0000] {dag.py:3096} INFO - Sync 1 DAGs
[2025-01-30T13:50:58.082+0000] {logging_mixin.py:188} INFO - [2025-01-30T13:50:58.082+0000] {dag.py:3954} INFO - Setting next_dagrun for lotuss_2 to None, run_after=None
[2025-01-30T13:50:58.091+0000] {processor.py:183} INFO - Processing /opt/airflow/dags/lotuss_2.py took 0.235 seconds
[2025-01-30T13:51:28.251+0000] {processor.py:161} INFO - Started process (PID=12203) to work on /opt/airflow/dags/lotuss_2.py
[2025-01-30T13:51:28.252+0000] {processor.py:830} INFO - Processing file /opt/airflow/dags/lotuss_2.py for tasks to queue
[2025-01-30T13:51:28.253+0000] {logging_mixin.py:188} INFO - [2025-01-30T13:51:28.253+0000] {dagbag.py:540} INFO - Filling up the DagBag from /opt/airflow/dags/lotuss_2.py
[2025-01-30T13:51:28.461+0000] {processor.py:840} INFO - DAG(s) 'lotuss_2' retrieved from /opt/airflow/dags/lotuss_2.py
[2025-01-30T13:51:28.474+0000] {logging_mixin.py:188} INFO - [2025-01-30T13:51:28.473+0000] {dag.py:3096} INFO - Sync 1 DAGs
[2025-01-30T13:51:28.479+0000] {logging_mixin.py:188} INFO - [2025-01-30T13:51:28.479+0000] {dag.py:3954} INFO - Setting next_dagrun for lotuss_2 to None, run_after=None
[2025-01-30T13:51:28.487+0000] {processor.py:183} INFO - Processing /opt/airflow/dags/lotuss_2.py took 0.240 seconds
[2025-01-30T13:51:59.153+0000] {processor.py:161} INFO - Started process (PID=12345) to work on /opt/airflow/dags/lotuss_2.py
[2025-01-30T13:51:59.153+0000] {processor.py:830} INFO - Processing file /opt/airflow/dags/lotuss_2.py for tasks to queue
[2025-01-30T13:51:59.154+0000] {logging_mixin.py:188} INFO - [2025-01-30T13:51:59.154+0000] {dagbag.py:540} INFO - Filling up the DagBag from /opt/airflow/dags/lotuss_2.py
[2025-01-30T13:51:59.279+0000] {processor.py:840} INFO - DAG(s) 'lotuss_2' retrieved from /opt/airflow/dags/lotuss_2.py
[2025-01-30T13:51:59.293+0000] {logging_mixin.py:188} INFO - [2025-01-30T13:51:59.293+0000] {dag.py:3096} INFO - Sync 1 DAGs
[2025-01-30T13:51:59.299+0000] {logging_mixin.py:188} INFO - [2025-01-30T13:51:59.299+0000] {dag.py:3954} INFO - Setting next_dagrun for lotuss_2 to None, run_after=None
[2025-01-30T13:51:59.308+0000] {processor.py:183} INFO - Processing /opt/airflow/dags/lotuss_2.py took 0.158 seconds
[2025-01-30T13:52:29.919+0000] {processor.py:161} INFO - Started process (PID=12494) to work on /opt/airflow/dags/lotuss_2.py
[2025-01-30T13:52:29.920+0000] {processor.py:830} INFO - Processing file /opt/airflow/dags/lotuss_2.py for tasks to queue
[2025-01-30T13:52:29.921+0000] {logging_mixin.py:188} INFO - [2025-01-30T13:52:29.921+0000] {dagbag.py:540} INFO - Filling up the DagBag from /opt/airflow/dags/lotuss_2.py
[2025-01-30T13:52:30.045+0000] {processor.py:840} INFO - DAG(s) 'lotuss_2' retrieved from /opt/airflow/dags/lotuss_2.py
[2025-01-30T13:52:30.059+0000] {logging_mixin.py:188} INFO - [2025-01-30T13:52:30.059+0000] {dag.py:3096} INFO - Sync 1 DAGs
[2025-01-30T13:52:30.065+0000] {logging_mixin.py:188} INFO - [2025-01-30T13:52:30.065+0000] {dag.py:3954} INFO - Setting next_dagrun for lotuss_2 to None, run_after=None
[2025-01-30T13:52:30.073+0000] {processor.py:183} INFO - Processing /opt/airflow/dags/lotuss_2.py took 0.157 seconds
[2025-01-30T13:53:00.659+0000] {processor.py:161} INFO - Started process (PID=12643) to work on /opt/airflow/dags/lotuss_2.py
[2025-01-30T13:53:00.660+0000] {processor.py:830} INFO - Processing file /opt/airflow/dags/lotuss_2.py for tasks to queue
[2025-01-30T13:53:00.661+0000] {logging_mixin.py:188} INFO - [2025-01-30T13:53:00.661+0000] {dagbag.py:540} INFO - Filling up the DagBag from /opt/airflow/dags/lotuss_2.py
[2025-01-30T13:53:00.786+0000] {processor.py:840} INFO - DAG(s) 'lotuss_2' retrieved from /opt/airflow/dags/lotuss_2.py
[2025-01-30T13:53:00.800+0000] {logging_mixin.py:188} INFO - [2025-01-30T13:53:00.800+0000] {dag.py:3096} INFO - Sync 1 DAGs
[2025-01-30T13:53:00.806+0000] {logging_mixin.py:188} INFO - [2025-01-30T13:53:00.806+0000] {dag.py:3954} INFO - Setting next_dagrun for lotuss_2 to None, run_after=None
[2025-01-30T13:53:00.816+0000] {processor.py:183} INFO - Processing /opt/airflow/dags/lotuss_2.py took 0.159 seconds
[2025-01-30T13:53:31.404+0000] {processor.py:161} INFO - Started process (PID=12785) to work on /opt/airflow/dags/lotuss_2.py
[2025-01-30T13:53:31.405+0000] {processor.py:830} INFO - Processing file /opt/airflow/dags/lotuss_2.py for tasks to queue
[2025-01-30T13:53:31.406+0000] {logging_mixin.py:188} INFO - [2025-01-30T13:53:31.406+0000] {dagbag.py:540} INFO - Filling up the DagBag from /opt/airflow/dags/lotuss_2.py
[2025-01-30T13:53:31.530+0000] {processor.py:840} INFO - DAG(s) 'lotuss_2' retrieved from /opt/airflow/dags/lotuss_2.py
[2025-01-30T13:53:31.545+0000] {logging_mixin.py:188} INFO - [2025-01-30T13:53:31.544+0000] {dag.py:3096} INFO - Sync 1 DAGs
[2025-01-30T13:53:31.550+0000] {logging_mixin.py:188} INFO - [2025-01-30T13:53:31.550+0000] {dag.py:3954} INFO - Setting next_dagrun for lotuss_2 to None, run_after=None
[2025-01-30T13:53:31.560+0000] {processor.py:183} INFO - Processing /opt/airflow/dags/lotuss_2.py took 0.158 seconds
[2025-01-30T13:54:01.885+0000] {processor.py:161} INFO - Started process (PID=12934) to work on /opt/airflow/dags/lotuss_2.py
[2025-01-30T13:54:01.886+0000] {processor.py:830} INFO - Processing file /opt/airflow/dags/lotuss_2.py for tasks to queue
[2025-01-30T13:54:01.887+0000] {logging_mixin.py:188} INFO - [2025-01-30T13:54:01.887+0000] {dagbag.py:540} INFO - Filling up the DagBag from /opt/airflow/dags/lotuss_2.py
[2025-01-30T13:54:02.012+0000] {processor.py:840} INFO - DAG(s) 'lotuss_2' retrieved from /opt/airflow/dags/lotuss_2.py
[2025-01-30T13:54:02.026+0000] {logging_mixin.py:188} INFO - [2025-01-30T13:54:02.026+0000] {dag.py:3096} INFO - Sync 1 DAGs
[2025-01-30T13:54:02.032+0000] {logging_mixin.py:188} INFO - [2025-01-30T13:54:02.032+0000] {dag.py:3954} INFO - Setting next_dagrun for lotuss_2 to None, run_after=None
[2025-01-30T13:54:02.040+0000] {processor.py:183} INFO - Processing /opt/airflow/dags/lotuss_2.py took 0.158 seconds
[2025-01-30T13:54:32.245+0000] {processor.py:161} INFO - Started process (PID=13083) to work on /opt/airflow/dags/lotuss_2.py
[2025-01-30T13:54:32.246+0000] {processor.py:830} INFO - Processing file /opt/airflow/dags/lotuss_2.py for tasks to queue
[2025-01-30T13:54:32.247+0000] {logging_mixin.py:188} INFO - [2025-01-30T13:54:32.247+0000] {dagbag.py:540} INFO - Filling up the DagBag from /opt/airflow/dags/lotuss_2.py
[2025-01-30T13:54:32.374+0000] {processor.py:840} INFO - DAG(s) 'lotuss_2' retrieved from /opt/airflow/dags/lotuss_2.py
[2025-01-30T13:54:32.388+0000] {logging_mixin.py:188} INFO - [2025-01-30T13:54:32.387+0000] {dag.py:3096} INFO - Sync 1 DAGs
[2025-01-30T13:54:32.394+0000] {logging_mixin.py:188} INFO - [2025-01-30T13:54:32.394+0000] {dag.py:3954} INFO - Setting next_dagrun for lotuss_2 to None, run_after=None
[2025-01-30T13:54:32.404+0000] {processor.py:183} INFO - Processing /opt/airflow/dags/lotuss_2.py took 0.163 seconds
[2025-01-30T13:55:02.426+0000] {processor.py:161} INFO - Started process (PID=13225) to work on /opt/airflow/dags/lotuss_2.py
[2025-01-30T13:55:02.427+0000] {processor.py:830} INFO - Processing file /opt/airflow/dags/lotuss_2.py for tasks to queue
[2025-01-30T13:55:02.428+0000] {logging_mixin.py:188} INFO - [2025-01-30T13:55:02.427+0000] {dagbag.py:540} INFO - Filling up the DagBag from /opt/airflow/dags/lotuss_2.py
[2025-01-30T13:55:02.560+0000] {processor.py:840} INFO - DAG(s) 'lotuss_2' retrieved from /opt/airflow/dags/lotuss_2.py
[2025-01-30T13:55:02.575+0000] {logging_mixin.py:188} INFO - [2025-01-30T13:55:02.575+0000] {dag.py:3096} INFO - Sync 1 DAGs
[2025-01-30T13:55:02.581+0000] {logging_mixin.py:188} INFO - [2025-01-30T13:55:02.581+0000] {dag.py:3954} INFO - Setting next_dagrun for lotuss_2 to None, run_after=None
[2025-01-30T13:55:02.589+0000] {processor.py:183} INFO - Processing /opt/airflow/dags/lotuss_2.py took 0.166 seconds
[2025-01-30T13:55:32.911+0000] {processor.py:161} INFO - Started process (PID=13374) to work on /opt/airflow/dags/lotuss_2.py
[2025-01-30T13:55:32.912+0000] {processor.py:830} INFO - Processing file /opt/airflow/dags/lotuss_2.py for tasks to queue
[2025-01-30T13:55:32.913+0000] {logging_mixin.py:188} INFO - [2025-01-30T13:55:32.913+0000] {dagbag.py:540} INFO - Filling up the DagBag from /opt/airflow/dags/lotuss_2.py
[2025-01-30T13:55:33.037+0000] {processor.py:840} INFO - DAG(s) 'lotuss_2' retrieved from /opt/airflow/dags/lotuss_2.py
[2025-01-30T13:55:33.051+0000] {logging_mixin.py:188} INFO - [2025-01-30T13:55:33.050+0000] {dag.py:3096} INFO - Sync 1 DAGs
[2025-01-30T13:55:33.057+0000] {logging_mixin.py:188} INFO - [2025-01-30T13:55:33.057+0000] {dag.py:3954} INFO - Setting next_dagrun for lotuss_2 to None, run_after=None
[2025-01-30T13:55:33.066+0000] {processor.py:183} INFO - Processing /opt/airflow/dags/lotuss_2.py took 0.159 seconds
[2025-01-30T13:56:03.114+0000] {processor.py:161} INFO - Started process (PID=13523) to work on /opt/airflow/dags/lotuss_2.py
[2025-01-30T13:56:03.115+0000] {processor.py:830} INFO - Processing file /opt/airflow/dags/lotuss_2.py for tasks to queue
[2025-01-30T13:56:03.116+0000] {logging_mixin.py:188} INFO - [2025-01-30T13:56:03.115+0000] {dagbag.py:540} INFO - Filling up the DagBag from /opt/airflow/dags/lotuss_2.py
[2025-01-30T13:56:03.242+0000] {processor.py:840} INFO - DAG(s) 'lotuss_2' retrieved from /opt/airflow/dags/lotuss_2.py
[2025-01-30T13:56:03.255+0000] {logging_mixin.py:188} INFO - [2025-01-30T13:56:03.254+0000] {dag.py:3096} INFO - Sync 1 DAGs
[2025-01-30T13:56:03.262+0000] {logging_mixin.py:188} INFO - [2025-01-30T13:56:03.262+0000] {dag.py:3954} INFO - Setting next_dagrun for lotuss_2 to None, run_after=None
[2025-01-30T13:56:03.271+0000] {processor.py:183} INFO - Processing /opt/airflow/dags/lotuss_2.py took 0.160 seconds
[2025-01-30T13:56:33.505+0000] {processor.py:161} INFO - Started process (PID=13665) to work on /opt/airflow/dags/lotuss_2.py
[2025-01-30T13:56:33.506+0000] {processor.py:830} INFO - Processing file /opt/airflow/dags/lotuss_2.py for tasks to queue
[2025-01-30T13:56:33.507+0000] {logging_mixin.py:188} INFO - [2025-01-30T13:56:33.507+0000] {dagbag.py:540} INFO - Filling up the DagBag from /opt/airflow/dags/lotuss_2.py
[2025-01-30T13:56:33.639+0000] {processor.py:840} INFO - DAG(s) 'lotuss_2' retrieved from /opt/airflow/dags/lotuss_2.py
[2025-01-30T13:56:33.653+0000] {logging_mixin.py:188} INFO - [2025-01-30T13:56:33.653+0000] {dag.py:3096} INFO - Sync 1 DAGs
[2025-01-30T13:56:33.660+0000] {logging_mixin.py:188} INFO - [2025-01-30T13:56:33.660+0000] {dag.py:3954} INFO - Setting next_dagrun for lotuss_2 to None, run_after=None
[2025-01-30T13:56:33.668+0000] {processor.py:183} INFO - Processing /opt/airflow/dags/lotuss_2.py took 0.167 seconds
[2025-01-30T13:57:03.930+0000] {processor.py:161} INFO - Started process (PID=13814) to work on /opt/airflow/dags/lotuss_2.py
[2025-01-30T13:57:03.931+0000] {processor.py:830} INFO - Processing file /opt/airflow/dags/lotuss_2.py for tasks to queue
[2025-01-30T13:57:03.932+0000] {logging_mixin.py:188} INFO - [2025-01-30T13:57:03.931+0000] {dagbag.py:540} INFO - Filling up the DagBag from /opt/airflow/dags/lotuss_2.py
[2025-01-30T13:57:04.064+0000] {processor.py:840} INFO - DAG(s) 'lotuss_2' retrieved from /opt/airflow/dags/lotuss_2.py
[2025-01-30T13:57:04.078+0000] {logging_mixin.py:188} INFO - [2025-01-30T13:57:04.078+0000] {dag.py:3096} INFO - Sync 1 DAGs
[2025-01-30T13:57:04.084+0000] {logging_mixin.py:188} INFO - [2025-01-30T13:57:04.084+0000] {dag.py:3954} INFO - Setting next_dagrun for lotuss_2 to None, run_after=None
[2025-01-30T13:57:04.182+0000] {processor.py:183} INFO - Processing /opt/airflow/dags/lotuss_2.py took 0.257 seconds
[2025-01-30T13:57:34.799+0000] {processor.py:161} INFO - Started process (PID=13963) to work on /opt/airflow/dags/lotuss_2.py
[2025-01-30T13:57:34.800+0000] {processor.py:830} INFO - Processing file /opt/airflow/dags/lotuss_2.py for tasks to queue
[2025-01-30T13:57:34.801+0000] {logging_mixin.py:188} INFO - [2025-01-30T13:57:34.801+0000] {dagbag.py:540} INFO - Filling up the DagBag from /opt/airflow/dags/lotuss_2.py
[2025-01-30T13:57:34.929+0000] {processor.py:840} INFO - DAG(s) 'lotuss_2' retrieved from /opt/airflow/dags/lotuss_2.py
[2025-01-30T13:57:35.028+0000] {logging_mixin.py:188} INFO - [2025-01-30T13:57:35.027+0000] {dag.py:3096} INFO - Sync 1 DAGs
[2025-01-30T13:57:35.033+0000] {logging_mixin.py:188} INFO - [2025-01-30T13:57:35.033+0000] {dag.py:3954} INFO - Setting next_dagrun for lotuss_2 to None, run_after=None
[2025-01-30T13:57:35.042+0000] {processor.py:183} INFO - Processing /opt/airflow/dags/lotuss_2.py took 0.246 seconds
[2025-01-30T13:58:05.549+0000] {processor.py:161} INFO - Started process (PID=14105) to work on /opt/airflow/dags/lotuss_2.py
[2025-01-30T13:58:05.550+0000] {processor.py:830} INFO - Processing file /opt/airflow/dags/lotuss_2.py for tasks to queue
[2025-01-30T13:58:05.550+0000] {logging_mixin.py:188} INFO - [2025-01-30T13:58:05.550+0000] {dagbag.py:540} INFO - Filling up the DagBag from /opt/airflow/dags/lotuss_2.py
[2025-01-30T13:58:05.759+0000] {processor.py:840} INFO - DAG(s) 'lotuss_2' retrieved from /opt/airflow/dags/lotuss_2.py
[2025-01-30T13:58:05.771+0000] {logging_mixin.py:188} INFO - [2025-01-30T13:58:05.771+0000] {dag.py:3096} INFO - Sync 1 DAGs
[2025-01-30T13:58:05.776+0000] {logging_mixin.py:188} INFO - [2025-01-30T13:58:05.776+0000] {dag.py:3954} INFO - Setting next_dagrun for lotuss_2 to None, run_after=None
[2025-01-30T13:58:05.783+0000] {processor.py:183} INFO - Processing /opt/airflow/dags/lotuss_2.py took 0.237 seconds
[2025-01-30T13:58:35.954+0000] {processor.py:161} INFO - Started process (PID=14254) to work on /opt/airflow/dags/lotuss_2.py
[2025-01-30T13:58:35.955+0000] {processor.py:830} INFO - Processing file /opt/airflow/dags/lotuss_2.py for tasks to queue
[2025-01-30T13:58:35.956+0000] {logging_mixin.py:188} INFO - [2025-01-30T13:58:35.956+0000] {dagbag.py:540} INFO - Filling up the DagBag from /opt/airflow/dags/lotuss_2.py
[2025-01-30T13:58:36.163+0000] {processor.py:840} INFO - DAG(s) 'lotuss_2' retrieved from /opt/airflow/dags/lotuss_2.py
[2025-01-30T13:58:36.175+0000] {logging_mixin.py:188} INFO - [2025-01-30T13:58:36.175+0000] {dag.py:3096} INFO - Sync 1 DAGs
[2025-01-30T13:58:36.180+0000] {logging_mixin.py:188} INFO - [2025-01-30T13:58:36.180+0000] {dag.py:3954} INFO - Setting next_dagrun for lotuss_2 to None, run_after=None
[2025-01-30T13:58:36.188+0000] {processor.py:183} INFO - Processing /opt/airflow/dags/lotuss_2.py took 0.237 seconds
[2025-01-30T13:59:06.470+0000] {processor.py:161} INFO - Started process (PID=14404) to work on /opt/airflow/dags/lotuss_2.py
[2025-01-30T13:59:06.471+0000] {processor.py:830} INFO - Processing file /opt/airflow/dags/lotuss_2.py for tasks to queue
[2025-01-30T13:59:06.472+0000] {logging_mixin.py:188} INFO - [2025-01-30T13:59:06.471+0000] {dagbag.py:540} INFO - Filling up the DagBag from /opt/airflow/dags/lotuss_2.py
[2025-01-30T13:59:06.682+0000] {processor.py:840} INFO - DAG(s) 'lotuss_2' retrieved from /opt/airflow/dags/lotuss_2.py
[2025-01-30T13:59:06.694+0000] {logging_mixin.py:188} INFO - [2025-01-30T13:59:06.694+0000] {dag.py:3096} INFO - Sync 1 DAGs
[2025-01-30T13:59:06.699+0000] {logging_mixin.py:188} INFO - [2025-01-30T13:59:06.699+0000] {dag.py:3954} INFO - Setting next_dagrun for lotuss_2 to None, run_after=None
[2025-01-30T13:59:06.706+0000] {processor.py:183} INFO - Processing /opt/airflow/dags/lotuss_2.py took 0.240 seconds
[2025-01-30T13:59:36.899+0000] {processor.py:161} INFO - Started process (PID=14546) to work on /opt/airflow/dags/lotuss_2.py
[2025-01-30T13:59:36.900+0000] {processor.py:830} INFO - Processing file /opt/airflow/dags/lotuss_2.py for tasks to queue
[2025-01-30T13:59:36.901+0000] {logging_mixin.py:188} INFO - [2025-01-30T13:59:36.901+0000] {dagbag.py:540} INFO - Filling up the DagBag from /opt/airflow/dags/lotuss_2.py
[2025-01-30T13:59:37.105+0000] {processor.py:840} INFO - DAG(s) 'lotuss_2' retrieved from /opt/airflow/dags/lotuss_2.py
[2025-01-30T13:59:37.118+0000] {logging_mixin.py:188} INFO - [2025-01-30T13:59:37.117+0000] {dag.py:3096} INFO - Sync 1 DAGs
[2025-01-30T13:59:37.123+0000] {logging_mixin.py:188} INFO - [2025-01-30T13:59:37.123+0000] {dag.py:3954} INFO - Setting next_dagrun for lotuss_2 to None, run_after=None
[2025-01-30T13:59:37.131+0000] {processor.py:183} INFO - Processing /opt/airflow/dags/lotuss_2.py took 0.235 seconds
[2025-01-30T14:00:07.471+0000] {processor.py:161} INFO - Started process (PID=14695) to work on /opt/airflow/dags/lotuss_2.py
[2025-01-30T14:00:07.472+0000] {processor.py:830} INFO - Processing file /opt/airflow/dags/lotuss_2.py for tasks to queue
[2025-01-30T14:00:07.473+0000] {logging_mixin.py:188} INFO - [2025-01-30T14:00:07.472+0000] {dagbag.py:540} INFO - Filling up the DagBag from /opt/airflow/dags/lotuss_2.py
[2025-01-30T14:00:07.598+0000] {processor.py:840} INFO - DAG(s) 'lotuss_2' retrieved from /opt/airflow/dags/lotuss_2.py
[2025-01-30T14:00:07.611+0000] {logging_mixin.py:188} INFO - [2025-01-30T14:00:07.611+0000] {dag.py:3096} INFO - Sync 1 DAGs
[2025-01-30T14:00:07.617+0000] {logging_mixin.py:188} INFO - [2025-01-30T14:00:07.617+0000] {dag.py:3954} INFO - Setting next_dagrun for lotuss_2 to None, run_after=None
[2025-01-30T14:00:07.625+0000] {processor.py:183} INFO - Processing /opt/airflow/dags/lotuss_2.py took 0.157 seconds
[2025-01-30T14:00:37.713+0000] {processor.py:161} INFO - Started process (PID=14844) to work on /opt/airflow/dags/lotuss_2.py
[2025-01-30T14:00:37.714+0000] {processor.py:830} INFO - Processing file /opt/airflow/dags/lotuss_2.py for tasks to queue
[2025-01-30T14:00:37.715+0000] {logging_mixin.py:188} INFO - [2025-01-30T14:00:37.715+0000] {dagbag.py:540} INFO - Filling up the DagBag from /opt/airflow/dags/lotuss_2.py
[2025-01-30T14:00:37.846+0000] {processor.py:840} INFO - DAG(s) 'lotuss_2' retrieved from /opt/airflow/dags/lotuss_2.py
[2025-01-30T14:00:37.860+0000] {logging_mixin.py:188} INFO - [2025-01-30T14:00:37.860+0000] {dag.py:3096} INFO - Sync 1 DAGs
[2025-01-30T14:00:37.866+0000] {logging_mixin.py:188} INFO - [2025-01-30T14:00:37.866+0000] {dag.py:3954} INFO - Setting next_dagrun for lotuss_2 to None, run_after=None
[2025-01-30T14:00:37.875+0000] {processor.py:183} INFO - Processing /opt/airflow/dags/lotuss_2.py took 0.165 seconds
[2025-01-30T14:01:08.016+0000] {processor.py:161} INFO - Started process (PID=14986) to work on /opt/airflow/dags/lotuss_2.py
[2025-01-30T14:01:08.017+0000] {processor.py:830} INFO - Processing file /opt/airflow/dags/lotuss_2.py for tasks to queue
[2025-01-30T14:01:08.018+0000] {logging_mixin.py:188} INFO - [2025-01-30T14:01:08.018+0000] {dagbag.py:540} INFO - Filling up the DagBag from /opt/airflow/dags/lotuss_2.py
[2025-01-30T14:01:08.152+0000] {processor.py:840} INFO - DAG(s) 'lotuss_2' retrieved from /opt/airflow/dags/lotuss_2.py
[2025-01-30T14:01:08.168+0000] {logging_mixin.py:188} INFO - [2025-01-30T14:01:08.168+0000] {dag.py:3096} INFO - Sync 1 DAGs
[2025-01-30T14:01:08.174+0000] {logging_mixin.py:188} INFO - [2025-01-30T14:01:08.174+0000] {dag.py:3954} INFO - Setting next_dagrun for lotuss_2 to None, run_after=None
[2025-01-30T14:01:08.183+0000] {processor.py:183} INFO - Processing /opt/airflow/dags/lotuss_2.py took 0.170 seconds
[2025-01-30T14:01:38.338+0000] {processor.py:161} INFO - Started process (PID=15135) to work on /opt/airflow/dags/lotuss_2.py
[2025-01-30T14:01:38.339+0000] {processor.py:830} INFO - Processing file /opt/airflow/dags/lotuss_2.py for tasks to queue
[2025-01-30T14:01:38.340+0000] {logging_mixin.py:188} INFO - [2025-01-30T14:01:38.340+0000] {dagbag.py:540} INFO - Filling up the DagBag from /opt/airflow/dags/lotuss_2.py
[2025-01-30T14:01:38.468+0000] {processor.py:840} INFO - DAG(s) 'lotuss_2' retrieved from /opt/airflow/dags/lotuss_2.py
[2025-01-30T14:01:38.481+0000] {logging_mixin.py:188} INFO - [2025-01-30T14:01:38.481+0000] {dag.py:3096} INFO - Sync 1 DAGs
[2025-01-30T14:01:38.487+0000] {logging_mixin.py:188} INFO - [2025-01-30T14:01:38.487+0000] {dag.py:3954} INFO - Setting next_dagrun for lotuss_2 to None, run_after=None
[2025-01-30T14:01:38.495+0000] {processor.py:183} INFO - Processing /opt/airflow/dags/lotuss_2.py took 0.160 seconds
[2025-01-30T14:02:08.570+0000] {processor.py:161} INFO - Started process (PID=15277) to work on /opt/airflow/dags/lotuss_2.py
[2025-01-30T14:02:08.571+0000] {processor.py:830} INFO - Processing file /opt/airflow/dags/lotuss_2.py for tasks to queue
[2025-01-30T14:02:08.572+0000] {logging_mixin.py:188} INFO - [2025-01-30T14:02:08.572+0000] {dagbag.py:540} INFO - Filling up the DagBag from /opt/airflow/dags/lotuss_2.py
[2025-01-30T14:02:08.706+0000] {processor.py:840} INFO - DAG(s) 'lotuss_2' retrieved from /opt/airflow/dags/lotuss_2.py
[2025-01-30T14:02:08.719+0000] {logging_mixin.py:188} INFO - [2025-01-30T14:02:08.719+0000] {dag.py:3096} INFO - Sync 1 DAGs
[2025-01-30T14:02:08.726+0000] {logging_mixin.py:188} INFO - [2025-01-30T14:02:08.726+0000] {dag.py:3954} INFO - Setting next_dagrun for lotuss_2 to None, run_after=None
[2025-01-30T14:02:08.734+0000] {processor.py:183} INFO - Processing /opt/airflow/dags/lotuss_2.py took 0.168 seconds
