[2025-02-19T02:25:59.729+0000] {local_task_job_runner.py:120} INFO - ::group::Pre task execution logs
[2025-02-19T02:25:59.803+0000] {taskinstance.py:2073} INFO - Dependencies all met for dep_context=non-requeueable deps ti=<TaskInstance: BigC_1.scrape_meat manual__2025-02-19T02:25:52.478866+00:00 [queued]>
[2025-02-19T02:25:59.827+0000] {taskinstance.py:2073} INFO - Dependencies all met for dep_context=requeueable deps ti=<TaskInstance: BigC_1.scrape_meat manual__2025-02-19T02:25:52.478866+00:00 [queued]>
[2025-02-19T02:25:59.829+0000] {taskinstance.py:2303} INFO - Starting attempt 1 of 1
[2025-02-19T02:25:59.857+0000] {taskinstance.py:2327} INFO - Executing <Task(PythonOperator): scrape_meat> on 2025-02-19 02:25:52.478866+00:00
[2025-02-19T02:25:59.866+0000] {standard_task_runner.py:63} INFO - Started process 1117 to run task
[2025-02-19T02:25:59.873+0000] {standard_task_runner.py:90} INFO - Running: ['***', 'tasks', 'run', 'BigC_1', 'scrape_meat', 'manual__2025-02-19T02:25:52.478866+00:00', '--job-id', '5', '--raw', '--subdir', 'DAGS_FOLDER/bigC_1.py', '--cfg-path', '/tmp/tmp3agz4hhp']
[2025-02-19T02:25:59.879+0000] {standard_task_runner.py:91} INFO - Job 5: Subtask scrape_meat
[2025-02-19T02:26:00.040+0000] {task_command.py:426} INFO - Running <TaskInstance: BigC_1.scrape_meat manual__2025-02-19T02:25:52.478866+00:00 [running]> on host d66466d4e499
[2025-02-19T02:26:00.335+0000] {taskinstance.py:2644} INFO - Exporting env vars: AIRFLOW_CTX_DAG_OWNER='norasit.k' AIRFLOW_CTX_DAG_ID='BigC_1' AIRFLOW_CTX_TASK_ID='scrape_meat' AIRFLOW_CTX_EXECUTION_DATE='2025-02-19T02:25:52.478866+00:00' AIRFLOW_CTX_TRY_NUMBER='1' AIRFLOW_CTX_DAG_RUN_ID='manual__2025-02-19T02:25:52.478866+00:00'
[2025-02-19T02:26:00.339+0000] {taskinstance.py:430} INFO - ::endgroup::
[2025-02-19T02:26:00.401+0000] {logging_mixin.py:188} WARNING - /home/***/.local/lib/python3.9/site-packages/***/utils/context.py:320 AirflowContextDeprecationWarning: Accessing 'execution_date' from the template is deprecated and will be removed in a future version. Please use 'data_interval_start' or 'logical_date' instead.
[2025-02-19T02:26:03.688+0000] {logging_mixin.py:188} INFO - 30
[2025-02-19T02:26:03.691+0000] {logging_mixin.py:188} INFO - Scraped page 1, found 30 products.
[2025-02-19T02:26:04.694+0000] {logging_mixin.py:188} INFO - 30
[2025-02-19T02:26:04.696+0000] {logging_mixin.py:188} INFO - Scraped page 2, found 30 products.
[2025-02-19T02:26:06.773+0000] {logging_mixin.py:188} INFO - 30
[2025-02-19T02:26:06.775+0000] {logging_mixin.py:188} INFO - Scraped page 3, found 30 products.
[2025-02-19T02:26:08.447+0000] {logging_mixin.py:188} INFO - 30
[2025-02-19T02:26:08.449+0000] {logging_mixin.py:188} INFO - Scraped page 4, found 30 products.
[2025-02-19T02:26:09.346+0000] {logging_mixin.py:188} INFO - 10
[2025-02-19T02:26:09.347+0000] {logging_mixin.py:188} INFO - Scraped page 5, found 10 products.
[2025-02-19T02:26:11.447+0000] {logging_mixin.py:188} INFO - 0
[2025-02-19T02:26:11.448+0000] {logging_mixin.py:188} INFO - No products found on page 6. Stopping scrape.
[2025-02-19T02:26:11.461+0000] {logging_mixin.py:188} INFO - Data saved to /opt/***/dags/raw_files/bigC_meat_2025_02_19.json
[2025-02-19T02:26:11.465+0000] {python.py:237} INFO - Done. Returned value was: {'filepath': '/opt/***/dags/raw_files/bigC_meat_2025_02_19.json', 'page_count': 5, 'product_count': 130}
[2025-02-19T02:26:11.467+0000] {taskinstance.py:441} INFO - ::group::Post task execution logs
[2025-02-19T02:26:11.510+0000] {taskinstance.py:1205} INFO - Marking task as SUCCESS. dag_id=BigC_1, task_id=scrape_meat, execution_date=20250219T022552, start_date=20250219T022559, end_date=20250219T022611
[2025-02-19T02:26:11.572+0000] {local_task_job_runner.py:240} INFO - Task exited with return code 0
[2025-02-19T02:26:11.638+0000] {taskinstance.py:3482} INFO - 1 downstream tasks scheduled from follow-on schedule check
[2025-02-19T02:26:11.643+0000] {local_task_job_runner.py:222} INFO - ::endgroup::
