[2025-01-09T14:24:27.925+0000] {processor.py:161} INFO - Started process (PID=3764) to work on /opt/airflow/dags/lotuss_1.py
[2025-01-09T14:24:27.926+0000] {processor.py:830} INFO - Processing file /opt/airflow/dags/lotuss_1.py for tasks to queue
[2025-01-09T14:24:27.928+0000] {logging_mixin.py:188} INFO - [2025-01-09T14:24:27.928+0000] {dagbag.py:540} INFO - Filling up the DagBag from /opt/airflow/dags/lotuss_1.py
[2025-01-09T14:24:28.230+0000] {processor.py:840} INFO - DAG(s) 'lotuss_1' retrieved from /opt/airflow/dags/lotuss_1.py
[2025-01-09T14:24:28.383+0000] {logging_mixin.py:188} INFO - [2025-01-09T14:24:28.381+0000] {override.py:1829} INFO - Created Permission View: can edit on DAG:lotuss_1
[2025-01-09T14:24:28.410+0000] {logging_mixin.py:188} INFO - [2025-01-09T14:24:28.409+0000] {override.py:1829} INFO - Created Permission View: can read on DAG:lotuss_1
[2025-01-09T14:24:28.421+0000] {logging_mixin.py:188} INFO - [2025-01-09T14:24:28.421+0000] {override.py:1829} INFO - Created Permission View: can delete on DAG:lotuss_1
[2025-01-09T14:24:28.422+0000] {logging_mixin.py:188} INFO - [2025-01-09T14:24:28.421+0000] {dag.py:3096} INFO - Sync 1 DAGs
[2025-01-09T14:24:28.437+0000] {logging_mixin.py:188} INFO - [2025-01-09T14:24:28.436+0000] {dag.py:3118} INFO - Creating ORM DAG for lotuss_1
[2025-01-09T14:24:28.438+0000] {logging_mixin.py:188} INFO - [2025-01-09T14:24:28.437+0000] {dag.py:3954} INFO - Setting next_dagrun for lotuss_1 to None, run_after=None
[2025-01-09T14:24:28.455+0000] {processor.py:183} INFO - Processing /opt/airflow/dags/lotuss_1.py took 0.539 seconds
[2025-01-09T14:24:40.608+0000] {processor.py:161} INFO - Started process (PID=3786) to work on /opt/airflow/dags/lotuss_1.py
[2025-01-09T14:24:40.609+0000] {processor.py:830} INFO - Processing file /opt/airflow/dags/lotuss_1.py for tasks to queue
[2025-01-09T14:24:40.612+0000] {logging_mixin.py:188} INFO - [2025-01-09T14:24:40.611+0000] {dagbag.py:540} INFO - Filling up the DagBag from /opt/airflow/dags/lotuss_1.py
[2025-01-09T14:24:40.908+0000] {processor.py:840} INFO - DAG(s) 'lotuss_1' retrieved from /opt/airflow/dags/lotuss_1.py
[2025-01-09T14:24:40.919+0000] {logging_mixin.py:188} INFO - [2025-01-09T14:24:40.918+0000] {dag.py:3096} INFO - Sync 1 DAGs
[2025-01-09T14:24:40.930+0000] {logging_mixin.py:188} INFO - [2025-01-09T14:24:40.930+0000] {dag.py:3954} INFO - Setting next_dagrun for lotuss_1 to None, run_after=None
[2025-01-09T14:24:40.949+0000] {processor.py:183} INFO - Processing /opt/airflow/dags/lotuss_1.py took 0.350 seconds
[2025-01-09T14:25:01.241+0000] {processor.py:161} INFO - Started process (PID=3873) to work on /opt/airflow/dags/lotuss_1.py
[2025-01-09T14:25:01.242+0000] {processor.py:830} INFO - Processing file /opt/airflow/dags/lotuss_1.py for tasks to queue
[2025-01-09T14:25:01.243+0000] {logging_mixin.py:188} INFO - [2025-01-09T14:25:01.243+0000] {dagbag.py:540} INFO - Filling up the DagBag from /opt/airflow/dags/lotuss_1.py
[2025-01-09T14:25:01.526+0000] {processor.py:840} INFO - DAG(s) 'lotuss_1' retrieved from /opt/airflow/dags/lotuss_1.py
[2025-01-09T14:25:01.562+0000] {logging_mixin.py:188} INFO - [2025-01-09T14:25:01.562+0000] {dag.py:3096} INFO - Sync 1 DAGs
[2025-01-09T14:25:01.573+0000] {logging_mixin.py:188} INFO - [2025-01-09T14:25:01.573+0000] {dag.py:3954} INFO - Setting next_dagrun for lotuss_1 to None, run_after=None
[2025-01-09T14:25:01.599+0000] {processor.py:183} INFO - Processing /opt/airflow/dags/lotuss_1.py took 0.364 seconds
[2025-01-09T14:25:31.684+0000] {processor.py:161} INFO - Started process (PID=3969) to work on /opt/airflow/dags/lotuss_1.py
[2025-01-09T14:25:31.685+0000] {processor.py:830} INFO - Processing file /opt/airflow/dags/lotuss_1.py for tasks to queue
[2025-01-09T14:25:31.687+0000] {logging_mixin.py:188} INFO - [2025-01-09T14:25:31.687+0000] {dagbag.py:540} INFO - Filling up the DagBag from /opt/airflow/dags/lotuss_1.py
[2025-01-09T14:25:31.980+0000] {processor.py:840} INFO - DAG(s) 'lotuss_1' retrieved from /opt/airflow/dags/lotuss_1.py
[2025-01-09T14:25:32.012+0000] {logging_mixin.py:188} INFO - [2025-01-09T14:25:32.011+0000] {dag.py:3096} INFO - Sync 1 DAGs
[2025-01-09T14:25:32.022+0000] {logging_mixin.py:188} INFO - [2025-01-09T14:25:32.022+0000] {dag.py:3954} INFO - Setting next_dagrun for lotuss_1 to None, run_after=None
[2025-01-09T14:25:32.045+0000] {processor.py:183} INFO - Processing /opt/airflow/dags/lotuss_1.py took 0.373 seconds
[2025-01-09T14:26:02.178+0000] {processor.py:161} INFO - Started process (PID=4066) to work on /opt/airflow/dags/lotuss_1.py
[2025-01-09T14:26:02.188+0000] {processor.py:830} INFO - Processing file /opt/airflow/dags/lotuss_1.py for tasks to queue
[2025-01-09T14:26:02.191+0000] {logging_mixin.py:188} INFO - [2025-01-09T14:26:02.191+0000] {dagbag.py:540} INFO - Filling up the DagBag from /opt/airflow/dags/lotuss_1.py
[2025-01-09T14:26:02.508+0000] {processor.py:840} INFO - DAG(s) 'lotuss_1' retrieved from /opt/airflow/dags/lotuss_1.py
[2025-01-09T14:26:02.547+0000] {logging_mixin.py:188} INFO - [2025-01-09T14:26:02.546+0000] {dag.py:3096} INFO - Sync 1 DAGs
[2025-01-09T14:26:02.561+0000] {logging_mixin.py:188} INFO - [2025-01-09T14:26:02.561+0000] {dag.py:3954} INFO - Setting next_dagrun for lotuss_1 to None, run_after=None
[2025-01-09T14:26:02.587+0000] {processor.py:183} INFO - Processing /opt/airflow/dags/lotuss_1.py took 0.422 seconds
[2025-01-09T14:26:33.327+0000] {processor.py:161} INFO - Started process (PID=5084) to work on /opt/airflow/dags/lotuss_1.py
[2025-01-09T14:26:33.331+0000] {processor.py:830} INFO - Processing file /opt/airflow/dags/lotuss_1.py for tasks to queue
[2025-01-09T14:26:33.334+0000] {logging_mixin.py:188} INFO - [2025-01-09T14:26:33.333+0000] {dagbag.py:540} INFO - Filling up the DagBag from /opt/airflow/dags/lotuss_1.py
[2025-01-09T14:26:33.689+0000] {processor.py:840} INFO - DAG(s) 'lotuss_1' retrieved from /opt/airflow/dags/lotuss_1.py
[2025-01-09T14:26:33.740+0000] {logging_mixin.py:188} INFO - [2025-01-09T14:26:33.740+0000] {dag.py:3096} INFO - Sync 1 DAGs
[2025-01-09T14:26:33.758+0000] {logging_mixin.py:188} INFO - [2025-01-09T14:26:33.757+0000] {dag.py:3954} INFO - Setting next_dagrun for lotuss_1 to None, run_after=None
[2025-01-09T14:26:33.781+0000] {processor.py:183} INFO - Processing /opt/airflow/dags/lotuss_1.py took 0.462 seconds
[2025-01-09T14:27:04.243+0000] {processor.py:161} INFO - Started process (PID=5210) to work on /opt/airflow/dags/lotuss_1.py
[2025-01-09T14:27:04.245+0000] {processor.py:830} INFO - Processing file /opt/airflow/dags/lotuss_1.py for tasks to queue
[2025-01-09T14:27:04.247+0000] {logging_mixin.py:188} INFO - [2025-01-09T14:27:04.246+0000] {dagbag.py:540} INFO - Filling up the DagBag from /opt/airflow/dags/lotuss_1.py
[2025-01-09T14:27:04.656+0000] {processor.py:840} INFO - DAG(s) 'lotuss_1' retrieved from /opt/airflow/dags/lotuss_1.py
[2025-01-09T14:27:04.699+0000] {logging_mixin.py:188} INFO - [2025-01-09T14:27:04.698+0000] {dag.py:3096} INFO - Sync 1 DAGs
[2025-01-09T14:27:04.714+0000] {logging_mixin.py:188} INFO - [2025-01-09T14:27:04.714+0000] {dag.py:3954} INFO - Setting next_dagrun for lotuss_1 to None, run_after=None
[2025-01-09T14:27:04.746+0000] {processor.py:183} INFO - Processing /opt/airflow/dags/lotuss_1.py took 0.514 seconds
[2025-01-09T14:27:35.774+0000] {processor.py:161} INFO - Started process (PID=5798) to work on /opt/airflow/dags/lotuss_1.py
[2025-01-09T14:27:35.775+0000] {processor.py:830} INFO - Processing file /opt/airflow/dags/lotuss_1.py for tasks to queue
[2025-01-09T14:27:35.777+0000] {logging_mixin.py:188} INFO - [2025-01-09T14:27:35.776+0000] {dagbag.py:540} INFO - Filling up the DagBag from /opt/airflow/dags/lotuss_1.py
[2025-01-09T14:27:36.325+0000] {processor.py:840} INFO - DAG(s) 'lotuss_1' retrieved from /opt/airflow/dags/lotuss_1.py
[2025-01-09T14:27:36.393+0000] {logging_mixin.py:188} INFO - [2025-01-09T14:27:36.393+0000] {dag.py:3096} INFO - Sync 1 DAGs
[2025-01-09T14:27:36.583+0000] {logging_mixin.py:188} INFO - [2025-01-09T14:27:36.583+0000] {dag.py:3954} INFO - Setting next_dagrun for lotuss_1 to None, run_after=None
[2025-01-09T14:27:36.619+0000] {processor.py:183} INFO - Processing /opt/airflow/dags/lotuss_1.py took 0.855 seconds
[2025-01-09T14:27:40.687+0000] {processor.py:161} INFO - Started process (PID=5834) to work on /opt/airflow/dags/lotuss_1.py
[2025-01-09T14:27:40.688+0000] {processor.py:830} INFO - Processing file /opt/airflow/dags/lotuss_1.py for tasks to queue
[2025-01-09T14:27:40.690+0000] {logging_mixin.py:188} INFO - [2025-01-09T14:27:40.690+0000] {dagbag.py:540} INFO - Filling up the DagBag from /opt/airflow/dags/lotuss_1.py
[2025-01-09T14:27:41.107+0000] {processor.py:840} INFO - DAG(s) 'lotuss_1' retrieved from /opt/airflow/dags/lotuss_1.py
[2025-01-09T14:27:41.373+0000] {logging_mixin.py:188} INFO - [2025-01-09T14:27:41.372+0000] {dag.py:3096} INFO - Sync 1 DAGs
[2025-01-09T14:27:41.396+0000] {logging_mixin.py:188} INFO - [2025-01-09T14:27:41.395+0000] {dag.py:3954} INFO - Setting next_dagrun for lotuss_1 to None, run_after=None
[2025-01-09T14:27:41.439+0000] {processor.py:183} INFO - Processing /opt/airflow/dags/lotuss_1.py took 0.761 seconds
[2025-01-09T14:28:11.914+0000] {processor.py:161} INFO - Started process (PID=6859) to work on /opt/airflow/dags/lotuss_1.py
[2025-01-09T14:28:11.916+0000] {processor.py:830} INFO - Processing file /opt/airflow/dags/lotuss_1.py for tasks to queue
[2025-01-09T14:28:11.919+0000] {logging_mixin.py:188} INFO - [2025-01-09T14:28:11.918+0000] {dagbag.py:540} INFO - Filling up the DagBag from /opt/airflow/dags/lotuss_1.py
[2025-01-09T14:28:12.577+0000] {processor.py:840} INFO - DAG(s) 'lotuss_1' retrieved from /opt/airflow/dags/lotuss_1.py
[2025-01-09T14:28:12.665+0000] {logging_mixin.py:188} INFO - [2025-01-09T14:28:12.665+0000] {dag.py:3096} INFO - Sync 1 DAGs
[2025-01-09T14:28:12.697+0000] {logging_mixin.py:188} INFO - [2025-01-09T14:28:12.697+0000] {dag.py:3954} INFO - Setting next_dagrun for lotuss_1 to None, run_after=None
[2025-01-09T14:28:12.745+0000] {processor.py:183} INFO - Processing /opt/airflow/dags/lotuss_1.py took 0.847 seconds
[2025-01-09T14:28:43.357+0000] {processor.py:161} INFO - Started process (PID=6986) to work on /opt/airflow/dags/lotuss_1.py
[2025-01-09T14:28:43.366+0000] {processor.py:830} INFO - Processing file /opt/airflow/dags/lotuss_1.py for tasks to queue
[2025-01-09T14:28:43.369+0000] {logging_mixin.py:188} INFO - [2025-01-09T14:28:43.369+0000] {dagbag.py:540} INFO - Filling up the DagBag from /opt/airflow/dags/lotuss_1.py
[2025-01-09T14:28:43.956+0000] {processor.py:840} INFO - DAG(s) 'lotuss_1' retrieved from /opt/airflow/dags/lotuss_1.py
[2025-01-09T14:28:43.996+0000] {logging_mixin.py:188} INFO - [2025-01-09T14:28:43.995+0000] {dag.py:3096} INFO - Sync 1 DAGs
[2025-01-09T14:28:44.014+0000] {logging_mixin.py:188} INFO - [2025-01-09T14:28:44.013+0000] {dag.py:3954} INFO - Setting next_dagrun for lotuss_1 to None, run_after=None
[2025-01-09T14:28:44.040+0000] {processor.py:183} INFO - Processing /opt/airflow/dags/lotuss_1.py took 0.698 seconds
[2025-01-09T14:29:14.777+0000] {processor.py:161} INFO - Started process (PID=7083) to work on /opt/airflow/dags/lotuss_1.py
[2025-01-09T14:29:14.786+0000] {processor.py:830} INFO - Processing file /opt/airflow/dags/lotuss_1.py for tasks to queue
[2025-01-09T14:29:14.790+0000] {logging_mixin.py:188} INFO - [2025-01-09T14:29:14.789+0000] {dagbag.py:540} INFO - Filling up the DagBag from /opt/airflow/dags/lotuss_1.py
[2025-01-09T14:29:15.362+0000] {processor.py:840} INFO - DAG(s) 'lotuss_1' retrieved from /opt/airflow/dags/lotuss_1.py
[2025-01-09T14:29:15.404+0000] {logging_mixin.py:188} INFO - [2025-01-09T14:29:15.404+0000] {dag.py:3096} INFO - Sync 1 DAGs
[2025-01-09T14:29:15.419+0000] {logging_mixin.py:188} INFO - [2025-01-09T14:29:15.419+0000] {dag.py:3954} INFO - Setting next_dagrun for lotuss_1 to None, run_after=None
[2025-01-09T14:29:15.450+0000] {processor.py:183} INFO - Processing /opt/airflow/dags/lotuss_1.py took 0.688 seconds
[2025-01-09T14:29:16.928+0000] {processor.py:161} INFO - Started process (PID=7088) to work on /opt/airflow/dags/lotuss_1.py
[2025-01-09T14:29:16.929+0000] {processor.py:830} INFO - Processing file /opt/airflow/dags/lotuss_1.py for tasks to queue
[2025-01-09T14:29:16.932+0000] {logging_mixin.py:188} INFO - [2025-01-09T14:29:16.931+0000] {dagbag.py:540} INFO - Filling up the DagBag from /opt/airflow/dags/lotuss_1.py
[2025-01-09T14:29:17.609+0000] {processor.py:840} INFO - DAG(s) 'lotuss_1' retrieved from /opt/airflow/dags/lotuss_1.py
[2025-01-09T14:29:17.646+0000] {logging_mixin.py:188} INFO - [2025-01-09T14:29:17.645+0000] {dag.py:3096} INFO - Sync 1 DAGs
[2025-01-09T14:29:17.659+0000] {logging_mixin.py:188} INFO - [2025-01-09T14:29:17.659+0000] {dag.py:3954} INFO - Setting next_dagrun for lotuss_1 to None, run_after=None
[2025-01-09T14:29:17.682+0000] {processor.py:183} INFO - Processing /opt/airflow/dags/lotuss_1.py took 0.767 seconds
[2025-01-09T14:29:28.416+0000] {processor.py:161} INFO - Started process (PID=7151) to work on /opt/airflow/dags/lotuss_1.py
[2025-01-09T14:29:28.417+0000] {processor.py:830} INFO - Processing file /opt/airflow/dags/lotuss_1.py for tasks to queue
[2025-01-09T14:29:28.419+0000] {logging_mixin.py:188} INFO - [2025-01-09T14:29:28.419+0000] {dagbag.py:540} INFO - Filling up the DagBag from /opt/airflow/dags/lotuss_1.py
[2025-01-09T14:29:28.674+0000] {processor.py:840} INFO - DAG(s) 'lotuss_1' retrieved from /opt/airflow/dags/lotuss_1.py
[2025-01-09T14:29:28.716+0000] {logging_mixin.py:188} INFO - [2025-01-09T14:29:28.715+0000] {dag.py:3096} INFO - Sync 1 DAGs
[2025-01-09T14:29:28.733+0000] {logging_mixin.py:188} INFO - [2025-01-09T14:29:28.733+0000] {dag.py:3954} INFO - Setting next_dagrun for lotuss_1 to None, run_after=None
[2025-01-09T14:29:28.965+0000] {processor.py:183} INFO - Processing /opt/airflow/dags/lotuss_1.py took 0.561 seconds
[2025-01-09T14:29:59.159+0000] {processor.py:161} INFO - Started process (PID=8091) to work on /opt/airflow/dags/lotuss_1.py
[2025-01-09T14:29:59.161+0000] {processor.py:830} INFO - Processing file /opt/airflow/dags/lotuss_1.py for tasks to queue
[2025-01-09T14:29:59.163+0000] {logging_mixin.py:188} INFO - [2025-01-09T14:29:59.163+0000] {dagbag.py:540} INFO - Filling up the DagBag from /opt/airflow/dags/lotuss_1.py
[2025-01-09T14:29:59.410+0000] {processor.py:840} INFO - DAG(s) 'lotuss_1' retrieved from /opt/airflow/dags/lotuss_1.py
[2025-01-09T14:29:59.445+0000] {logging_mixin.py:188} INFO - [2025-01-09T14:29:59.444+0000] {dag.py:3096} INFO - Sync 1 DAGs
[2025-01-09T14:29:59.458+0000] {logging_mixin.py:188} INFO - [2025-01-09T14:29:59.457+0000] {dag.py:3954} INFO - Setting next_dagrun for lotuss_1 to None, run_after=None
[2025-01-09T14:29:59.625+0000] {processor.py:183} INFO - Processing /opt/airflow/dags/lotuss_1.py took 0.477 seconds
[2025-01-09T14:30:29.886+0000] {processor.py:161} INFO - Started process (PID=8186) to work on /opt/airflow/dags/lotuss_1.py
[2025-01-09T14:30:29.888+0000] {processor.py:830} INFO - Processing file /opt/airflow/dags/lotuss_1.py for tasks to queue
[2025-01-09T14:30:29.894+0000] {logging_mixin.py:188} INFO - [2025-01-09T14:30:29.892+0000] {dagbag.py:540} INFO - Filling up the DagBag from /opt/airflow/dags/lotuss_1.py
[2025-01-09T14:30:30.491+0000] {processor.py:840} INFO - DAG(s) 'lotuss_1' retrieved from /opt/airflow/dags/lotuss_1.py
[2025-01-09T14:30:30.530+0000] {logging_mixin.py:188} INFO - [2025-01-09T14:30:30.530+0000] {dag.py:3096} INFO - Sync 1 DAGs
[2025-01-09T14:30:30.545+0000] {logging_mixin.py:188} INFO - [2025-01-09T14:30:30.545+0000] {dag.py:3954} INFO - Setting next_dagrun for lotuss_1 to None, run_after=None
[2025-01-09T14:30:30.572+0000] {processor.py:183} INFO - Processing /opt/airflow/dags/lotuss_1.py took 0.703 seconds
[2025-01-09T14:31:01.339+0000] {processor.py:161} INFO - Started process (PID=8283) to work on /opt/airflow/dags/lotuss_1.py
[2025-01-09T14:31:01.341+0000] {processor.py:830} INFO - Processing file /opt/airflow/dags/lotuss_1.py for tasks to queue
[2025-01-09T14:31:01.343+0000] {logging_mixin.py:188} INFO - [2025-01-09T14:31:01.342+0000] {dagbag.py:540} INFO - Filling up the DagBag from /opt/airflow/dags/lotuss_1.py
[2025-01-09T14:31:01.843+0000] {processor.py:840} INFO - DAG(s) 'lotuss_1' retrieved from /opt/airflow/dags/lotuss_1.py
[2025-01-09T14:31:01.879+0000] {logging_mixin.py:188} INFO - [2025-01-09T14:31:01.879+0000] {dag.py:3096} INFO - Sync 1 DAGs
[2025-01-09T14:31:01.895+0000] {logging_mixin.py:188} INFO - [2025-01-09T14:31:01.895+0000] {dag.py:3954} INFO - Setting next_dagrun for lotuss_1 to None, run_after=None
[2025-01-09T14:31:01.929+0000] {processor.py:183} INFO - Processing /opt/airflow/dags/lotuss_1.py took 0.601 seconds
[2025-01-09T14:31:32.366+0000] {processor.py:161} INFO - Started process (PID=9292) to work on /opt/airflow/dags/lotuss_1.py
[2025-01-09T14:31:32.367+0000] {processor.py:830} INFO - Processing file /opt/airflow/dags/lotuss_1.py for tasks to queue
[2025-01-09T14:31:32.369+0000] {logging_mixin.py:188} INFO - [2025-01-09T14:31:32.369+0000] {dagbag.py:540} INFO - Filling up the DagBag from /opt/airflow/dags/lotuss_1.py
[2025-01-09T14:31:33.008+0000] {processor.py:840} INFO - DAG(s) 'lotuss_1' retrieved from /opt/airflow/dags/lotuss_1.py
[2025-01-09T14:31:33.080+0000] {logging_mixin.py:188} INFO - [2025-01-09T14:31:33.079+0000] {dag.py:3096} INFO - Sync 1 DAGs
[2025-01-09T14:31:33.107+0000] {logging_mixin.py:188} INFO - [2025-01-09T14:31:33.106+0000] {dag.py:3954} INFO - Setting next_dagrun for lotuss_1 to None, run_after=None
[2025-01-09T14:31:33.144+0000] {processor.py:183} INFO - Processing /opt/airflow/dags/lotuss_1.py took 0.787 seconds
[2025-01-09T14:32:03.377+0000] {processor.py:161} INFO - Started process (PID=9399) to work on /opt/airflow/dags/lotuss_1.py
[2025-01-09T14:32:03.379+0000] {processor.py:830} INFO - Processing file /opt/airflow/dags/lotuss_1.py for tasks to queue
[2025-01-09T14:32:03.382+0000] {logging_mixin.py:188} INFO - [2025-01-09T14:32:03.381+0000] {dagbag.py:540} INFO - Filling up the DagBag from /opt/airflow/dags/lotuss_1.py
[2025-01-09T14:32:03.885+0000] {processor.py:840} INFO - DAG(s) 'lotuss_1' retrieved from /opt/airflow/dags/lotuss_1.py
[2025-01-09T14:32:03.924+0000] {logging_mixin.py:188} INFO - [2025-01-09T14:32:03.923+0000] {dag.py:3096} INFO - Sync 1 DAGs
[2025-01-09T14:32:03.938+0000] {logging_mixin.py:188} INFO - [2025-01-09T14:32:03.937+0000] {dag.py:3954} INFO - Setting next_dagrun for lotuss_1 to None, run_after=None
[2025-01-09T14:32:03.964+0000] {processor.py:183} INFO - Processing /opt/airflow/dags/lotuss_1.py took 0.600 seconds
[2025-01-09T14:32:34.270+0000] {processor.py:161} INFO - Started process (PID=9496) to work on /opt/airflow/dags/lotuss_1.py
[2025-01-09T14:32:34.279+0000] {processor.py:830} INFO - Processing file /opt/airflow/dags/lotuss_1.py for tasks to queue
[2025-01-09T14:32:34.281+0000] {logging_mixin.py:188} INFO - [2025-01-09T14:32:34.281+0000] {dagbag.py:540} INFO - Filling up the DagBag from /opt/airflow/dags/lotuss_1.py
[2025-01-09T14:32:34.802+0000] {processor.py:840} INFO - DAG(s) 'lotuss_1' retrieved from /opt/airflow/dags/lotuss_1.py
[2025-01-09T14:32:34.839+0000] {logging_mixin.py:188} INFO - [2025-01-09T14:32:34.839+0000] {dag.py:3096} INFO - Sync 1 DAGs
[2025-01-09T14:32:34.853+0000] {logging_mixin.py:188} INFO - [2025-01-09T14:32:34.852+0000] {dag.py:3954} INFO - Setting next_dagrun for lotuss_1 to None, run_after=None
[2025-01-09T14:32:34.876+0000] {processor.py:183} INFO - Processing /opt/airflow/dags/lotuss_1.py took 0.616 seconds
[2025-01-09T14:33:05.297+0000] {processor.py:161} INFO - Started process (PID=9595) to work on /opt/airflow/dags/lotuss_1.py
[2025-01-09T14:33:05.300+0000] {processor.py:830} INFO - Processing file /opt/airflow/dags/lotuss_1.py for tasks to queue
[2025-01-09T14:33:05.304+0000] {logging_mixin.py:188} INFO - [2025-01-09T14:33:05.304+0000] {dagbag.py:540} INFO - Filling up the DagBag from /opt/airflow/dags/lotuss_1.py
[2025-01-09T14:33:05.945+0000] {processor.py:840} INFO - DAG(s) 'lotuss_1' retrieved from /opt/airflow/dags/lotuss_1.py
[2025-01-09T14:33:06.000+0000] {logging_mixin.py:188} INFO - [2025-01-09T14:33:06.000+0000] {dag.py:3096} INFO - Sync 1 DAGs
[2025-01-09T14:33:06.017+0000] {logging_mixin.py:188} INFO - [2025-01-09T14:33:06.017+0000] {dag.py:3954} INFO - Setting next_dagrun for lotuss_1 to None, run_after=None
[2025-01-09T14:33:06.071+0000] {processor.py:183} INFO - Processing /opt/airflow/dags/lotuss_1.py took 0.785 seconds
[2025-01-09T14:33:36.434+0000] {processor.py:161} INFO - Started process (PID=9689) to work on /opt/airflow/dags/lotuss_1.py
[2025-01-09T14:33:36.435+0000] {processor.py:830} INFO - Processing file /opt/airflow/dags/lotuss_1.py for tasks to queue
[2025-01-09T14:33:36.437+0000] {logging_mixin.py:188} INFO - [2025-01-09T14:33:36.437+0000] {dagbag.py:540} INFO - Filling up the DagBag from /opt/airflow/dags/lotuss_1.py
[2025-01-09T14:33:36.725+0000] {processor.py:840} INFO - DAG(s) 'lotuss_1' retrieved from /opt/airflow/dags/lotuss_1.py
[2025-01-09T14:33:36.770+0000] {logging_mixin.py:188} INFO - [2025-01-09T14:33:36.770+0000] {dag.py:3096} INFO - Sync 1 DAGs
[2025-01-09T14:33:36.786+0000] {logging_mixin.py:188} INFO - [2025-01-09T14:33:36.786+0000] {dag.py:3954} INFO - Setting next_dagrun for lotuss_1 to None, run_after=None
[2025-01-09T14:33:36.813+0000] {processor.py:183} INFO - Processing /opt/airflow/dags/lotuss_1.py took 0.388 seconds
[2025-01-09T14:34:07.155+0000] {processor.py:161} INFO - Started process (PID=9784) to work on /opt/airflow/dags/lotuss_1.py
[2025-01-09T14:34:07.164+0000] {processor.py:830} INFO - Processing file /opt/airflow/dags/lotuss_1.py for tasks to queue
[2025-01-09T14:34:07.168+0000] {logging_mixin.py:188} INFO - [2025-01-09T14:34:07.168+0000] {dagbag.py:540} INFO - Filling up the DagBag from /opt/airflow/dags/lotuss_1.py
[2025-01-09T14:34:07.472+0000] {processor.py:840} INFO - DAG(s) 'lotuss_1' retrieved from /opt/airflow/dags/lotuss_1.py
[2025-01-09T14:34:07.528+0000] {logging_mixin.py:188} INFO - [2025-01-09T14:34:07.528+0000] {dag.py:3096} INFO - Sync 1 DAGs
[2025-01-09T14:34:07.552+0000] {logging_mixin.py:188} INFO - [2025-01-09T14:34:07.551+0000] {dag.py:3954} INFO - Setting next_dagrun for lotuss_1 to None, run_after=None
[2025-01-09T14:34:07.588+0000] {processor.py:183} INFO - Processing /opt/airflow/dags/lotuss_1.py took 0.446 seconds
[2025-01-09T14:34:38.163+0000] {processor.py:161} INFO - Started process (PID=9881) to work on /opt/airflow/dags/lotuss_1.py
[2025-01-09T14:34:38.172+0000] {processor.py:830} INFO - Processing file /opt/airflow/dags/lotuss_1.py for tasks to queue
[2025-01-09T14:34:38.177+0000] {logging_mixin.py:188} INFO - [2025-01-09T14:34:38.177+0000] {dagbag.py:540} INFO - Filling up the DagBag from /opt/airflow/dags/lotuss_1.py
[2025-01-09T14:34:38.504+0000] {processor.py:840} INFO - DAG(s) 'lotuss_1' retrieved from /opt/airflow/dags/lotuss_1.py
[2025-01-09T14:34:38.561+0000] {logging_mixin.py:188} INFO - [2025-01-09T14:34:38.561+0000] {dag.py:3096} INFO - Sync 1 DAGs
[2025-01-09T14:34:38.580+0000] {logging_mixin.py:188} INFO - [2025-01-09T14:34:38.579+0000] {dag.py:3954} INFO - Setting next_dagrun for lotuss_1 to None, run_after=None
[2025-01-09T14:34:38.618+0000] {processor.py:183} INFO - Processing /opt/airflow/dags/lotuss_1.py took 0.471 seconds
[2025-01-09T14:35:08.985+0000] {processor.py:161} INFO - Started process (PID=9978) to work on /opt/airflow/dags/lotuss_1.py
[2025-01-09T14:35:08.987+0000] {processor.py:830} INFO - Processing file /opt/airflow/dags/lotuss_1.py for tasks to queue
[2025-01-09T14:35:08.989+0000] {logging_mixin.py:188} INFO - [2025-01-09T14:35:08.989+0000] {dagbag.py:540} INFO - Filling up the DagBag from /opt/airflow/dags/lotuss_1.py
[2025-01-09T14:35:09.290+0000] {processor.py:840} INFO - DAG(s) 'lotuss_1' retrieved from /opt/airflow/dags/lotuss_1.py
[2025-01-09T14:35:09.336+0000] {logging_mixin.py:188} INFO - [2025-01-09T14:35:09.335+0000] {dag.py:3096} INFO - Sync 1 DAGs
[2025-01-09T14:35:09.351+0000] {logging_mixin.py:188} INFO - [2025-01-09T14:35:09.351+0000] {dag.py:3954} INFO - Setting next_dagrun for lotuss_1 to None, run_after=None
[2025-01-09T14:35:09.387+0000] {processor.py:183} INFO - Processing /opt/airflow/dags/lotuss_1.py took 0.413 seconds
[2025-01-09T14:35:39.650+0000] {processor.py:161} INFO - Started process (PID=10075) to work on /opt/airflow/dags/lotuss_1.py
[2025-01-09T14:35:39.651+0000] {processor.py:830} INFO - Processing file /opt/airflow/dags/lotuss_1.py for tasks to queue
[2025-01-09T14:35:39.654+0000] {logging_mixin.py:188} INFO - [2025-01-09T14:35:39.653+0000] {dagbag.py:540} INFO - Filling up the DagBag from /opt/airflow/dags/lotuss_1.py
[2025-01-09T14:35:39.928+0000] {processor.py:840} INFO - DAG(s) 'lotuss_1' retrieved from /opt/airflow/dags/lotuss_1.py
[2025-01-09T14:35:39.984+0000] {logging_mixin.py:188} INFO - [2025-01-09T14:35:39.984+0000] {dag.py:3096} INFO - Sync 1 DAGs
[2025-01-09T14:35:40.004+0000] {logging_mixin.py:188} INFO - [2025-01-09T14:35:40.004+0000] {dag.py:3954} INFO - Setting next_dagrun for lotuss_1 to None, run_after=None
[2025-01-09T14:35:40.036+0000] {processor.py:183} INFO - Processing /opt/airflow/dags/lotuss_1.py took 0.395 seconds
[2025-01-09T14:36:10.924+0000] {processor.py:161} INFO - Started process (PID=10172) to work on /opt/airflow/dags/lotuss_1.py
[2025-01-09T14:36:10.933+0000] {processor.py:830} INFO - Processing file /opt/airflow/dags/lotuss_1.py for tasks to queue
[2025-01-09T14:36:10.936+0000] {logging_mixin.py:188} INFO - [2025-01-09T14:36:10.935+0000] {dagbag.py:540} INFO - Filling up the DagBag from /opt/airflow/dags/lotuss_1.py
[2025-01-09T14:36:11.272+0000] {processor.py:840} INFO - DAG(s) 'lotuss_1' retrieved from /opt/airflow/dags/lotuss_1.py
[2025-01-09T14:36:11.319+0000] {logging_mixin.py:188} INFO - [2025-01-09T14:36:11.319+0000] {dag.py:3096} INFO - Sync 1 DAGs
[2025-01-09T14:36:11.337+0000] {logging_mixin.py:188} INFO - [2025-01-09T14:36:11.336+0000] {dag.py:3954} INFO - Setting next_dagrun for lotuss_1 to None, run_after=None
[2025-01-09T14:36:11.373+0000] {processor.py:183} INFO - Processing /opt/airflow/dags/lotuss_1.py took 0.459 seconds
[2025-01-09T14:36:41.526+0000] {processor.py:161} INFO - Started process (PID=10276) to work on /opt/airflow/dags/lotuss_1.py
[2025-01-09T14:36:41.535+0000] {processor.py:830} INFO - Processing file /opt/airflow/dags/lotuss_1.py for tasks to queue
[2025-01-09T14:36:41.537+0000] {logging_mixin.py:188} INFO - [2025-01-09T14:36:41.536+0000] {dagbag.py:540} INFO - Filling up the DagBag from /opt/airflow/dags/lotuss_1.py
[2025-01-09T14:36:41.810+0000] {processor.py:840} INFO - DAG(s) 'lotuss_1' retrieved from /opt/airflow/dags/lotuss_1.py
[2025-01-09T14:36:41.863+0000] {logging_mixin.py:188} INFO - [2025-01-09T14:36:41.863+0000] {dag.py:3096} INFO - Sync 1 DAGs
[2025-01-09T14:36:41.882+0000] {logging_mixin.py:188} INFO - [2025-01-09T14:36:41.882+0000] {dag.py:3954} INFO - Setting next_dagrun for lotuss_1 to None, run_after=None
[2025-01-09T14:36:41.916+0000] {processor.py:183} INFO - Processing /opt/airflow/dags/lotuss_1.py took 0.399 seconds
[2025-01-09T14:37:12.365+0000] {processor.py:161} INFO - Started process (PID=10372) to work on /opt/airflow/dags/lotuss_1.py
[2025-01-09T14:37:12.375+0000] {processor.py:830} INFO - Processing file /opt/airflow/dags/lotuss_1.py for tasks to queue
[2025-01-09T14:37:12.379+0000] {logging_mixin.py:188} INFO - [2025-01-09T14:37:12.378+0000] {dagbag.py:540} INFO - Filling up the DagBag from /opt/airflow/dags/lotuss_1.py
[2025-01-09T14:37:12.848+0000] {processor.py:840} INFO - DAG(s) 'lotuss_1' retrieved from /opt/airflow/dags/lotuss_1.py
[2025-01-09T14:37:12.910+0000] {logging_mixin.py:188} INFO - [2025-01-09T14:37:12.910+0000] {dag.py:3096} INFO - Sync 1 DAGs
[2025-01-09T14:37:12.929+0000] {logging_mixin.py:188} INFO - [2025-01-09T14:37:12.929+0000] {dag.py:3954} INFO - Setting next_dagrun for lotuss_1 to None, run_after=None
[2025-01-09T14:37:12.954+0000] {processor.py:183} INFO - Processing /opt/airflow/dags/lotuss_1.py took 0.604 seconds
[2025-01-09T14:37:43.638+0000] {processor.py:161} INFO - Started process (PID=10469) to work on /opt/airflow/dags/lotuss_1.py
[2025-01-09T14:37:43.647+0000] {processor.py:830} INFO - Processing file /opt/airflow/dags/lotuss_1.py for tasks to queue
[2025-01-09T14:37:43.649+0000] {logging_mixin.py:188} INFO - [2025-01-09T14:37:43.649+0000] {dagbag.py:540} INFO - Filling up the DagBag from /opt/airflow/dags/lotuss_1.py
[2025-01-09T14:37:43.940+0000] {processor.py:840} INFO - DAG(s) 'lotuss_1' retrieved from /opt/airflow/dags/lotuss_1.py
[2025-01-09T14:37:44.001+0000] {logging_mixin.py:188} INFO - [2025-01-09T14:37:44.001+0000] {dag.py:3096} INFO - Sync 1 DAGs
[2025-01-09T14:37:44.016+0000] {logging_mixin.py:188} INFO - [2025-01-09T14:37:44.016+0000] {dag.py:3954} INFO - Setting next_dagrun for lotuss_1 to None, run_after=None
[2025-01-09T14:37:44.048+0000] {processor.py:183} INFO - Processing /opt/airflow/dags/lotuss_1.py took 0.420 seconds
[2025-01-09T14:38:14.651+0000] {processor.py:161} INFO - Started process (PID=10566) to work on /opt/airflow/dags/lotuss_1.py
[2025-01-09T14:38:14.660+0000] {processor.py:830} INFO - Processing file /opt/airflow/dags/lotuss_1.py for tasks to queue
[2025-01-09T14:38:14.663+0000] {logging_mixin.py:188} INFO - [2025-01-09T14:38:14.663+0000] {dagbag.py:540} INFO - Filling up the DagBag from /opt/airflow/dags/lotuss_1.py
[2025-01-09T14:38:14.922+0000] {processor.py:840} INFO - DAG(s) 'lotuss_1' retrieved from /opt/airflow/dags/lotuss_1.py
[2025-01-09T14:38:14.974+0000] {logging_mixin.py:188} INFO - [2025-01-09T14:38:14.974+0000] {dag.py:3096} INFO - Sync 1 DAGs
[2025-01-09T14:38:14.991+0000] {logging_mixin.py:188} INFO - [2025-01-09T14:38:14.991+0000] {dag.py:3954} INFO - Setting next_dagrun for lotuss_1 to None, run_after=None
[2025-01-09T14:38:15.023+0000] {processor.py:183} INFO - Processing /opt/airflow/dags/lotuss_1.py took 0.383 seconds
[2025-01-09T14:38:16.886+0000] {processor.py:161} INFO - Started process (PID=10591) to work on /opt/airflow/dags/lotuss_1.py
[2025-01-09T14:38:16.887+0000] {processor.py:830} INFO - Processing file /opt/airflow/dags/lotuss_1.py for tasks to queue
[2025-01-09T14:38:16.889+0000] {logging_mixin.py:188} INFO - [2025-01-09T14:38:16.888+0000] {dagbag.py:540} INFO - Filling up the DagBag from /opt/airflow/dags/lotuss_1.py
[2025-01-09T14:38:17.138+0000] {processor.py:840} INFO - DAG(s) 'lotuss_1' retrieved from /opt/airflow/dags/lotuss_1.py
[2025-01-09T14:38:17.185+0000] {logging_mixin.py:188} INFO - [2025-01-09T14:38:17.185+0000] {dag.py:3096} INFO - Sync 1 DAGs
[2025-01-09T14:38:17.200+0000] {logging_mixin.py:188} INFO - [2025-01-09T14:38:17.200+0000] {dag.py:3954} INFO - Setting next_dagrun for lotuss_1 to None, run_after=None
[2025-01-09T14:38:17.225+0000] {processor.py:183} INFO - Processing /opt/airflow/dags/lotuss_1.py took 0.348 seconds
[2025-01-09T14:38:47.296+0000] {processor.py:161} INFO - Started process (PID=10693) to work on /opt/airflow/dags/lotuss_1.py
[2025-01-09T14:38:47.298+0000] {processor.py:830} INFO - Processing file /opt/airflow/dags/lotuss_1.py for tasks to queue
[2025-01-09T14:38:47.303+0000] {logging_mixin.py:188} INFO - [2025-01-09T14:38:47.302+0000] {dagbag.py:540} INFO - Filling up the DagBag from /opt/airflow/dags/lotuss_1.py
[2025-01-09T14:38:47.640+0000] {processor.py:840} INFO - DAG(s) 'lotuss_1' retrieved from /opt/airflow/dags/lotuss_1.py
[2025-01-09T14:38:47.683+0000] {logging_mixin.py:188} INFO - [2025-01-09T14:38:47.683+0000] {dag.py:3096} INFO - Sync 1 DAGs
[2025-01-09T14:38:47.701+0000] {logging_mixin.py:188} INFO - [2025-01-09T14:38:47.701+0000] {dag.py:3954} INFO - Setting next_dagrun for lotuss_1 to None, run_after=None
[2025-01-09T14:38:47.732+0000] {processor.py:183} INFO - Processing /opt/airflow/dags/lotuss_1.py took 0.445 seconds
[2025-01-09T14:39:18.013+0000] {processor.py:161} INFO - Started process (PID=10790) to work on /opt/airflow/dags/lotuss_1.py
[2025-01-09T14:39:18.022+0000] {processor.py:830} INFO - Processing file /opt/airflow/dags/lotuss_1.py for tasks to queue
[2025-01-09T14:39:18.024+0000] {logging_mixin.py:188} INFO - [2025-01-09T14:39:18.023+0000] {dagbag.py:540} INFO - Filling up the DagBag from /opt/airflow/dags/lotuss_1.py
[2025-01-09T14:39:18.397+0000] {processor.py:840} INFO - DAG(s) 'lotuss_1' retrieved from /opt/airflow/dags/lotuss_1.py
[2025-01-09T14:39:18.463+0000] {logging_mixin.py:188} INFO - [2025-01-09T14:39:18.463+0000] {dag.py:3096} INFO - Sync 1 DAGs
[2025-01-09T14:39:18.488+0000] {logging_mixin.py:188} INFO - [2025-01-09T14:39:18.488+0000] {dag.py:3954} INFO - Setting next_dagrun for lotuss_1 to None, run_after=None
[2025-01-09T14:39:18.536+0000] {processor.py:183} INFO - Processing /opt/airflow/dags/lotuss_1.py took 0.533 seconds
[2025-01-09T14:39:48.841+0000] {processor.py:161} INFO - Started process (PID=10887) to work on /opt/airflow/dags/lotuss_1.py
[2025-01-09T14:39:48.842+0000] {processor.py:830} INFO - Processing file /opt/airflow/dags/lotuss_1.py for tasks to queue
[2025-01-09T14:39:48.845+0000] {logging_mixin.py:188} INFO - [2025-01-09T14:39:48.844+0000] {dagbag.py:540} INFO - Filling up the DagBag from /opt/airflow/dags/lotuss_1.py
[2025-01-09T14:39:49.093+0000] {processor.py:840} INFO - DAG(s) 'lotuss_1' retrieved from /opt/airflow/dags/lotuss_1.py
[2025-01-09T14:39:49.133+0000] {logging_mixin.py:188} INFO - [2025-01-09T14:39:49.133+0000] {dag.py:3096} INFO - Sync 1 DAGs
[2025-01-09T14:39:49.148+0000] {logging_mixin.py:188} INFO - [2025-01-09T14:39:49.148+0000] {dag.py:3954} INFO - Setting next_dagrun for lotuss_1 to None, run_after=None
[2025-01-09T14:39:49.179+0000] {processor.py:183} INFO - Processing /opt/airflow/dags/lotuss_1.py took 0.349 seconds
[2025-01-09T14:40:19.607+0000] {processor.py:161} INFO - Started process (PID=10985) to work on /opt/airflow/dags/lotuss_1.py
[2025-01-09T14:40:19.609+0000] {processor.py:830} INFO - Processing file /opt/airflow/dags/lotuss_1.py for tasks to queue
[2025-01-09T14:40:19.611+0000] {logging_mixin.py:188} INFO - [2025-01-09T14:40:19.611+0000] {dagbag.py:540} INFO - Filling up the DagBag from /opt/airflow/dags/lotuss_1.py
[2025-01-09T14:40:19.857+0000] {processor.py:840} INFO - DAG(s) 'lotuss_1' retrieved from /opt/airflow/dags/lotuss_1.py
[2025-01-09T14:40:19.896+0000] {logging_mixin.py:188} INFO - [2025-01-09T14:40:19.896+0000] {dag.py:3096} INFO - Sync 1 DAGs
[2025-01-09T14:40:19.911+0000] {logging_mixin.py:188} INFO - [2025-01-09T14:40:19.911+0000] {dag.py:3954} INFO - Setting next_dagrun for lotuss_1 to None, run_after=None
[2025-01-09T14:40:19.943+0000] {processor.py:183} INFO - Processing /opt/airflow/dags/lotuss_1.py took 0.345 seconds
[2025-01-09T14:40:50.441+0000] {processor.py:161} INFO - Started process (PID=11082) to work on /opt/airflow/dags/lotuss_1.py
[2025-01-09T14:40:50.442+0000] {processor.py:830} INFO - Processing file /opt/airflow/dags/lotuss_1.py for tasks to queue
[2025-01-09T14:40:50.445+0000] {logging_mixin.py:188} INFO - [2025-01-09T14:40:50.445+0000] {dagbag.py:540} INFO - Filling up the DagBag from /opt/airflow/dags/lotuss_1.py
[2025-01-09T14:40:50.694+0000] {processor.py:840} INFO - DAG(s) 'lotuss_1' retrieved from /opt/airflow/dags/lotuss_1.py
[2025-01-09T14:40:50.735+0000] {logging_mixin.py:188} INFO - [2025-01-09T14:40:50.734+0000] {dag.py:3096} INFO - Sync 1 DAGs
[2025-01-09T14:40:50.748+0000] {logging_mixin.py:188} INFO - [2025-01-09T14:40:50.748+0000] {dag.py:3954} INFO - Setting next_dagrun for lotuss_1 to None, run_after=None
[2025-01-09T14:40:50.772+0000] {processor.py:183} INFO - Processing /opt/airflow/dags/lotuss_1.py took 0.345 seconds
[2025-01-09T14:41:21.204+0000] {processor.py:161} INFO - Started process (PID=11184) to work on /opt/airflow/dags/lotuss_1.py
[2025-01-09T14:41:21.213+0000] {processor.py:830} INFO - Processing file /opt/airflow/dags/lotuss_1.py for tasks to queue
[2025-01-09T14:41:21.215+0000] {logging_mixin.py:188} INFO - [2025-01-09T14:41:21.214+0000] {dagbag.py:540} INFO - Filling up the DagBag from /opt/airflow/dags/lotuss_1.py
[2025-01-09T14:41:21.554+0000] {processor.py:840} INFO - DAG(s) 'lotuss_1' retrieved from /opt/airflow/dags/lotuss_1.py
[2025-01-09T14:41:21.605+0000] {logging_mixin.py:188} INFO - [2025-01-09T14:41:21.604+0000] {dag.py:3096} INFO - Sync 1 DAGs
[2025-01-09T14:41:21.633+0000] {logging_mixin.py:188} INFO - [2025-01-09T14:41:21.632+0000] {dag.py:3954} INFO - Setting next_dagrun for lotuss_1 to None, run_after=None
[2025-01-09T14:41:21.687+0000] {processor.py:183} INFO - Processing /opt/airflow/dags/lotuss_1.py took 0.495 seconds
[2025-01-09T14:41:51.789+0000] {processor.py:161} INFO - Started process (PID=11271) to work on /opt/airflow/dags/lotuss_1.py
[2025-01-09T14:41:51.790+0000] {processor.py:830} INFO - Processing file /opt/airflow/dags/lotuss_1.py for tasks to queue
[2025-01-09T14:41:51.793+0000] {logging_mixin.py:188} INFO - [2025-01-09T14:41:51.792+0000] {dagbag.py:540} INFO - Filling up the DagBag from /opt/airflow/dags/lotuss_1.py
[2025-01-09T14:41:52.268+0000] {processor.py:840} INFO - DAG(s) 'lotuss_1' retrieved from /opt/airflow/dags/lotuss_1.py
[2025-01-09T14:41:52.314+0000] {logging_mixin.py:188} INFO - [2025-01-09T14:41:52.313+0000] {dag.py:3096} INFO - Sync 1 DAGs
[2025-01-09T14:41:52.334+0000] {logging_mixin.py:188} INFO - [2025-01-09T14:41:52.333+0000] {dag.py:3954} INFO - Setting next_dagrun for lotuss_1 to None, run_after=None
[2025-01-09T14:41:52.366+0000] {processor.py:183} INFO - Processing /opt/airflow/dags/lotuss_1.py took 0.591 seconds
[2025-01-09T14:42:23.180+0000] {processor.py:161} INFO - Started process (PID=11364) to work on /opt/airflow/dags/lotuss_1.py
[2025-01-09T14:42:23.182+0000] {processor.py:830} INFO - Processing file /opt/airflow/dags/lotuss_1.py for tasks to queue
[2025-01-09T14:42:23.184+0000] {logging_mixin.py:188} INFO - [2025-01-09T14:42:23.184+0000] {dagbag.py:540} INFO - Filling up the DagBag from /opt/airflow/dags/lotuss_1.py
[2025-01-09T14:42:23.543+0000] {processor.py:840} INFO - DAG(s) 'lotuss_1' retrieved from /opt/airflow/dags/lotuss_1.py
[2025-01-09T14:42:23.588+0000] {logging_mixin.py:188} INFO - [2025-01-09T14:42:23.588+0000] {dag.py:3096} INFO - Sync 1 DAGs
[2025-01-09T14:42:23.607+0000] {logging_mixin.py:188} INFO - [2025-01-09T14:42:23.607+0000] {dag.py:3954} INFO - Setting next_dagrun for lotuss_1 to None, run_after=None
[2025-01-09T14:42:23.634+0000] {processor.py:183} INFO - Processing /opt/airflow/dags/lotuss_1.py took 0.465 seconds
[2025-01-09T14:42:54.073+0000] {processor.py:161} INFO - Started process (PID=12297) to work on /opt/airflow/dags/lotuss_1.py
[2025-01-09T14:42:54.075+0000] {processor.py:830} INFO - Processing file /opt/airflow/dags/lotuss_1.py for tasks to queue
[2025-01-09T14:42:54.077+0000] {logging_mixin.py:188} INFO - [2025-01-09T14:42:54.077+0000] {dagbag.py:540} INFO - Filling up the DagBag from /opt/airflow/dags/lotuss_1.py
[2025-01-09T14:42:54.371+0000] {processor.py:840} INFO - DAG(s) 'lotuss_1' retrieved from /opt/airflow/dags/lotuss_1.py
[2025-01-09T14:42:54.419+0000] {logging_mixin.py:188} INFO - [2025-01-09T14:42:54.419+0000] {dag.py:3096} INFO - Sync 1 DAGs
[2025-01-09T14:42:54.437+0000] {logging_mixin.py:188} INFO - [2025-01-09T14:42:54.437+0000] {dag.py:3954} INFO - Setting next_dagrun for lotuss_1 to None, run_after=None
[2025-01-09T14:42:54.469+0000] {processor.py:183} INFO - Processing /opt/airflow/dags/lotuss_1.py took 0.408 seconds
[2025-01-09T14:43:24.562+0000] {processor.py:161} INFO - Started process (PID=12389) to work on /opt/airflow/dags/lotuss_1.py
[2025-01-09T14:43:24.564+0000] {processor.py:830} INFO - Processing file /opt/airflow/dags/lotuss_1.py for tasks to queue
[2025-01-09T14:43:24.569+0000] {logging_mixin.py:188} INFO - [2025-01-09T14:43:24.568+0000] {dagbag.py:540} INFO - Filling up the DagBag from /opt/airflow/dags/lotuss_1.py
[2025-01-09T14:43:24.932+0000] {processor.py:840} INFO - DAG(s) 'lotuss_1' retrieved from /opt/airflow/dags/lotuss_1.py
[2025-01-09T14:43:25.194+0000] {logging_mixin.py:188} INFO - [2025-01-09T14:43:25.193+0000] {dag.py:3096} INFO - Sync 1 DAGs
[2025-01-09T14:43:25.216+0000] {logging_mixin.py:188} INFO - [2025-01-09T14:43:25.215+0000] {dag.py:3954} INFO - Setting next_dagrun for lotuss_1 to None, run_after=None
[2025-01-09T14:43:25.251+0000] {processor.py:183} INFO - Processing /opt/airflow/dags/lotuss_1.py took 0.703 seconds
[2025-01-09T14:43:56.113+0000] {processor.py:161} INFO - Started process (PID=12491) to work on /opt/airflow/dags/lotuss_1.py
[2025-01-09T14:43:56.114+0000] {processor.py:830} INFO - Processing file /opt/airflow/dags/lotuss_1.py for tasks to queue
[2025-01-09T14:43:56.116+0000] {logging_mixin.py:188} INFO - [2025-01-09T14:43:56.116+0000] {dagbag.py:540} INFO - Filling up the DagBag from /opt/airflow/dags/lotuss_1.py
[2025-01-09T14:43:56.480+0000] {processor.py:840} INFO - DAG(s) 'lotuss_1' retrieved from /opt/airflow/dags/lotuss_1.py
[2025-01-09T14:43:56.743+0000] {logging_mixin.py:188} INFO - [2025-01-09T14:43:56.743+0000] {dag.py:3096} INFO - Sync 1 DAGs
[2025-01-09T14:43:56.764+0000] {logging_mixin.py:188} INFO - [2025-01-09T14:43:56.764+0000] {dag.py:3954} INFO - Setting next_dagrun for lotuss_1 to None, run_after=None
[2025-01-09T14:43:56.801+0000] {processor.py:183} INFO - Processing /opt/airflow/dags/lotuss_1.py took 0.702 seconds
[2025-01-09T14:44:08.432+0000] {processor.py:161} INFO - Started process (PID=12530) to work on /opt/airflow/dags/lotuss_1.py
[2025-01-09T14:44:08.434+0000] {processor.py:830} INFO - Processing file /opt/airflow/dags/lotuss_1.py for tasks to queue
[2025-01-09T14:44:08.436+0000] {logging_mixin.py:188} INFO - [2025-01-09T14:44:08.435+0000] {dagbag.py:540} INFO - Filling up the DagBag from /opt/airflow/dags/lotuss_1.py
[2025-01-09T14:44:08.698+0000] {processor.py:840} INFO - DAG(s) 'lotuss_1' retrieved from /opt/airflow/dags/lotuss_1.py
[2025-01-09T14:44:08.745+0000] {logging_mixin.py:188} INFO - [2025-01-09T14:44:08.744+0000] {dag.py:3096} INFO - Sync 1 DAGs
[2025-01-09T14:44:08.933+0000] {logging_mixin.py:188} INFO - [2025-01-09T14:44:08.933+0000] {dag.py:3954} INFO - Setting next_dagrun for lotuss_1 to None, run_after=None
[2025-01-09T14:44:08.965+0000] {processor.py:183} INFO - Processing /opt/airflow/dags/lotuss_1.py took 0.544 seconds
[2025-01-09T14:44:39.889+0000] {processor.py:161} INFO - Started process (PID=12627) to work on /opt/airflow/dags/lotuss_1.py
[2025-01-09T14:44:39.899+0000] {processor.py:830} INFO - Processing file /opt/airflow/dags/lotuss_1.py for tasks to queue
[2025-01-09T14:44:39.901+0000] {logging_mixin.py:188} INFO - [2025-01-09T14:44:39.901+0000] {dagbag.py:540} INFO - Filling up the DagBag from /opt/airflow/dags/lotuss_1.py
[2025-01-09T14:44:40.453+0000] {processor.py:840} INFO - DAG(s) 'lotuss_1' retrieved from /opt/airflow/dags/lotuss_1.py
[2025-01-09T14:44:40.495+0000] {logging_mixin.py:188} INFO - [2025-01-09T14:44:40.495+0000] {dag.py:3096} INFO - Sync 1 DAGs
[2025-01-09T14:44:40.511+0000] {logging_mixin.py:188} INFO - [2025-01-09T14:44:40.510+0000] {dag.py:3954} INFO - Setting next_dagrun for lotuss_1 to None, run_after=None
[2025-01-09T14:44:40.544+0000] {processor.py:183} INFO - Processing /opt/airflow/dags/lotuss_1.py took 0.667 seconds
[2025-01-09T14:45:10.661+0000] {processor.py:161} INFO - Started process (PID=13325) to work on /opt/airflow/dags/lotuss_1.py
[2025-01-09T14:45:10.662+0000] {processor.py:830} INFO - Processing file /opt/airflow/dags/lotuss_1.py for tasks to queue
[2025-01-09T14:45:10.664+0000] {logging_mixin.py:188} INFO - [2025-01-09T14:45:10.663+0000] {dagbag.py:540} INFO - Filling up the DagBag from /opt/airflow/dags/lotuss_1.py
[2025-01-09T14:45:11.018+0000] {processor.py:840} INFO - DAG(s) 'lotuss_1' retrieved from /opt/airflow/dags/lotuss_1.py
[2025-01-09T14:45:11.048+0000] {logging_mixin.py:188} INFO - [2025-01-09T14:45:11.048+0000] {dag.py:3096} INFO - Sync 1 DAGs
[2025-01-09T14:45:11.059+0000] {logging_mixin.py:188} INFO - [2025-01-09T14:45:11.059+0000] {dag.py:3954} INFO - Setting next_dagrun for lotuss_1 to None, run_after=None
[2025-01-09T14:45:11.087+0000] {processor.py:183} INFO - Processing /opt/airflow/dags/lotuss_1.py took 0.434 seconds
[2025-01-09T14:45:41.141+0000] {processor.py:161} INFO - Started process (PID=13746) to work on /opt/airflow/dags/lotuss_1.py
[2025-01-09T14:45:41.151+0000] {processor.py:830} INFO - Processing file /opt/airflow/dags/lotuss_1.py for tasks to queue
[2025-01-09T14:45:41.159+0000] {logging_mixin.py:188} INFO - [2025-01-09T14:45:41.157+0000] {dagbag.py:540} INFO - Filling up the DagBag from /opt/airflow/dags/lotuss_1.py
[2025-01-09T14:45:41.530+0000] {processor.py:840} INFO - DAG(s) 'lotuss_1' retrieved from /opt/airflow/dags/lotuss_1.py
[2025-01-09T14:45:41.561+0000] {logging_mixin.py:188} INFO - [2025-01-09T14:45:41.560+0000] {dag.py:3096} INFO - Sync 1 DAGs
[2025-01-09T14:45:41.572+0000] {logging_mixin.py:188} INFO - [2025-01-09T14:45:41.572+0000] {dag.py:3954} INFO - Setting next_dagrun for lotuss_1 to None, run_after=None
[2025-01-09T14:45:41.597+0000] {processor.py:183} INFO - Processing /opt/airflow/dags/lotuss_1.py took 0.465 seconds
[2025-01-09T14:46:12.078+0000] {processor.py:161} INFO - Started process (PID=14031) to work on /opt/airflow/dags/lotuss_1.py
[2025-01-09T14:46:12.079+0000] {processor.py:830} INFO - Processing file /opt/airflow/dags/lotuss_1.py for tasks to queue
[2025-01-09T14:46:12.081+0000] {logging_mixin.py:188} INFO - [2025-01-09T14:46:12.080+0000] {dagbag.py:540} INFO - Filling up the DagBag from /opt/airflow/dags/lotuss_1.py
[2025-01-09T14:46:12.427+0000] {processor.py:840} INFO - DAG(s) 'lotuss_1' retrieved from /opt/airflow/dags/lotuss_1.py
[2025-01-09T14:46:12.467+0000] {logging_mixin.py:188} INFO - [2025-01-09T14:46:12.467+0000] {dag.py:3096} INFO - Sync 1 DAGs
[2025-01-09T14:46:12.484+0000] {logging_mixin.py:188} INFO - [2025-01-09T14:46:12.484+0000] {dag.py:3954} INFO - Setting next_dagrun for lotuss_1 to None, run_after=None
[2025-01-09T14:46:12.513+0000] {processor.py:183} INFO - Processing /opt/airflow/dags/lotuss_1.py took 0.441 seconds
[2025-01-09T14:46:43.074+0000] {processor.py:161} INFO - Started process (PID=14402) to work on /opt/airflow/dags/lotuss_1.py
[2025-01-09T14:46:43.083+0000] {processor.py:830} INFO - Processing file /opt/airflow/dags/lotuss_1.py for tasks to queue
[2025-01-09T14:46:43.087+0000] {logging_mixin.py:188} INFO - [2025-01-09T14:46:43.086+0000] {dagbag.py:540} INFO - Filling up the DagBag from /opt/airflow/dags/lotuss_1.py
[2025-01-09T14:46:43.545+0000] {processor.py:840} INFO - DAG(s) 'lotuss_1' retrieved from /opt/airflow/dags/lotuss_1.py
[2025-01-09T14:46:43.594+0000] {logging_mixin.py:188} INFO - [2025-01-09T14:46:43.593+0000] {dag.py:3096} INFO - Sync 1 DAGs
[2025-01-09T14:46:43.612+0000] {logging_mixin.py:188} INFO - [2025-01-09T14:46:43.611+0000] {dag.py:3954} INFO - Setting next_dagrun for lotuss_1 to None, run_after=None
[2025-01-09T14:46:43.649+0000] {processor.py:183} INFO - Processing /opt/airflow/dags/lotuss_1.py took 0.584 seconds
[2025-01-09T14:47:08.793+0000] {processor.py:161} INFO - Started process (PID=14492) to work on /opt/airflow/dags/lotuss_1.py
[2025-01-09T14:47:08.794+0000] {processor.py:830} INFO - Processing file /opt/airflow/dags/lotuss_1.py for tasks to queue
[2025-01-09T14:47:08.797+0000] {logging_mixin.py:188} INFO - [2025-01-09T14:47:08.796+0000] {dagbag.py:540} INFO - Filling up the DagBag from /opt/airflow/dags/lotuss_1.py
[2025-01-09T14:47:09.049+0000] {processor.py:840} INFO - DAG(s) 'lotuss_1' retrieved from /opt/airflow/dags/lotuss_1.py
[2025-01-09T14:47:09.090+0000] {logging_mixin.py:188} INFO - [2025-01-09T14:47:09.090+0000] {dag.py:3096} INFO - Sync 1 DAGs
[2025-01-09T14:47:09.105+0000] {logging_mixin.py:188} INFO - [2025-01-09T14:47:09.105+0000] {dag.py:3954} INFO - Setting next_dagrun for lotuss_1 to None, run_after=None
[2025-01-09T14:47:09.142+0000] {processor.py:183} INFO - Processing /opt/airflow/dags/lotuss_1.py took 0.358 seconds
[2025-01-09T14:47:39.257+0000] {processor.py:161} INFO - Started process (PID=14596) to work on /opt/airflow/dags/lotuss_1.py
[2025-01-09T14:47:39.266+0000] {processor.py:830} INFO - Processing file /opt/airflow/dags/lotuss_1.py for tasks to queue
[2025-01-09T14:47:39.267+0000] {logging_mixin.py:188} INFO - [2025-01-09T14:47:39.267+0000] {dagbag.py:540} INFO - Filling up the DagBag from /opt/airflow/dags/lotuss_1.py
[2025-01-09T14:47:39.586+0000] {processor.py:840} INFO - DAG(s) 'lotuss_1' retrieved from /opt/airflow/dags/lotuss_1.py
[2025-01-09T14:47:39.664+0000] {logging_mixin.py:188} INFO - [2025-01-09T14:47:39.664+0000] {dag.py:3096} INFO - Sync 1 DAGs
[2025-01-09T14:47:39.692+0000] {logging_mixin.py:188} INFO - [2025-01-09T14:47:39.691+0000] {dag.py:3954} INFO - Setting next_dagrun for lotuss_1 to None, run_after=None
[2025-01-09T14:47:39.734+0000] {processor.py:183} INFO - Processing /opt/airflow/dags/lotuss_1.py took 0.487 seconds
[2025-01-09T14:48:10.527+0000] {processor.py:161} INFO - Started process (PID=14692) to work on /opt/airflow/dags/lotuss_1.py
[2025-01-09T14:48:10.528+0000] {processor.py:830} INFO - Processing file /opt/airflow/dags/lotuss_1.py for tasks to queue
[2025-01-09T14:48:10.532+0000] {logging_mixin.py:188} INFO - [2025-01-09T14:48:10.532+0000] {dagbag.py:540} INFO - Filling up the DagBag from /opt/airflow/dags/lotuss_1.py
[2025-01-09T14:48:10.772+0000] {processor.py:840} INFO - DAG(s) 'lotuss_1' retrieved from /opt/airflow/dags/lotuss_1.py
[2025-01-09T14:48:10.813+0000] {logging_mixin.py:188} INFO - [2025-01-09T14:48:10.813+0000] {dag.py:3096} INFO - Sync 1 DAGs
[2025-01-09T14:48:10.827+0000] {logging_mixin.py:188} INFO - [2025-01-09T14:48:10.827+0000] {dag.py:3954} INFO - Setting next_dagrun for lotuss_1 to None, run_after=None
[2025-01-09T14:48:10.859+0000] {processor.py:183} INFO - Processing /opt/airflow/dags/lotuss_1.py took 0.340 seconds
[2025-01-09T14:48:41.239+0000] {processor.py:161} INFO - Started process (PID=14789) to work on /opt/airflow/dags/lotuss_1.py
[2025-01-09T14:48:41.248+0000] {processor.py:830} INFO - Processing file /opt/airflow/dags/lotuss_1.py for tasks to queue
[2025-01-09T14:48:41.252+0000] {logging_mixin.py:188} INFO - [2025-01-09T14:48:41.251+0000] {dagbag.py:540} INFO - Filling up the DagBag from /opt/airflow/dags/lotuss_1.py
[2025-01-09T14:48:41.501+0000] {processor.py:840} INFO - DAG(s) 'lotuss_1' retrieved from /opt/airflow/dags/lotuss_1.py
[2025-01-09T14:48:41.541+0000] {logging_mixin.py:188} INFO - [2025-01-09T14:48:41.541+0000] {dag.py:3096} INFO - Sync 1 DAGs
[2025-01-09T14:48:41.562+0000] {logging_mixin.py:188} INFO - [2025-01-09T14:48:41.562+0000] {dag.py:3954} INFO - Setting next_dagrun for lotuss_1 to None, run_after=None
[2025-01-09T14:48:41.593+0000] {processor.py:183} INFO - Processing /opt/airflow/dags/lotuss_1.py took 0.364 seconds
[2025-01-09T14:49:12.132+0000] {processor.py:161} INFO - Started process (PID=14886) to work on /opt/airflow/dags/lotuss_1.py
[2025-01-09T14:49:12.141+0000] {processor.py:830} INFO - Processing file /opt/airflow/dags/lotuss_1.py for tasks to queue
[2025-01-09T14:49:12.142+0000] {logging_mixin.py:188} INFO - [2025-01-09T14:49:12.142+0000] {dagbag.py:540} INFO - Filling up the DagBag from /opt/airflow/dags/lotuss_1.py
[2025-01-09T14:49:12.377+0000] {processor.py:840} INFO - DAG(s) 'lotuss_1' retrieved from /opt/airflow/dags/lotuss_1.py
[2025-01-09T14:49:12.416+0000] {logging_mixin.py:188} INFO - [2025-01-09T14:49:12.416+0000] {dag.py:3096} INFO - Sync 1 DAGs
[2025-01-09T14:49:12.431+0000] {logging_mixin.py:188} INFO - [2025-01-09T14:49:12.431+0000] {dag.py:3954} INFO - Setting next_dagrun for lotuss_1 to None, run_after=None
[2025-01-09T14:49:12.455+0000] {processor.py:183} INFO - Processing /opt/airflow/dags/lotuss_1.py took 0.332 seconds
[2025-01-09T14:49:42.633+0000] {processor.py:161} INFO - Started process (PID=14983) to work on /opt/airflow/dags/lotuss_1.py
[2025-01-09T14:49:42.642+0000] {processor.py:830} INFO - Processing file /opt/airflow/dags/lotuss_1.py for tasks to queue
[2025-01-09T14:49:42.644+0000] {logging_mixin.py:188} INFO - [2025-01-09T14:49:42.644+0000] {dagbag.py:540} INFO - Filling up the DagBag from /opt/airflow/dags/lotuss_1.py
[2025-01-09T14:49:42.893+0000] {processor.py:840} INFO - DAG(s) 'lotuss_1' retrieved from /opt/airflow/dags/lotuss_1.py
[2025-01-09T14:49:42.932+0000] {logging_mixin.py:188} INFO - [2025-01-09T14:49:42.932+0000] {dag.py:3096} INFO - Sync 1 DAGs
[2025-01-09T14:49:42.947+0000] {logging_mixin.py:188} INFO - [2025-01-09T14:49:42.947+0000] {dag.py:3954} INFO - Setting next_dagrun for lotuss_1 to None, run_after=None
[2025-01-09T14:49:42.982+0000] {processor.py:183} INFO - Processing /opt/airflow/dags/lotuss_1.py took 0.366 seconds
[2025-01-09T14:50:13.310+0000] {processor.py:161} INFO - Started process (PID=15087) to work on /opt/airflow/dags/lotuss_1.py
[2025-01-09T14:50:13.320+0000] {processor.py:830} INFO - Processing file /opt/airflow/dags/lotuss_1.py for tasks to queue
[2025-01-09T14:50:13.322+0000] {logging_mixin.py:188} INFO - [2025-01-09T14:50:13.322+0000] {dagbag.py:540} INFO - Filling up the DagBag from /opt/airflow/dags/lotuss_1.py
[2025-01-09T14:50:13.606+0000] {processor.py:840} INFO - DAG(s) 'lotuss_1' retrieved from /opt/airflow/dags/lotuss_1.py
[2025-01-09T14:50:13.654+0000] {logging_mixin.py:188} INFO - [2025-01-09T14:50:13.654+0000] {dag.py:3096} INFO - Sync 1 DAGs
[2025-01-09T14:50:13.670+0000] {logging_mixin.py:188} INFO - [2025-01-09T14:50:13.670+0000] {dag.py:3954} INFO - Setting next_dagrun for lotuss_1 to None, run_after=None
[2025-01-09T14:50:13.696+0000] {processor.py:183} INFO - Processing /opt/airflow/dags/lotuss_1.py took 0.398 seconds
[2025-01-09T14:50:35.223+0000] {processor.py:161} INFO - Started process (PID=15125) to work on /opt/airflow/dags/lotuss_1.py
[2025-01-09T14:50:35.224+0000] {processor.py:830} INFO - Processing file /opt/airflow/dags/lotuss_1.py for tasks to queue
[2025-01-09T14:50:35.228+0000] {logging_mixin.py:188} INFO - [2025-01-09T14:50:35.227+0000] {dagbag.py:540} INFO - Filling up the DagBag from /opt/airflow/dags/lotuss_1.py
[2025-01-09T14:50:35.529+0000] {processor.py:840} INFO - DAG(s) 'lotuss_1' retrieved from /opt/airflow/dags/lotuss_1.py
[2025-01-09T14:50:35.574+0000] {logging_mixin.py:188} INFO - [2025-01-09T14:50:35.574+0000] {dag.py:3096} INFO - Sync 1 DAGs
[2025-01-09T14:50:35.592+0000] {logging_mixin.py:188} INFO - [2025-01-09T14:50:35.592+0000] {dag.py:3954} INFO - Setting next_dagrun for lotuss_1 to None, run_after=None
[2025-01-09T14:50:35.630+0000] {processor.py:183} INFO - Processing /opt/airflow/dags/lotuss_1.py took 0.416 seconds
[2025-01-09T14:51:05.668+0000] {processor.py:161} INFO - Started process (PID=16144) to work on /opt/airflow/dags/lotuss_1.py
[2025-01-09T14:51:05.669+0000] {processor.py:830} INFO - Processing file /opt/airflow/dags/lotuss_1.py for tasks to queue
[2025-01-09T14:51:05.671+0000] {logging_mixin.py:188} INFO - [2025-01-09T14:51:05.670+0000] {dagbag.py:540} INFO - Filling up the DagBag from /opt/airflow/dags/lotuss_1.py
[2025-01-09T14:51:05.872+0000] {processor.py:840} INFO - DAG(s) 'lotuss_1' retrieved from /opt/airflow/dags/lotuss_1.py
[2025-01-09T14:51:05.910+0000] {logging_mixin.py:188} INFO - [2025-01-09T14:51:05.910+0000] {dag.py:3096} INFO - Sync 1 DAGs
[2025-01-09T14:51:05.925+0000] {logging_mixin.py:188} INFO - [2025-01-09T14:51:05.925+0000] {dag.py:3954} INFO - Setting next_dagrun for lotuss_1 to None, run_after=None
[2025-01-09T14:51:05.942+0000] {processor.py:183} INFO - Processing /opt/airflow/dags/lotuss_1.py took 0.280 seconds
[2025-01-09T14:51:36.244+0000] {processor.py:161} INFO - Started process (PID=16285) to work on /opt/airflow/dags/lotuss_1.py
[2025-01-09T14:51:36.246+0000] {processor.py:830} INFO - Processing file /opt/airflow/dags/lotuss_1.py for tasks to queue
[2025-01-09T14:51:36.250+0000] {logging_mixin.py:188} INFO - [2025-01-09T14:51:36.249+0000] {dagbag.py:540} INFO - Filling up the DagBag from /opt/airflow/dags/lotuss_1.py
[2025-01-09T14:51:36.587+0000] {processor.py:840} INFO - DAG(s) 'lotuss_1' retrieved from /opt/airflow/dags/lotuss_1.py
[2025-01-09T14:51:36.623+0000] {logging_mixin.py:188} INFO - [2025-01-09T14:51:36.623+0000] {dag.py:3096} INFO - Sync 1 DAGs
[2025-01-09T14:51:36.638+0000] {logging_mixin.py:188} INFO - [2025-01-09T14:51:36.638+0000] {dag.py:3954} INFO - Setting next_dagrun for lotuss_1 to None, run_after=None
[2025-01-09T14:51:36.667+0000] {processor.py:183} INFO - Processing /opt/airflow/dags/lotuss_1.py took 0.437 seconds
[2025-01-09T14:52:00.965+0000] {processor.py:161} INFO - Started process (PID=16363) to work on /opt/airflow/dags/lotuss_1.py
[2025-01-09T14:52:00.966+0000] {processor.py:830} INFO - Processing file /opt/airflow/dags/lotuss_1.py for tasks to queue
[2025-01-09T14:52:00.968+0000] {logging_mixin.py:188} INFO - [2025-01-09T14:52:00.967+0000] {dagbag.py:540} INFO - Filling up the DagBag from /opt/airflow/dags/lotuss_1.py
[2025-01-09T14:52:01.233+0000] {processor.py:840} INFO - DAG(s) 'lotuss_1' retrieved from /opt/airflow/dags/lotuss_1.py
[2025-01-09T14:52:01.287+0000] {logging_mixin.py:188} INFO - [2025-01-09T14:52:01.287+0000] {dag.py:3096} INFO - Sync 1 DAGs
[2025-01-09T14:52:01.309+0000] {logging_mixin.py:188} INFO - [2025-01-09T14:52:01.308+0000] {dag.py:3954} INFO - Setting next_dagrun for lotuss_1 to None, run_after=None
[2025-01-09T14:52:01.350+0000] {processor.py:183} INFO - Processing /opt/airflow/dags/lotuss_1.py took 0.396 seconds
[2025-01-09T14:52:32.017+0000] {processor.py:161} INFO - Started process (PID=16462) to work on /opt/airflow/dags/lotuss_1.py
[2025-01-09T14:52:32.019+0000] {processor.py:830} INFO - Processing file /opt/airflow/dags/lotuss_1.py for tasks to queue
[2025-01-09T14:52:32.021+0000] {logging_mixin.py:188} INFO - [2025-01-09T14:52:32.021+0000] {dagbag.py:540} INFO - Filling up the DagBag from /opt/airflow/dags/lotuss_1.py
[2025-01-09T14:52:32.437+0000] {processor.py:840} INFO - DAG(s) 'lotuss_1' retrieved from /opt/airflow/dags/lotuss_1.py
[2025-01-09T14:52:32.631+0000] {logging_mixin.py:188} INFO - [2025-01-09T14:52:32.630+0000] {dag.py:3096} INFO - Sync 1 DAGs
[2025-01-09T14:52:32.674+0000] {logging_mixin.py:188} INFO - [2025-01-09T14:52:32.673+0000] {dag.py:3954} INFO - Setting next_dagrun for lotuss_1 to None, run_after=None
[2025-01-09T14:52:32.735+0000] {processor.py:183} INFO - Processing /opt/airflow/dags/lotuss_1.py took 0.732 seconds
[2025-01-09T14:53:02.849+0000] {processor.py:161} INFO - Started process (PID=17497) to work on /opt/airflow/dags/lotuss_1.py
[2025-01-09T14:53:02.858+0000] {processor.py:830} INFO - Processing file /opt/airflow/dags/lotuss_1.py for tasks to queue
[2025-01-09T14:53:02.859+0000] {logging_mixin.py:188} INFO - [2025-01-09T14:53:02.859+0000] {dagbag.py:540} INFO - Filling up the DagBag from /opt/airflow/dags/lotuss_1.py
[2025-01-09T14:53:03.089+0000] {processor.py:840} INFO - DAG(s) 'lotuss_1' retrieved from /opt/airflow/dags/lotuss_1.py
[2025-01-09T14:53:03.125+0000] {logging_mixin.py:188} INFO - [2025-01-09T14:53:03.125+0000] {dag.py:3096} INFO - Sync 1 DAGs
[2025-01-09T14:53:03.138+0000] {logging_mixin.py:188} INFO - [2025-01-09T14:53:03.138+0000] {dag.py:3954} INFO - Setting next_dagrun for lotuss_1 to None, run_after=None
[2025-01-09T14:53:03.163+0000] {processor.py:183} INFO - Processing /opt/airflow/dags/lotuss_1.py took 0.320 seconds
[2025-01-09T14:53:33.260+0000] {processor.py:161} INFO - Started process (PID=17616) to work on /opt/airflow/dags/lotuss_1.py
[2025-01-09T14:53:33.262+0000] {processor.py:830} INFO - Processing file /opt/airflow/dags/lotuss_1.py for tasks to queue
[2025-01-09T14:53:33.266+0000] {logging_mixin.py:188} INFO - [2025-01-09T14:53:33.265+0000] {dagbag.py:540} INFO - Filling up the DagBag from /opt/airflow/dags/lotuss_1.py
[2025-01-09T14:53:33.539+0000] {processor.py:840} INFO - DAG(s) 'lotuss_1' retrieved from /opt/airflow/dags/lotuss_1.py
[2025-01-09T14:53:33.573+0000] {logging_mixin.py:188} INFO - [2025-01-09T14:53:33.573+0000] {dag.py:3096} INFO - Sync 1 DAGs
[2025-01-09T14:53:33.591+0000] {logging_mixin.py:188} INFO - [2025-01-09T14:53:33.591+0000] {dag.py:3954} INFO - Setting next_dagrun for lotuss_1 to None, run_after=None
[2025-01-09T14:53:33.620+0000] {processor.py:183} INFO - Processing /opt/airflow/dags/lotuss_1.py took 0.381 seconds
[2025-01-09T14:54:03.856+0000] {processor.py:161} INFO - Started process (PID=18081) to work on /opt/airflow/dags/lotuss_1.py
[2025-01-09T14:54:03.865+0000] {processor.py:830} INFO - Processing file /opt/airflow/dags/lotuss_1.py for tasks to queue
[2025-01-09T14:54:03.867+0000] {logging_mixin.py:188} INFO - [2025-01-09T14:54:03.867+0000] {dagbag.py:540} INFO - Filling up the DagBag from /opt/airflow/dags/lotuss_1.py
[2025-01-09T14:54:04.253+0000] {processor.py:840} INFO - DAG(s) 'lotuss_1' retrieved from /opt/airflow/dags/lotuss_1.py
[2025-01-09T14:54:04.310+0000] {logging_mixin.py:188} INFO - [2025-01-09T14:54:04.310+0000] {dag.py:3096} INFO - Sync 1 DAGs
[2025-01-09T14:54:04.327+0000] {logging_mixin.py:188} INFO - [2025-01-09T14:54:04.327+0000] {dag.py:3954} INFO - Setting next_dagrun for lotuss_1 to None, run_after=None
[2025-01-09T14:54:04.362+0000] {processor.py:183} INFO - Processing /opt/airflow/dags/lotuss_1.py took 0.517 seconds
[2025-01-09T14:54:35.144+0000] {processor.py:161} INFO - Started process (PID=18178) to work on /opt/airflow/dags/lotuss_1.py
[2025-01-09T14:54:35.154+0000] {processor.py:830} INFO - Processing file /opt/airflow/dags/lotuss_1.py for tasks to queue
[2025-01-09T14:54:35.156+0000] {logging_mixin.py:188} INFO - [2025-01-09T14:54:35.156+0000] {dagbag.py:540} INFO - Filling up the DagBag from /opt/airflow/dags/lotuss_1.py
[2025-01-09T14:54:35.418+0000] {processor.py:840} INFO - DAG(s) 'lotuss_1' retrieved from /opt/airflow/dags/lotuss_1.py
[2025-01-09T14:54:35.459+0000] {logging_mixin.py:188} INFO - [2025-01-09T14:54:35.459+0000] {dag.py:3096} INFO - Sync 1 DAGs
[2025-01-09T14:54:35.477+0000] {logging_mixin.py:188} INFO - [2025-01-09T14:54:35.477+0000] {dag.py:3954} INFO - Setting next_dagrun for lotuss_1 to None, run_after=None
[2025-01-09T14:54:35.511+0000] {processor.py:183} INFO - Processing /opt/airflow/dags/lotuss_1.py took 0.380 seconds
[2025-01-09T14:55:06.101+0000] {processor.py:161} INFO - Started process (PID=18275) to work on /opt/airflow/dags/lotuss_1.py
[2025-01-09T14:55:06.111+0000] {processor.py:830} INFO - Processing file /opt/airflow/dags/lotuss_1.py for tasks to queue
[2025-01-09T14:55:06.113+0000] {logging_mixin.py:188} INFO - [2025-01-09T14:55:06.113+0000] {dagbag.py:540} INFO - Filling up the DagBag from /opt/airflow/dags/lotuss_1.py
[2025-01-09T14:55:06.356+0000] {processor.py:840} INFO - DAG(s) 'lotuss_1' retrieved from /opt/airflow/dags/lotuss_1.py
[2025-01-09T14:55:06.395+0000] {logging_mixin.py:188} INFO - [2025-01-09T14:55:06.395+0000] {dag.py:3096} INFO - Sync 1 DAGs
[2025-01-09T14:55:06.412+0000] {logging_mixin.py:188} INFO - [2025-01-09T14:55:06.412+0000] {dag.py:3954} INFO - Setting next_dagrun for lotuss_1 to None, run_after=None
[2025-01-09T14:55:06.444+0000] {processor.py:183} INFO - Processing /opt/airflow/dags/lotuss_1.py took 0.353 seconds
[2025-01-09T14:55:36.779+0000] {processor.py:161} INFO - Started process (PID=18372) to work on /opt/airflow/dags/lotuss_1.py
[2025-01-09T14:55:36.788+0000] {processor.py:830} INFO - Processing file /opt/airflow/dags/lotuss_1.py for tasks to queue
[2025-01-09T14:55:36.791+0000] {logging_mixin.py:188} INFO - [2025-01-09T14:55:36.790+0000] {dagbag.py:540} INFO - Filling up the DagBag from /opt/airflow/dags/lotuss_1.py
[2025-01-09T14:55:37.039+0000] {processor.py:840} INFO - DAG(s) 'lotuss_1' retrieved from /opt/airflow/dags/lotuss_1.py
[2025-01-09T14:55:37.075+0000] {logging_mixin.py:188} INFO - [2025-01-09T14:55:37.075+0000] {dag.py:3096} INFO - Sync 1 DAGs
[2025-01-09T14:55:37.089+0000] {logging_mixin.py:188} INFO - [2025-01-09T14:55:37.089+0000] {dag.py:3954} INFO - Setting next_dagrun for lotuss_1 to None, run_after=None
[2025-01-09T14:55:37.121+0000] {processor.py:183} INFO - Processing /opt/airflow/dags/lotuss_1.py took 0.354 seconds
[2025-01-09T14:56:07.592+0000] {processor.py:161} INFO - Started process (PID=18469) to work on /opt/airflow/dags/lotuss_1.py
[2025-01-09T14:56:07.597+0000] {processor.py:830} INFO - Processing file /opt/airflow/dags/lotuss_1.py for tasks to queue
[2025-01-09T14:56:07.604+0000] {logging_mixin.py:188} INFO - [2025-01-09T14:56:07.603+0000] {dagbag.py:540} INFO - Filling up the DagBag from /opt/airflow/dags/lotuss_1.py
[2025-01-09T14:56:08.015+0000] {processor.py:840} INFO - DAG(s) 'lotuss_1' retrieved from /opt/airflow/dags/lotuss_1.py
[2025-01-09T14:56:08.058+0000] {logging_mixin.py:188} INFO - [2025-01-09T14:56:08.057+0000] {dag.py:3096} INFO - Sync 1 DAGs
[2025-01-09T14:56:08.071+0000] {logging_mixin.py:188} INFO - [2025-01-09T14:56:08.071+0000] {dag.py:3954} INFO - Setting next_dagrun for lotuss_1 to None, run_after=None
[2025-01-09T14:56:08.112+0000] {processor.py:183} INFO - Processing /opt/airflow/dags/lotuss_1.py took 0.535 seconds
