[2025-02-19T02:25:59.758+0000] {local_task_job_runner.py:120} INFO - ::group::Pre task execution logs
[2025-02-19T02:25:59.848+0000] {taskinstance.py:2073} INFO - Dependencies all met for dep_context=non-requeueable deps ti=<TaskInstance: BigC_1.scrape_vegetable manual__2025-02-19T02:25:52.478866+00:00 [queued]>
[2025-02-19T02:25:59.875+0000] {taskinstance.py:2073} INFO - Dependencies all met for dep_context=requeueable deps ti=<TaskInstance: BigC_1.scrape_vegetable manual__2025-02-19T02:25:52.478866+00:00 [queued]>
[2025-02-19T02:25:59.877+0000] {taskinstance.py:2303} INFO - Starting attempt 1 of 1
[2025-02-19T02:25:59.919+0000] {taskinstance.py:2327} INFO - Executing <Task(PythonOperator): scrape_vegetable> on 2025-02-19 02:25:52.478866+00:00
[2025-02-19T02:25:59.934+0000] {standard_task_runner.py:63} INFO - Started process 1119 to run task
[2025-02-19T02:25:59.940+0000] {standard_task_runner.py:90} INFO - Running: ['***', 'tasks', 'run', 'BigC_1', 'scrape_vegetable', 'manual__2025-02-19T02:25:52.478866+00:00', '--job-id', '6', '--raw', '--subdir', 'DAGS_FOLDER/bigC_1.py', '--cfg-path', '/tmp/tmpf5leltt6']
[2025-02-19T02:25:59.946+0000] {standard_task_runner.py:91} INFO - Job 6: Subtask scrape_vegetable
[2025-02-19T02:26:00.075+0000] {task_command.py:426} INFO - Running <TaskInstance: BigC_1.scrape_vegetable manual__2025-02-19T02:25:52.478866+00:00 [running]> on host d66466d4e499
[2025-02-19T02:26:00.365+0000] {taskinstance.py:2644} INFO - Exporting env vars: AIRFLOW_CTX_DAG_OWNER='norasit.k' AIRFLOW_CTX_DAG_ID='BigC_1' AIRFLOW_CTX_TASK_ID='scrape_vegetable' AIRFLOW_CTX_EXECUTION_DATE='2025-02-19T02:25:52.478866+00:00' AIRFLOW_CTX_TRY_NUMBER='1' AIRFLOW_CTX_DAG_RUN_ID='manual__2025-02-19T02:25:52.478866+00:00'
[2025-02-19T02:26:00.370+0000] {taskinstance.py:430} INFO - ::endgroup::
[2025-02-19T02:26:00.431+0000] {logging_mixin.py:188} WARNING - /home/***/.local/lib/python3.9/site-packages/***/utils/context.py:320 AirflowContextDeprecationWarning: Accessing 'execution_date' from the template is deprecated and will be removed in a future version. Please use 'data_interval_start' or 'logical_date' instead.
[2025-02-19T02:26:03.597+0000] {logging_mixin.py:188} INFO - 30
[2025-02-19T02:26:03.599+0000] {logging_mixin.py:188} INFO - Scraped page 1, found 30 products.
[2025-02-19T02:26:04.946+0000] {logging_mixin.py:188} INFO - 30
[2025-02-19T02:26:04.948+0000] {logging_mixin.py:188} INFO - Scraped page 2, found 30 products.
[2025-02-19T02:26:06.756+0000] {logging_mixin.py:188} INFO - 30
[2025-02-19T02:26:06.758+0000] {logging_mixin.py:188} INFO - Scraped page 3, found 30 products.
[2025-02-19T02:26:08.897+0000] {logging_mixin.py:188} INFO - 30
[2025-02-19T02:26:08.898+0000] {logging_mixin.py:188} INFO - Scraped page 4, found 30 products.
[2025-02-19T02:26:11.159+0000] {logging_mixin.py:188} INFO - 30
[2025-02-19T02:26:11.160+0000] {logging_mixin.py:188} INFO - Scraped page 5, found 30 products.
[2025-02-19T02:26:12.704+0000] {logging_mixin.py:188} INFO - 30
[2025-02-19T02:26:12.706+0000] {logging_mixin.py:188} INFO - Scraped page 6, found 30 products.
[2025-02-19T02:26:13.775+0000] {logging_mixin.py:188} INFO - 30
[2025-02-19T02:26:13.777+0000] {logging_mixin.py:188} INFO - Scraped page 7, found 30 products.
[2025-02-19T02:26:14.915+0000] {logging_mixin.py:188} INFO - 30
[2025-02-19T02:26:14.916+0000] {logging_mixin.py:188} INFO - Scraped page 8, found 30 products.
[2025-02-19T02:26:16.311+0000] {logging_mixin.py:188} INFO - 30
[2025-02-19T02:26:16.312+0000] {logging_mixin.py:188} INFO - Scraped page 9, found 30 products.
[2025-02-19T02:26:17.797+0000] {logging_mixin.py:188} INFO - 30
[2025-02-19T02:26:17.800+0000] {logging_mixin.py:188} INFO - Scraped page 10, found 30 products.
[2025-02-19T02:26:19.017+0000] {logging_mixin.py:188} INFO - 12
[2025-02-19T02:26:19.019+0000] {logging_mixin.py:188} INFO - Scraped page 11, found 12 products.
[2025-02-19T02:26:22.467+0000] {logging_mixin.py:188} INFO - 0
[2025-02-19T02:26:22.468+0000] {logging_mixin.py:188} INFO - No products found on page 12. Stopping scrape.
[2025-02-19T02:26:22.485+0000] {logging_mixin.py:188} INFO - Data saved to /opt/***/dags/raw_files/bigC_vegetable_2025_02_19.json
[2025-02-19T02:26:22.489+0000] {python.py:237} INFO - Done. Returned value was: {'filepath': '/opt/***/dags/raw_files/bigC_vegetable_2025_02_19.json', 'page_count': 11, 'product_count': 312}
[2025-02-19T02:26:22.490+0000] {taskinstance.py:441} INFO - ::group::Post task execution logs
[2025-02-19T02:26:22.534+0000] {taskinstance.py:1205} INFO - Marking task as SUCCESS. dag_id=BigC_1, task_id=scrape_vegetable, execution_date=20250219T022552, start_date=20250219T022559, end_date=20250219T022622
[2025-02-19T02:26:22.624+0000] {local_task_job_runner.py:240} INFO - Task exited with return code 0
[2025-02-19T02:26:22.677+0000] {taskinstance.py:3482} INFO - 1 downstream tasks scheduled from follow-on schedule check
[2025-02-19T02:26:22.681+0000] {local_task_job_runner.py:222} INFO - ::endgroup::
