[2025-02-20T06:12:49.292+0000] {local_task_job_runner.py:120} INFO - ::group::Pre task execution logs
[2025-02-20T06:12:49.358+0000] {taskinstance.py:2073} INFO - Dependencies all met for dep_context=non-requeueable deps ti=<TaskInstance: real_estate_scraper.scrape_real_estate_data manual__2025-02-20T06:12:47.580606+00:00 [queued]>
[2025-02-20T06:12:49.382+0000] {taskinstance.py:2073} INFO - Dependencies all met for dep_context=requeueable deps ti=<TaskInstance: real_estate_scraper.scrape_real_estate_data manual__2025-02-20T06:12:47.580606+00:00 [queued]>
[2025-02-20T06:12:49.384+0000] {taskinstance.py:2303} INFO - Starting attempt 1 of 2
[2025-02-20T06:12:49.627+0000] {taskinstance.py:2327} INFO - Executing <Task(PythonOperator): scrape_real_estate_data> on 2025-02-20 06:12:47.580606+00:00
[2025-02-20T06:12:49.637+0000] {standard_task_runner.py:63} INFO - Started process 213 to run task
[2025-02-20T06:12:49.643+0000] {standard_task_runner.py:90} INFO - Running: ['***', 'tasks', 'run', 'real_estate_scraper', 'scrape_real_estate_data', 'manual__2025-02-20T06:12:47.580606+00:00', '--job-id', '20', '--raw', '--subdir', 'DAGS_FOLDER/scrape_push.py', '--cfg-path', '/tmp/tmpmwij4uq2']
[2025-02-20T06:12:49.648+0000] {standard_task_runner.py:91} INFO - Job 20: Subtask scrape_real_estate_data
[2025-02-20T06:12:49.742+0000] {task_command.py:426} INFO - Running <TaskInstance: real_estate_scraper.scrape_real_estate_data manual__2025-02-20T06:12:47.580606+00:00 [running]> on host 9ed406e2e34d
[2025-02-20T06:12:49.918+0000] {taskinstance.py:2644} INFO - Exporting env vars: AIRFLOW_CTX_DAG_OWNER='***' AIRFLOW_CTX_DAG_ID='real_estate_scraper' AIRFLOW_CTX_TASK_ID='scrape_real_estate_data' AIRFLOW_CTX_EXECUTION_DATE='2025-02-20T06:12:47.580606+00:00' AIRFLOW_CTX_TRY_NUMBER='1' AIRFLOW_CTX_DAG_RUN_ID='manual__2025-02-20T06:12:47.580606+00:00'
[2025-02-20T06:12:49.923+0000] {taskinstance.py:430} INFO - ::endgroup::
[2025-02-20T06:12:49.955+0000] {logger.py:11} INFO - ====== WebDriver manager ======
[2025-02-20T06:12:50.361+0000] {logger.py:11} INFO - Get LATEST chromedriver version for google-chrome
[2025-02-20T06:12:50.562+0000] {logger.py:11} INFO - Get LATEST chromedriver version for google-chrome
[2025-02-20T06:12:50.741+0000] {logger.py:11} INFO - Driver [/home/***/.wdm/drivers/chromedriver/linux64/133.0.6943.126/chromedriver-linux64/chromedriver] found in cache
[2025-02-20T06:13:24.173+0000] {python.py:237} INFO - Done. Returned value was: None
[2025-02-20T06:13:24.176+0000] {taskinstance.py:441} INFO - ::group::Post task execution logs
[2025-02-20T06:13:24.201+0000] {taskinstance.py:1205} INFO - Marking task as SUCCESS. dag_id=real_estate_scraper, task_id=scrape_real_estate_data, execution_date=20250220T061247, start_date=20250220T061249, end_date=20250220T061324
[2025-02-20T06:13:24.263+0000] {local_task_job_runner.py:240} INFO - Task exited with return code 0
[2025-02-20T06:13:24.303+0000] {taskinstance.py:3482} INFO - 1 downstream tasks scheduled from follow-on schedule check
[2025-02-20T06:13:24.308+0000] {local_task_job_runner.py:222} INFO - ::endgroup::
